Log file open, 06/24/19 17:45:26
LogWindows: Failed to load 'aqProf.dll' (GetLastError=126)
LogWindows: File 'aqProf.dll' does not exist
LogWindows: Failed to load 'VtuneApi.dll' (GetLastError=126)
LogWindows: File 'VtuneApi.dll' does not exist
LogWindows: Failed to load 'VtuneApi32e.dll' (GetLastError=126)
LogWindows: File 'VtuneApi32e.dll' does not exist
LogConsoleResponse: Display: Failed to find resolution value strings in scalability ini. Falling back to default.
LogInit: Display: Running engine for game: FarmDefense
LogPakFile: Registered encryption key '00000000000000000000000000000000': 0 pak files mounted, 0 remain pending
LogPlatformFile: Not using cached read wrapper
LogTaskGraph: Started task graph with 5 named threads and 23 total threads with 3 sets of task threads.
LogStats: Stats thread started at 0.299407
LogD3D11RHI: Loaded GFSDK_Aftermath_Lib.x64.dll
LogICUInternationalization: ICU TimeZone Detection - Raw Offset: +9:30, Platform Override: ''
LogPluginManager: Mounting plugin Paper2D
LogPluginManager: Mounting plugin AISupport
LogPluginManager: Mounting plugin LightPropagationVolume
LogPluginManager: Mounting plugin ActorLayerUtilities
LogPluginManager: Mounting plugin AnimationSharing
LogPluginManager: Mounting plugin CLionSourceCodeAccess
LogPluginManager: Mounting plugin CodeLiteSourceCodeAccess
LogPluginManager: Mounting plugin GitSourceControl
LogPluginManager: Mounting plugin KDevelopSourceCodeAccess
LogPluginManager: Mounting plugin NullSourceCodeAccess
LogPluginManager: Mounting plugin PerforceSourceControl
LogPluginManager: Mounting plugin SubversionSourceControl
LogPluginManager: Mounting plugin UObjectPlugin
LogPluginManager: Mounting plugin VisualStudioCodeSourceCodeAccess
LogPluginManager: Mounting plugin VisualStudioSourceCodeAccess
LogPluginManager: Mounting plugin XCodeSourceCodeAccess
LogPluginManager: Mounting plugin AssetManagerEditor
LogPluginManager: Mounting plugin CryptoKeys
LogPluginManager: Mounting plugin DataValidation
LogPluginManager: Mounting plugin FacialAnimation
LogPluginManager: Mounting plugin GameplayTagsEditor
LogPluginManager: Mounting plugin MacGraphicsSwitching
LogPluginManager: Mounting plugin MaterialAnalyzer
LogPluginManager: Mounting plugin MobileLauncherProfileWizard
LogPluginManager: Mounting plugin PluginBrowser
LogPluginManager: Mounting plugin SpeedTreeImporter
LogPluginManager: Mounting plugin DatasmithContent
LogPluginManager: Mounting plugin VariantManagerContent
LogPluginManager: Mounting plugin AlembicImporter
LogPluginManager: Mounting plugin AppleImageUtils
LogPluginManager: Mounting plugin AppleVision
LogPluginManager: Mounting plugin BackChannel
LogPluginManager: Mounting plugin CharacterAI
LogPluginManager: Mounting plugin GeometryCache
LogPluginManager: Mounting plugin HTML5Networking
LogPluginManager: Mounting plugin ProxyLODPlugin
LogPluginManager: Mounting plugin SkeletalReduction
LogPluginManager: Mounting plugin MagicLeap
LogPluginManager: Mounting plugin MagicLeapMedia
LogPluginManager: Mounting plugin AndroidMedia
LogPluginManager: Mounting plugin AvfMedia
LogPluginManager: Mounting plugin ImgMedia
LogPluginManager: Mounting plugin LinearTimecode
LogPluginManager: Mounting plugin MediaCompositing
LogPluginManager: Mounting plugin MediaPlayerEditor
LogPluginManager: Mounting plugin WebMMedia
LogPluginManager: Mounting plugin WmfMedia
LogPluginManager: Mounting plugin TcpMessaging
LogPluginManager: Mounting plugin UdpMessaging
LogPluginManager: Mounting plugin ActorSequence
LogPluginManager: Mounting plugin LevelSequenceEditor
LogPluginManager: Mounting plugin MatineeToLevelSequence
LogPluginManager: Mounting plugin NetcodeUnitTest
LogPluginManager: Mounting plugin NUTUnrealEngine4
LogPluginManager: Mounting plugin OnlineSubsystemGooglePlay
LogPluginManager: Mounting plugin OnlineSubsystemIOS
LogPluginManager: Mounting plugin OnlineSubsystem
LogPluginManager: Mounting plugin OnlineSubsystemNull
LogPluginManager: Mounting plugin OnlineSubsystemUtils
LogPluginManager: Mounting plugin LauncherChunkInstaller
LogPluginManager: Mounting plugin AndroidDeviceProfileSelector
LogPluginManager: Mounting plugin AndroidMoviePlayer
LogPluginManager: Mounting plugin AndroidPermission
LogPluginManager: Mounting plugin AppleMoviePlayer
LogPluginManager: Mounting plugin ArchVisCharacter
LogPluginManager: Mounting plugin AudioCapture
LogPluginManager: Mounting plugin CableComponent
LogPluginManager: Mounting plugin CustomMeshComponent
LogPluginManager: Mounting plugin EditableMesh
LogPluginManager: Mounting plugin ExampleDeviceProfileSelector
LogPluginManager: Mounting plugin Firebase
LogPluginManager: Mounting plugin GoogleCloudMessaging
LogPluginManager: Mounting plugin IOSDeviceProfileSelector
LogPluginManager: Mounting plugin LinuxDeviceProfileSelector
LogPluginManager: Mounting plugin LocationServicesBPLibrary
LogPluginManager: Mounting plugin MobilePatchingUtils
LogPluginManager: Mounting plugin OculusVR
LogPluginManager: Mounting plugin PhysXVehicles
LogPluginManager: Mounting plugin ProceduralMeshComponent
LogPluginManager: Mounting plugin RuntimePhysXCooking
LogPluginManager: Mounting plugin SignificanceManager
LogPluginManager: Mounting plugin SteamVR
LogPluginManager: Mounting plugin WebMMoviePlayer
LogPluginManager: Mounting plugin WindowsMoviePlayer
LogInit: Using libcurl 7.55.1-DEV
LogInit:  - built for x86_64-pc-win32
LogInit:  - supports SSL with OpenSSL/1.1.1
LogInit:  - supports HTTP deflate (compression) using libz 1.2.8
LogInit:  - other features:
LogInit:      CURL_VERSION_SSL
LogInit:      CURL_VERSION_LIBZ
LogInit:      CURL_VERSION_IPV6
LogInit:      CURL_VERSION_ASYNCHDNS
LogInit:      CURL_VERSION_LARGEFILE
LogInit:      CURL_VERSION_IDN
LogInit:  CurlRequestOptions (configurable via config and command line):
LogInit:  - bVerifyPeer = true  - Libcurl will verify peer certificate
LogInit:  - bUseHttpProxy = false  - Libcurl will NOT use HTTP proxy
LogInit:  - bDontReuseConnections = false  - Libcurl will reuse connections
LogInit:  - MaxHostConnections = 16  - Libcurl will limit the number of connections to a host
LogInit:  - LocalHostAddr = Default
LogInit:  - BufferSize = 65536
LogInit: WinSock: version 1.1 (2.2), MaxSocks=32767, MaxUdp=65467
LogInit: Build: ++UE4+Release-4.22-CL-7053642
LogInit: Engine Version: 4.22.3-7053642+++UE4+Release-4.22
LogInit: Compatible Engine Version: 4.22.0-5660361+++UE4+Release-4.22
LogInit: Net CL: 5660361
LogInit: OS: Windows 10 (Release 1803) (), CPU: Intel(R) Core(TM) i7-6700HQ CPU @ 2.60GHz, GPU: Intel(R) HD Graphics 530
LogInit: Compiled (64-bit): Jun 18 2019 03:09:11
LogInit: Compiled with Visual C++: 19.16.27025.01
LogInit: Build Configuration: Development
LogInit: Branch Name: ++UE4+Release-4.22
LogInit: Command Line:  -EpicPortal -epicusername=Crayonkid -epicuserid=e21bf2814ea54dde9759fb788e632bc1 -epiclocale=en-US
LogInit: Base Directory: D:/Unreal engine/UE_4.22/Engine/Binaries/Win64/
LogInit: Installed Engine Build: 1
LogDevObjectVersion: Number of dev versions registered: 23
LogDevObjectVersion:   Dev-Blueprints (B0D832E4-1F89-4F0D-ACCF-7EB736FD4AA2): 10
LogDevObjectVersion:   Dev-Build (E1C64328-A22C-4D53-A36C-8E866417BD8C): 0
LogDevObjectVersion:   Dev-Core (375EC13C-06E4-48FB-B500-84F0262A717E): 3
LogDevObjectVersion:   Dev-Editor (E4B068ED-F494-42E9-A231-DA0B2E46BB41): 30
LogDevObjectVersion:   Dev-Framework (CFFC743F-43B0-4480-9391-14DF171D2073): 35
LogDevObjectVersion:   Dev-Mobile (B02B49B5-BB20-44E9-A304-32B752E40360): 2
LogDevObjectVersion:   Dev-Networking (A4E4105C-59A1-49B5-A7C5-40C4547EDFEE): 0
LogDevObjectVersion:   Dev-Online (39C831C9-5AE6-47DC-9A44-9C173E1C8E7C): 0
LogDevObjectVersion:   Dev-Physics (78F01B33-EBEA-4F98-B9B4-84EACCB95AA2): 0
LogDevObjectVersion:   Dev-Platform (6631380F-2D4D-43E0-8009-CF276956A95A): 0
LogDevObjectVersion:   Dev-Rendering (12F88B9F-8875-4AFC-A67C-D90C383ABD29): 28
LogDevObjectVersion:   Dev-Sequencer (7B5AE74C-D270-4C10-A958-57980B212A5A): 11
LogDevObjectVersion:   Dev-VR (D7296918-1DD6-4BDD-9DE2-64A83CC13884): 2
LogDevObjectVersion:   Dev-LoadTimes (C2A15278-BFE7-4AFE-6C17-90FF531DF755): 1
LogDevObjectVersion:   Private-Geometry (6EACA3D4-40EC-4CC1-B786-8BED09428FC5): 3
LogDevObjectVersion:   Dev-AnimPhys (29E575DD-E0A3-4627-9D10-D276232CDCEA): 17
LogDevObjectVersion:   Dev-Anim (AF43A65D-7FD3-4947-9873-3E8ED9C1BB05): 2
LogDevObjectVersion:   Dev-ReflectionCapture (6B266CEC-1EC7-4B8F-A30B-E4D90942FC07): 1
LogDevObjectVersion:   Dev-Automation (0DF73D61-A23F-47EA-B727-89E90C41499A): 1
LogDevObjectVersion:   FortniteMain (601D1886-AC64-4F84-AA16-D3DE0DEAC7D6): 25
LogDevObjectVersion:   Dev-Enterprise (9DFFBCD6-494F-0158-E221-12823C92A888): 6
LogDevObjectVersion:   Dev-Niagara (F2AED0AC-9AFE-416F-8664-AA7FFA26D6FC): 1
LogDevObjectVersion:   Dev-Destruction (174F1F0B-B4C6-45A5-B13F-2EE8D0FB917D): 2
LogInit: Presizing for max 16777216 objects, including 0 objects not considered by GC, pre-allocating 0 bytes for permanent pool.
LogInit: Object subsystem initialized
LogConfig: Setting CVar [[con.DebugEarlyDefault:1]]
LogConfig: Setting CVar [[r.setres:1280x720]]
[2019.06.24-08.15.27:086][  0]LogConfig: Setting CVar [[r.VSync:0]]
[2019.06.24-08.15.27:086][  0]LogConfig: Setting CVar [[r.RHICmdBypass:0]]
[2019.06.24-08.15.27:086][  0]LogConfig: Applying CVar settings from Section [/Script/Engine.RendererSettings] File [C:/Users/Wai1k/Documents/GitHub/farmdefense/FarmDefense/Saved/Config/Windows/Engine.ini]
[2019.06.24-08.15.27:086][  0]LogConfig: Setting CVar [[r.GPUCrashDebugging:0]]
[2019.06.24-08.15.27:086][  0]LogConfig: Applying CVar settings from Section [/Script/Engine.RendererOverrideSettings] File [C:/Users/Wai1k/Documents/GitHub/farmdefense/FarmDefense/Saved/Config/Windows/Engine.ini]
[2019.06.24-08.15.27:086][  0]LogConfig: Applying CVar settings from Section [/Script/Engine.StreamingSettings] File [C:/Users/Wai1k/Documents/GitHub/farmdefense/FarmDefense/Saved/Config/Windows/Engine.ini]
[2019.06.24-08.15.27:086][  0]LogConfig: Setting CVar [[s.MinBulkDataSizeForAsyncLoading:131072]]
[2019.06.24-08.15.27:086][  0]LogConfig: Setting CVar [[s.AsyncLoadingThreadEnabled:0]]
[2019.06.24-08.15.27:086][  0]LogConfig: Setting CVar [[s.EventDrivenLoaderEnabled:1]]
[2019.06.24-08.15.27:086][  0]LogConfig: Setting CVar [[s.WarnIfTimeLimitExceeded:0]]
[2019.06.24-08.15.27:086][  0]LogConfig: Setting CVar [[s.TimeLimitExceededMultiplier:1.5]]
[2019.06.24-08.15.27:086][  0]LogConfig: Setting CVar [[s.TimeLimitExceededMinTime:0.005]]
[2019.06.24-08.15.27:086][  0]LogConfig: Setting CVar [[s.UseBackgroundLevelStreaming:1]]
[2019.06.24-08.15.27:086][  0]LogConfig: Setting CVar [[s.PriorityAsyncLoadingExtraTime:15.0]]
[2019.06.24-08.15.27:086][  0]LogConfig: Setting CVar [[s.LevelStreamingActorsUpdateTimeLimit:5.0]]
[2019.06.24-08.15.27:086][  0]LogConfig: Setting CVar [[s.PriorityLevelStreamingActorsUpdateExtraTime:5.0]]
[2019.06.24-08.15.27:086][  0]LogConfig: Setting CVar [[s.LevelStreamingComponentsRegistrationGranularity:10]]
[2019.06.24-08.15.27:086][  0]LogConfig: Setting CVar [[s.UnregisterComponentsTimeLimit:1.0]]
[2019.06.24-08.15.27:086][  0]LogConfig: Setting CVar [[s.LevelStreamingComponentsUnregistrationGranularity:5]]
[2019.06.24-08.15.27:086][  0]LogConfig: Applying CVar settings from Section [/Script/Engine.GarbageCollectionSettings] File [C:/Users/Wai1k/Documents/GitHub/farmdefense/FarmDefense/Saved/Config/Windows/Engine.ini]
[2019.06.24-08.15.27:086][  0]LogConfig: Setting CVar [[gc.MaxObjectsNotConsideredByGC:1]]
[2019.06.24-08.15.27:086][  0]LogConfig: Setting CVar [[gc.SizeOfPermanentObjectPool:0]]
[2019.06.24-08.15.27:086][  0]LogConfig: Setting CVar [[gc.FlushStreamingOnGC:0]]
[2019.06.24-08.15.27:086][  0]LogConfig: Setting CVar [[gc.NumRetriesBeforeForcingGC:10]]
[2019.06.24-08.15.27:086][  0]LogConfig: Setting CVar [[gc.AllowParallelGC:1]]
[2019.06.24-08.15.27:086][  0]LogConfig: Setting CVar [[gc.TimeBetweenPurgingPendingKillObjects:61.1]]
[2019.06.24-08.15.27:086][  0]LogConfig: Setting CVar [[gc.MaxObjectsInEditor:16777216]]
[2019.06.24-08.15.27:086][  0]LogConfig: Setting CVar [[gc.IncrementalBeginDestroyEnabled:1]]
[2019.06.24-08.15.27:086][  0]LogConfig: Setting CVar [[gc.CreateGCClusters:1]]
[2019.06.24-08.15.27:086][  0]LogConfig: Setting CVar [[gc.MinGCClusterSize:5]]
[2019.06.24-08.15.27:086][  0]LogConfig: Setting CVar [[gc.ActorClusteringEnabled:0]]
[2019.06.24-08.15.27:086][  0]LogConfig: Setting CVar [[gc.BlueprintClusteringEnabled:0]]
[2019.06.24-08.15.27:086][  0]LogConfig: Setting CVar [[gc.UseDisregardForGCOnDedicatedServers:0]]
[2019.06.24-08.15.27:086][  0]LogConfig: Applying CVar settings from Section [/Script/Engine.NetworkSettings] File [C:/Users/Wai1k/Documents/GitHub/farmdefense/FarmDefense/Saved/Config/Windows/Engine.ini]
[2019.06.24-08.15.27:086][  0]LogConfig: Applying CVar settings from Section [/Script/UnrealEd.CookerSettings] File [C:/Users/Wai1k/Documents/GitHub/farmdefense/FarmDefense/Saved/Config/Windows/Engine.ini]
[2019.06.24-08.15.27:090][  0]LogConfig: Applying CVar settings from Section [ViewDistanceQuality@3] File [C:/Users/Wai1k/Documents/GitHub/farmdefense/FarmDefense/Saved/Config/Windows/Scalability.ini]
[2019.06.24-08.15.27:090][  0]LogConfig: Setting CVar [[r.SkeletalMeshLODBias:0]]
[2019.06.24-08.15.27:090][  0]LogConfig: Setting CVar [[r.ViewDistanceScale:1.0]]
[2019.06.24-08.15.27:090][  0]LogConfig: Applying CVar settings from Section [AntiAliasingQuality@3] File [C:/Users/Wai1k/Documents/GitHub/farmdefense/FarmDefense/Saved/Config/Windows/Scalability.ini]
[2019.06.24-08.15.27:090][  0]LogConfig: Setting CVar [[r.PostProcessAAQuality:4]]
[2019.06.24-08.15.27:090][  0]LogConfig: Applying CVar settings from Section [ShadowQuality@3] File [C:/Users/Wai1k/Documents/GitHub/farmdefense/FarmDefense/Saved/Config/Windows/Scalability.ini]
[2019.06.24-08.15.27:090][  0]LogConfig: Setting CVar [[r.LightFunctionQuality:1]]
[2019.06.24-08.15.27:090][  0]LogConfig: Setting CVar [[r.ShadowQuality:5]]
[2019.06.24-08.15.27:090][  0]LogConfig: Setting CVar [[r.Shadow.CSM.MaxCascades:10]]
[2019.06.24-08.15.27:090][  0]LogConfig: Setting CVar [[r.Shadow.MaxResolution:2048]]
[2019.06.24-08.15.27:090][  0]LogConfig: Setting CVar [[r.Shadow.MaxCSMResolution:2048]]
[2019.06.24-08.15.27:090][  0]LogConfig: Setting CVar [[r.Shadow.RadiusThreshold:0.01]]
[2019.06.24-08.15.27:090][  0]LogConfig: Setting CVar [[r.Shadow.DistanceScale:1.0]]
[2019.06.24-08.15.27:090][  0]LogConfig: Setting CVar [[r.Shadow.CSM.TransitionScale:1.0]]
[2019.06.24-08.15.27:090][  0]LogConfig: Setting CVar [[r.Shadow.PreShadowResolutionFactor:1.0]]
[2019.06.24-08.15.27:090][  0]LogConfig: Setting CVar [[r.DistanceFieldShadowing:1]]
[2019.06.24-08.15.27:090][  0]LogConfig: Setting CVar [[r.DistanceFieldAO:1]]
[2019.06.24-08.15.27:090][  0]LogConfig: Setting CVar [[r.AOQuality:2]]
[2019.06.24-08.15.27:090][  0]LogConfig: Setting CVar [[r.VolumetricFog:1]]
[2019.06.24-08.15.27:090][  0]LogConfig: Setting CVar [[r.VolumetricFog.GridPixelSize:8]]
[2019.06.24-08.15.27:090][  0]LogConfig: Setting CVar [[r.VolumetricFog.GridSizeZ:128]]
[2019.06.24-08.15.27:090][  0]LogConfig: Setting CVar [[r.VolumetricFog.HistoryMissSupersampleCount:4]]
[2019.06.24-08.15.27:090][  0]LogConfig: Setting CVar [[r.LightMaxDrawDistanceScale:1]]
[2019.06.24-08.15.27:090][  0]LogConfig: Setting CVar [[r.CapsuleShadows:1]]
[2019.06.24-08.15.27:090][  0]LogConfig: Applying CVar settings from Section [PostProcessQuality@3] File [C:/Users/Wai1k/Documents/GitHub/farmdefense/FarmDefense/Saved/Config/Windows/Scalability.ini]
[2019.06.24-08.15.27:090][  0]LogConfig: Setting CVar [[r.MotionBlurQuality:4]]
[2019.06.24-08.15.27:090][  0]LogConfig: Setting CVar [[r.AmbientOcclusionMipLevelFactor:0.4]]
[2019.06.24-08.15.27:090][  0]LogConfig: Setting CVar [[r.AmbientOcclusionMaxQuality:100]]
[2019.06.24-08.15.27:090][  0]LogConfig: Setting CVar [[r.AmbientOcclusionLevels:-1]]
[2019.06.24-08.15.27:090][  0]LogConfig: Setting CVar [[r.AmbientOcclusionRadiusScale:1.0]]
[2019.06.24-08.15.27:090][  0]LogConfig: Setting CVar [[r.DepthOfFieldQuality:2]]
[2019.06.24-08.15.27:090][  0]LogConfig: Setting CVar [[r.RenderTargetPoolMin:400]]
[2019.06.24-08.15.27:090][  0]LogConfig: Setting CVar [[r.LensFlareQuality:2]]
[2019.06.24-08.15.27:090][  0]LogConfig: Setting CVar [[r.SceneColorFringeQuality:1]]
[2019.06.24-08.15.27:091][  0]LogConfig: Setting CVar [[r.EyeAdaptationQuality:2]]
[2019.06.24-08.15.27:091][  0]LogConfig: Setting CVar [[r.BloomQuality:5]]
[2019.06.24-08.15.27:091][  0]LogConfig: Setting CVar [[r.FastBlurThreshold:100]]
[2019.06.24-08.15.27:091][  0]LogConfig: Setting CVar [[r.Upscale.Quality:3]]
[2019.06.24-08.15.27:091][  0]LogConfig: Setting CVar [[r.Tonemapper.GrainQuantization:1]]
[2019.06.24-08.15.27:091][  0]LogConfig: Setting CVar [[r.LightShaftQuality:1]]
[2019.06.24-08.15.27:091][  0]LogConfig: Setting CVar [[r.Filter.SizeScale:1]]
[2019.06.24-08.15.27:091][  0]LogConfig: Setting CVar [[r.Tonemapper.Quality:5]]
[2019.06.24-08.15.27:091][  0]LogConfig: Setting CVar [[r.DOF.Gather.AccumulatorQuality:1        ; higher gathering accumulator quality]]
[2019.06.24-08.15.27:091][  0]LogConfig: Setting CVar [[r.DOF.Gather.PostfilterMethod:1          ; Median3x3 postfilering method]]
[2019.06.24-08.15.27:091][  0]LogConfig: Setting CVar [[r.DOF.Gather.EnableBokehSettings:0       ; no bokeh simulation when gathering]]
[2019.06.24-08.15.27:091][  0]LogConfig: Setting CVar [[r.DOF.Gather.RingCount:4                 ; medium number of samples when gathering]]
[2019.06.24-08.15.27:091][  0]LogConfig: Setting CVar [[r.DOF.Scatter.ForegroundCompositing:1    ; additive foreground scattering]]
[2019.06.24-08.15.27:091][  0]LogConfig: Setting CVar [[r.DOF.Scatter.BackgroundCompositing:2    ; additive background scattering]]
[2019.06.24-08.15.27:091][  0]LogConfig: Setting CVar [[r.DOF.Scatter.EnableBokehSettings:1      ; bokeh simulation when scattering]]
[2019.06.24-08.15.27:091][  0]LogConfig: Setting CVar [[r.DOF.Scatter.MaxSpriteRatio:0.1         ; only a maximum of 10% of scattered bokeh]]
[2019.06.24-08.15.27:091][  0]LogConfig: Setting CVar [[r.DOF.Recombine.Quality:1                ; cheap slight out of focus]]
[2019.06.24-08.15.27:091][  0]LogConfig: Setting CVar [[r.DOF.Recombine.EnableBokehSettings:0    ; no bokeh simulation on slight out of focus]]
[2019.06.24-08.15.27:091][  0]LogConfig: Setting CVar [[r.DOF.TemporalAAQuality:1                ; more stable temporal accumulation]]
[2019.06.24-08.15.27:091][  0]LogConfig: Setting CVar [[r.DOF.Kernel.MaxForegroundRadius:0.025]]
[2019.06.24-08.15.27:091][  0]LogConfig: Setting CVar [[r.DOF.Kernel.MaxBackgroundRadius:0.025]]
[2019.06.24-08.15.27:091][  0]LogConfig: Applying CVar settings from Section [TextureQuality@3] File [C:/Users/Wai1k/Documents/GitHub/farmdefense/FarmDefense/Saved/Config/Windows/Scalability.ini]
[2019.06.24-08.15.27:091][  0]LogConfig: Setting CVar [[r.Streaming.MipBias:0]]
[2019.06.24-08.15.27:091][  0]LogConfig: Setting CVar [[r.Streaming.AmortizeCPUToGPUCopy:0]]
[2019.06.24-08.15.27:091][  0]LogConfig: Setting CVar [[r.Streaming.MaxNumTexturesToStreamPerFrame:0]]
[2019.06.24-08.15.27:091][  0]LogConfig: Setting CVar [[r.Streaming.Boost:1]]
[2019.06.24-08.15.27:091][  0]LogConfig: Setting CVar [[r.MaxAnisotropy:8]]
[2019.06.24-08.15.27:091][  0]LogConfig: Setting CVar [[r.Streaming.LimitPoolSizeToVRAM:0]]
[2019.06.24-08.15.27:091][  0]LogConfig: Setting CVar [[r.Streaming.PoolSize:1000]]
[2019.06.24-08.15.27:091][  0]LogConfig: Setting CVar [[r.Streaming.MaxEffectiveScreenSize:0]]
[2019.06.24-08.15.27:091][  0]LogConfig: Applying CVar settings from Section [EffectsQuality@3] File [C:/Users/Wai1k/Documents/GitHub/farmdefense/FarmDefense/Saved/Config/Windows/Scalability.ini]
[2019.06.24-08.15.27:091][  0]LogConfig: Setting CVar [[r.TranslucencyLightingVolumeDim:64]]
[2019.06.24-08.15.27:091][  0]LogConfig: Setting CVar [[r.RefractionQuality:2]]
[2019.06.24-08.15.27:091][  0]LogConfig: Setting CVar [[r.SSR.Quality:3]]
[2019.06.24-08.15.27:091][  0]LogConfig: Setting CVar [[r.SceneColorFormat:4]]
[2019.06.24-08.15.27:091][  0]LogConfig: Setting CVar [[r.DetailMode:2]]
[2019.06.24-08.15.27:091][  0]LogConfig: Setting CVar [[r.TranslucencyVolumeBlur:1]]
[2019.06.24-08.15.27:091][  0]LogConfig: Setting CVar [[r.MaterialQualityLevel:1 ; High quality]]
[2019.06.24-08.15.27:091][  0]LogConfig: Setting CVar [[r.SSS.Scale:1]]
[2019.06.24-08.15.27:091][  0]LogConfig: Setting CVar [[r.SSS.SampleSet:2]]
[2019.06.24-08.15.27:091][  0]LogConfig: Setting CVar [[r.SSS.Quality:1]]
[2019.06.24-08.15.27:091][  0]LogConfig: Setting CVar [[r.SSS.HalfRes:1]]
[2019.06.24-08.15.27:091][  0]LogConfig: Setting CVar [[r.EmitterSpawnRateScale:1.0]]
[2019.06.24-08.15.27:091][  0]LogConfig: Setting CVar [[r.ParticleLightQuality:2]]
[2019.06.24-08.15.27:091][  0]LogConfig: Applying CVar settings from Section [FoliageQuality@3] File [C:/Users/Wai1k/Documents/GitHub/farmdefense/FarmDefense/Saved/Config/Windows/Scalability.ini]
[2019.06.24-08.15.27:091][  0]LogConfig: Setting CVar [[foliage.DensityScale:1.0]]
[2019.06.24-08.15.27:091][  0]LogConfig: Setting CVar [[grass.DensityScale:1.0]]
[2019.06.24-08.15.27:091][  0]LogInit: Selected Device Profile: [Windows]
[2019.06.24-08.15.27:091][  0]LogInit: Applying CVar settings loaded from the selected device profile: [Windows]
[2019.06.24-08.15.27:102][  0]LogHAL: Display: Platform has ~ 16 GB [17093734400 / 17179869184 / 16], which maps to Larger [LargestMinGB=32, LargerMinGB=12, DefaultMinGB=8, SmallerMinGB=6, SmallestMinGB=0)
[2019.06.24-08.15.27:102][  0]LogConfig: Setting CVar [[r.Vulkan.UseRealUBs:0		; Required until we fix HLR fall-out]]
[2019.06.24-08.15.27:102][  0]LogInit: Going up to parent DeviceProfile []
[2019.06.24-08.15.27:102][  0]LogConfig: Applying CVar settings from Section [ViewDistanceQuality@3] File [C:/Users/Wai1k/Documents/GitHub/farmdefense/FarmDefense/Saved/Config/Windows/Scalability.ini]
[2019.06.24-08.15.27:102][  0]LogConfig: Setting CVar [[r.SkeletalMeshLODBias:0]]
[2019.06.24-08.15.27:102][  0]LogConfig: Setting CVar [[r.ViewDistanceScale:1.0]]
[2019.06.24-08.15.27:102][  0]LogConfig: Applying CVar settings from Section [AntiAliasingQuality@3] File [C:/Users/Wai1k/Documents/GitHub/farmdefense/FarmDefense/Saved/Config/Windows/Scalability.ini]
[2019.06.24-08.15.27:102][  0]LogConfig: Setting CVar [[r.PostProcessAAQuality:4]]
[2019.06.24-08.15.27:102][  0]LogConfig: Applying CVar settings from Section [ShadowQuality@3] File [C:/Users/Wai1k/Documents/GitHub/farmdefense/FarmDefense/Saved/Config/Windows/Scalability.ini]
[2019.06.24-08.15.27:102][  0]LogConfig: Setting CVar [[r.LightFunctionQuality:1]]
[2019.06.24-08.15.27:102][  0]LogConfig: Setting CVar [[r.ShadowQuality:5]]
[2019.06.24-08.15.27:102][  0]LogConfig: Setting CVar [[r.Shadow.CSM.MaxCascades:10]]
[2019.06.24-08.15.27:102][  0]LogConfig: Setting CVar [[r.Shadow.MaxResolution:2048]]
[2019.06.24-08.15.27:102][  0]LogConfig: Setting CVar [[r.Shadow.MaxCSMResolution:2048]]
[2019.06.24-08.15.27:102][  0]LogConfig: Setting CVar [[r.Shadow.RadiusThreshold:0.01]]
[2019.06.24-08.15.27:102][  0]LogConfig: Setting CVar [[r.Shadow.DistanceScale:1.0]]
[2019.06.24-08.15.27:102][  0]LogConfig: Setting CVar [[r.Shadow.CSM.TransitionScale:1.0]]
[2019.06.24-08.15.27:102][  0]LogConfig: Setting CVar [[r.Shadow.PreShadowResolutionFactor:1.0]]
[2019.06.24-08.15.27:102][  0]LogConfig: Setting CVar [[r.DistanceFieldShadowing:1]]
[2019.06.24-08.15.27:102][  0]LogConfig: Setting CVar [[r.DistanceFieldAO:1]]
[2019.06.24-08.15.27:102][  0]LogConfig: Setting CVar [[r.AOQuality:2]]
[2019.06.24-08.15.27:102][  0]LogConfig: Setting CVar [[r.VolumetricFog:1]]
[2019.06.24-08.15.27:102][  0]LogConfig: Setting CVar [[r.VolumetricFog.GridPixelSize:8]]
[2019.06.24-08.15.27:103][  0]LogConfig: Setting CVar [[r.VolumetricFog.GridSizeZ:128]]
[2019.06.24-08.15.27:103][  0]LogConfig: Setting CVar [[r.VolumetricFog.HistoryMissSupersampleCount:4]]
[2019.06.24-08.15.27:103][  0]LogConfig: Setting CVar [[r.LightMaxDrawDistanceScale:1]]
[2019.06.24-08.15.27:103][  0]LogConfig: Setting CVar [[r.CapsuleShadows:1]]
[2019.06.24-08.15.27:103][  0]LogConfig: Applying CVar settings from Section [PostProcessQuality@3] File [C:/Users/Wai1k/Documents/GitHub/farmdefense/FarmDefense/Saved/Config/Windows/Scalability.ini]
[2019.06.24-08.15.27:103][  0]LogConfig: Setting CVar [[r.MotionBlurQuality:4]]
[2019.06.24-08.15.27:103][  0]LogConfig: Setting CVar [[r.AmbientOcclusionMipLevelFactor:0.4]]
[2019.06.24-08.15.27:103][  0]LogConfig: Setting CVar [[r.AmbientOcclusionMaxQuality:100]]
[2019.06.24-08.15.27:103][  0]LogConfig: Setting CVar [[r.AmbientOcclusionLevels:-1]]
[2019.06.24-08.15.27:103][  0]LogConfig: Setting CVar [[r.AmbientOcclusionRadiusScale:1.0]]
[2019.06.24-08.15.27:103][  0]LogConfig: Setting CVar [[r.DepthOfFieldQuality:2]]
[2019.06.24-08.15.27:103][  0]LogConfig: Setting CVar [[r.RenderTargetPoolMin:400]]
[2019.06.24-08.15.27:103][  0]LogConfig: Setting CVar [[r.LensFlareQuality:2]]
[2019.06.24-08.15.27:103][  0]LogConfig: Setting CVar [[r.SceneColorFringeQuality:1]]
[2019.06.24-08.15.27:103][  0]LogConfig: Setting CVar [[r.EyeAdaptationQuality:2]]
[2019.06.24-08.15.27:103][  0]LogConfig: Setting CVar [[r.BloomQuality:5]]
[2019.06.24-08.15.27:103][  0]LogConfig: Setting CVar [[r.FastBlurThreshold:100]]
[2019.06.24-08.15.27:103][  0]LogConfig: Setting CVar [[r.Upscale.Quality:3]]
[2019.06.24-08.15.27:103][  0]LogConfig: Setting CVar [[r.Tonemapper.GrainQuantization:1]]
[2019.06.24-08.15.27:103][  0]LogConfig: Setting CVar [[r.LightShaftQuality:1]]
[2019.06.24-08.15.27:103][  0]LogConfig: Setting CVar [[r.Filter.SizeScale:1]]
[2019.06.24-08.15.27:103][  0]LogConfig: Setting CVar [[r.Tonemapper.Quality:5]]
[2019.06.24-08.15.27:103][  0]LogConfig: Setting CVar [[r.DOF.Gather.AccumulatorQuality:1        ; higher gathering accumulator quality]]
[2019.06.24-08.15.27:103][  0]LogConfig: Setting CVar [[r.DOF.Gather.PostfilterMethod:1          ; Median3x3 postfilering method]]
[2019.06.24-08.15.27:103][  0]LogConfig: Setting CVar [[r.DOF.Gather.EnableBokehSettings:0       ; no bokeh simulation when gathering]]
[2019.06.24-08.15.27:103][  0]LogConfig: Setting CVar [[r.DOF.Gather.RingCount:4                 ; medium number of samples when gathering]]
[2019.06.24-08.15.27:103][  0]LogConfig: Setting CVar [[r.DOF.Scatter.ForegroundCompositing:1    ; additive foreground scattering]]
[2019.06.24-08.15.27:103][  0]LogConfig: Setting CVar [[r.DOF.Scatter.BackgroundCompositing:2    ; additive background scattering]]
[2019.06.24-08.15.27:103][  0]LogConfig: Setting CVar [[r.DOF.Scatter.EnableBokehSettings:1      ; bokeh simulation when scattering]]
[2019.06.24-08.15.27:103][  0]LogConfig: Setting CVar [[r.DOF.Scatter.MaxSpriteRatio:0.1         ; only a maximum of 10% of scattered bokeh]]
[2019.06.24-08.15.27:103][  0]LogConfig: Setting CVar [[r.DOF.Recombine.Quality:1                ; cheap slight out of focus]]
[2019.06.24-08.15.27:103][  0]LogConfig: Setting CVar [[r.DOF.Recombine.EnableBokehSettings:0    ; no bokeh simulation on slight out of focus]]
[2019.06.24-08.15.27:103][  0]LogConfig: Setting CVar [[r.DOF.TemporalAAQuality:1                ; more stable temporal accumulation]]
[2019.06.24-08.15.27:103][  0]LogConfig: Setting CVar [[r.DOF.Kernel.MaxForegroundRadius:0.025]]
[2019.06.24-08.15.27:103][  0]LogConfig: Setting CVar [[r.DOF.Kernel.MaxBackgroundRadius:0.025]]
[2019.06.24-08.15.27:103][  0]LogConfig: Applying CVar settings from Section [TextureQuality@3] File [C:/Users/Wai1k/Documents/GitHub/farmdefense/FarmDefense/Saved/Config/Windows/Scalability.ini]
[2019.06.24-08.15.27:103][  0]LogConfig: Setting CVar [[r.Streaming.MipBias:0]]
[2019.06.24-08.15.27:103][  0]LogConfig: Setting CVar [[r.Streaming.AmortizeCPUToGPUCopy:0]]
[2019.06.24-08.15.27:103][  0]LogConfig: Setting CVar [[r.Streaming.MaxNumTexturesToStreamPerFrame:0]]
[2019.06.24-08.15.27:103][  0]LogConfig: Setting CVar [[r.Streaming.Boost:1]]
[2019.06.24-08.15.27:103][  0]LogConfig: Setting CVar [[r.MaxAnisotropy:8]]
[2019.06.24-08.15.27:103][  0]LogConfig: Setting CVar [[r.Streaming.LimitPoolSizeToVRAM:0]]
[2019.06.24-08.15.27:103][  0]LogConfig: Setting CVar [[r.Streaming.PoolSize:1000]]
[2019.06.24-08.15.27:103][  0]LogConfig: Setting CVar [[r.Streaming.MaxEffectiveScreenSize:0]]
[2019.06.24-08.15.27:103][  0]LogConfig: Applying CVar settings from Section [EffectsQuality@3] File [C:/Users/Wai1k/Documents/GitHub/farmdefense/FarmDefense/Saved/Config/Windows/Scalability.ini]
[2019.06.24-08.15.27:103][  0]LogConfig: Setting CVar [[r.TranslucencyLightingVolumeDim:64]]
[2019.06.24-08.15.27:103][  0]LogConfig: Setting CVar [[r.RefractionQuality:2]]
[2019.06.24-08.15.27:103][  0]LogConfig: Setting CVar [[r.SSR.Quality:3]]
[2019.06.24-08.15.27:103][  0]LogConfig: Setting CVar [[r.SceneColorFormat:4]]
[2019.06.24-08.15.27:103][  0]LogConfig: Setting CVar [[r.DetailMode:2]]
[2019.06.24-08.15.27:103][  0]LogConfig: Setting CVar [[r.TranslucencyVolumeBlur:1]]
[2019.06.24-08.15.27:103][  0]LogConfig: Setting CVar [[r.MaterialQualityLevel:1 ; High quality]]
[2019.06.24-08.15.27:103][  0]LogConfig: Setting CVar [[r.SSS.Scale:1]]
[2019.06.24-08.15.27:103][  0]LogConfig: Setting CVar [[r.SSS.SampleSet:2]]
[2019.06.24-08.15.27:103][  0]LogConfig: Setting CVar [[r.SSS.Quality:1]]
[2019.06.24-08.15.27:103][  0]LogConfig: Setting CVar [[r.SSS.HalfRes:1]]
[2019.06.24-08.15.27:103][  0]LogConfig: Setting CVar [[r.EmitterSpawnRateScale:1.0]]
[2019.06.24-08.15.27:103][  0]LogConfig: Setting CVar [[r.ParticleLightQuality:2]]
[2019.06.24-08.15.27:103][  0]LogConfig: Applying CVar settings from Section [FoliageQuality@3] File [C:/Users/Wai1k/Documents/GitHub/farmdefense/FarmDefense/Saved/Config/Windows/Scalability.ini]
[2019.06.24-08.15.27:103][  0]LogConfig: Setting CVar [[foliage.DensityScale:1.0]]
[2019.06.24-08.15.27:103][  0]LogConfig: Setting CVar [[grass.DensityScale:1.0]]
[2019.06.24-08.15.27:103][  0]LogConfig: Applying CVar settings from Section [Startup] File [../../../Engine/Config/ConsoleVariables.ini]
[2019.06.24-08.15.27:104][  0]LogConfig: Setting CVar [[net.UseAdaptiveNetUpdateFrequency:0]]
[2019.06.24-08.15.27:104][  0]LogConfig: Setting CVar [[p.chaos.AllowCreatePhysxBodies:1]]
[2019.06.24-08.15.27:104][  0]LogConfig: Applying CVar settings from Section [ConsoleVariables] File [C:/Users/Wai1k/Documents/GitHub/farmdefense/FarmDefense/Saved/Config/Windows/Engine.ini]
[2019.06.24-08.15.27:104][  0]LogInit: Computer: DESKTOP-GGPJM5V
[2019.06.24-08.15.27:104][  0]LogInit: User: Wai1k
[2019.06.24-08.15.27:104][  0]LogInit: CPU Page size=4096, Cores=4
[2019.06.24-08.15.27:104][  0]LogInit: High frequency timer resolution =2.531248 MHz
[2019.06.24-08.15.27:104][  0]LogMemory: Memory total: Physical=15.9GB (16GB approx)
[2019.06.24-08.15.27:104][  0]LogMemory: Platform Memory Stats for Windows
[2019.06.24-08.15.27:104][  0]LogMemory: Process Physical Memory: 97.37 MB used, 97.37 MB peak
[2019.06.24-08.15.27:104][  0]LogMemory: Process Virtual Memory: 89.10 MB used, 89.10 MB peak
[2019.06.24-08.15.27:104][  0]LogMemory: Physical Memory: 5367.47 MB used,  10934.38 MB free, 16301.86 MB total
[2019.06.24-08.15.27:104][  0]LogMemory: Virtual Memory: 4644.83 MB used,  134213080.00 MB free, 134217728.00 MB total
[2019.06.24-08.15.27:136][  0]LogInit: Using OS detected language (en-US).
[2019.06.24-08.15.27:136][  0]LogInit: Using OS detected locale (en-AU).
[2019.06.24-08.15.27:137][  0]LogTextLocalizationManager: No specific localization for 'en-US' exists, so the 'en' localization will be used.
[2019.06.24-08.15.27:323][  0]LogInit: Setting process to per monitor DPI aware
[2019.06.24-08.15.27:355][  0]LogSlate: New Slate User Created.  User Index 0, Is Virtual User: 0
[2019.06.24-08.15.27:355][  0]LogSlate: Slate User Registered.  User Index 0, Is Virtual User: 0
[2019.06.24-08.15.27:633][  0]LogHMD: Failed to initialize OpenVR with code 110
[2019.06.24-08.15.27:633][  0]LogD3D11RHI: D3D11 adapters:
[2019.06.24-08.15.27:705][  0]LogD3D11RHI:    0. 'NVIDIA GeForce GTX 960M' (Feature Level 11_0)
[2019.06.24-08.15.27:705][  0]LogD3D11RHI:       2007/0/8150 MB DedicatedVideo/DedicatedSystem/SharedSystem, Outputs:1, VendorId:0x10de
[2019.06.24-08.15.27:719][  0]LogD3D11RHI:    1. 'Intel(R) HD Graphics 530' (Feature Level 11_0)
[2019.06.24-08.15.27:719][  0]LogD3D11RHI:       128/0/8150 MB DedicatedVideo/DedicatedSystem/SharedSystem, Outputs:0, VendorId:0x8086
[2019.06.24-08.15.27:722][  0]LogD3D11RHI:    2. 'Microsoft Basic Render Driver' (Feature Level 11_0)
[2019.06.24-08.15.27:722][  0]LogD3D11RHI:       0/0/8150 MB DedicatedVideo/DedicatedSystem/SharedSystem, Outputs:0, VendorId:0x1414
[2019.06.24-08.15.27:722][  0]LogD3D11RHI: Chosen D3D11 Adapter: 0
[2019.06.24-08.15.27:770][  0]LogD3D11RHI: Creating new Direct3DDevice
[2019.06.24-08.15.27:770][  0]LogD3D11RHI:     GPU DeviceId: 0x139b (for the marketing name, search the web for "GPU Device Id")
[2019.06.24-08.15.27:770][  0]LogWindows: EnumDisplayDevices:
[2019.06.24-08.15.27:770][  0]LogWindows:    0. 'Intel(R) HD Graphics 530' (P:1 D:1)
[2019.06.24-08.15.27:771][  0]LogWindows:    1. 'Intel(R) HD Graphics 530' (P:0 D:0)
[2019.06.24-08.15.27:771][  0]LogWindows:    2. 'Intel(R) HD Graphics 530' (P:0 D:0)
[2019.06.24-08.15.27:772][  0]LogWindows:    3. 'NVIDIA GeForce GTX 960M' (P:0 D:0)
[2019.06.24-08.15.27:772][  0]LogWindows:    4. 'NVIDIA GeForce GTX 960M' (P:0 D:0)
[2019.06.24-08.15.27:772][  0]LogWindows:    5. 'NVIDIA GeForce GTX 960M' (P:0 D:0)
[2019.06.24-08.15.27:772][  0]LogWindows:    6. 'NVIDIA GeForce GTX 960M' (P:0 D:0)
[2019.06.24-08.15.27:773][  0]LogWindows: DebugString: PrimaryIsNotTheChoosenAdapter PrimaryIsNotTheChoosenAdapter PrimaryIsNotTheChoosenAdapter FoundDriverCount:4 
[2019.06.24-08.15.27:773][  0]LogD3D11RHI:     Adapter Name: NVIDIA GeForce GTX 960M
[2019.06.24-08.15.27:773][  0]LogD3D11RHI:   Driver Version: 416.34 (internal:25.21.14.1634, unified:416.34)
[2019.06.24-08.15.27:773][  0]LogD3D11RHI:      Driver Date: 10-10-2018
[2019.06.24-08.15.27:773][  0]LogRHI: Texture pool is 1405 MB (70% of 2007 MB)
[2019.06.24-08.15.27:823][  0]LogD3D11RHI: Async texture creation enabled
[2019.06.24-08.15.27:828][  0]LogRendererCore: FGlobalReadBuffer::InitRHI
[2019.06.24-08.15.27:828][  0]LogRendererCore: FGlobalReadBuffer::InitRHI
[2019.06.24-08.15.27:828][  0]LogRendererCore: FGlobalReadBuffer::InitRHI
[2019.06.24-08.15.27:843][  0]LogD3D11RHI: GPU Timing Frequency: 1000.000000 (Debug: 2 2)
[2019.06.24-08.15.28:264][  0]LogTemp: Display: Module 'AllDesktopTargetPlatform' loaded TargetPlatform 'AllDesktop'
[2019.06.24-08.15.28:283][  0]LogTemp: Display: Module 'MacClientTargetPlatform' loaded TargetPlatform 'MacClient'
[2019.06.24-08.15.28:302][  0]LogTemp: Display: Module 'MacNoEditorTargetPlatform' loaded TargetPlatform 'MacNoEditor'
[2019.06.24-08.15.28:323][  0]LogTemp: Display: Module 'MacServerTargetPlatform' loaded TargetPlatform 'MacServer'
[2019.06.24-08.15.28:343][  0]LogTemp: Display: Module 'MacTargetPlatform' loaded TargetPlatform 'Mac'
[2019.06.24-08.15.28:364][  0]LogTemp: Display: Module 'WindowsClientTargetPlatform' loaded TargetPlatform 'WindowsClient'
[2019.06.24-08.15.28:382][  0]LogTemp: Display: Module 'WindowsNoEditorTargetPlatform' loaded TargetPlatform 'WindowsNoEditor'
[2019.06.24-08.15.28:402][  0]LogTemp: Display: Module 'WindowsServerTargetPlatform' loaded TargetPlatform 'WindowsServer'
[2019.06.24-08.15.28:412][  0]LogTemp: Display: Module 'WindowsTargetPlatform' loaded TargetPlatform 'Windows'
[2019.06.24-08.15.28:525][  0]LogTemp: Display: Module 'AndroidTargetPlatform' loaded TargetPlatform 'Android'
[2019.06.24-08.15.28:525][  0]LogTemp: Display: Module 'AndroidTargetPlatform' loaded TargetPlatform 'Android_ASTC'
[2019.06.24-08.15.28:525][  0]LogTemp: Display: Module 'AndroidTargetPlatform' loaded TargetPlatform 'Android_ATC'
[2019.06.24-08.15.28:525][  0]LogTemp: Display: Module 'AndroidTargetPlatform' loaded TargetPlatform 'Android_DXT'
[2019.06.24-08.15.28:525][  0]LogTemp: Display: Module 'AndroidTargetPlatform' loaded TargetPlatform 'Android_ETC1'
[2019.06.24-08.15.28:525][  0]LogTemp: Display: Module 'AndroidTargetPlatform' loaded TargetPlatform 'Android_ETC1a'
[2019.06.24-08.15.28:525][  0]LogTemp: Display: Module 'AndroidTargetPlatform' loaded TargetPlatform 'Android_ETC2'
[2019.06.24-08.15.28:525][  0]LogTemp: Display: Module 'AndroidTargetPlatform' loaded TargetPlatform 'Android_PVRTC'
[2019.06.24-08.15.28:525][  0]LogTemp: Display: Module 'AndroidTargetPlatform' loaded TargetPlatform 'AndroidClient'
[2019.06.24-08.15.28:525][  0]LogTemp: Display: Module 'AndroidTargetPlatform' loaded TargetPlatform 'Android_ASTCClient'
[2019.06.24-08.15.28:525][  0]LogTemp: Display: Module 'AndroidTargetPlatform' loaded TargetPlatform 'Android_ATCClient'
[2019.06.24-08.15.28:525][  0]LogTemp: Display: Module 'AndroidTargetPlatform' loaded TargetPlatform 'Android_DXTClient'
[2019.06.24-08.15.28:525][  0]LogTemp: Display: Module 'AndroidTargetPlatform' loaded TargetPlatform 'Android_ETC1Client'
[2019.06.24-08.15.28:525][  0]LogTemp: Display: Module 'AndroidTargetPlatform' loaded TargetPlatform 'Android_ETC1aClient'
[2019.06.24-08.15.28:525][  0]LogTemp: Display: Module 'AndroidTargetPlatform' loaded TargetPlatform 'Android_ETC2Client'
[2019.06.24-08.15.28:525][  0]LogTemp: Display: Module 'AndroidTargetPlatform' loaded TargetPlatform 'Android_PVRTCClient'
[2019.06.24-08.15.28:525][  0]LogTemp: Display: Module 'AndroidTargetPlatform' loaded TargetPlatform 'Android_Multi'
[2019.06.24-08.15.28:525][  0]LogTemp: Display: Module 'AndroidTargetPlatform' loaded TargetPlatform 'Android_MultiClient'
[2019.06.24-08.15.28:527][  0]LogTemp: Display: Module 'HTML5TargetPlatform' loaded TargetPlatform 'HTML5'
[2019.06.24-08.15.28:583][  0]LogTemp: Display: Module 'IOSTargetPlatform' loaded TargetPlatform 'IOSClient'
[2019.06.24-08.15.28:583][  0]LogTemp: Display: Module 'IOSTargetPlatform' loaded TargetPlatform 'IOS'
[2019.06.24-08.15.28:612][  0]LogTemp: Display: Module 'TVOSTargetPlatform' loaded TargetPlatform 'TVOSClient'
[2019.06.24-08.15.28:612][  0]LogTemp: Display: Module 'TVOSTargetPlatform' loaded TargetPlatform 'TVOS'
[2019.06.24-08.15.28:628][  0]LogTemp: Display: Module 'LinuxClientTargetPlatform' loaded TargetPlatform 'LinuxClient'
[2019.06.24-08.15.28:643][  0]LogTemp: Display: Module 'LinuxNoEditorTargetPlatform' loaded TargetPlatform 'LinuxNoEditor'
[2019.06.24-08.15.28:658][  0]LogTemp: Display: Module 'LinuxServerTargetPlatform' loaded TargetPlatform 'LinuxServer'
[2019.06.24-08.15.28:678][  0]LogTemp: Display: Module 'LinuxTargetPlatform' loaded TargetPlatform 'Linux'
[2019.06.24-08.15.28:729][  0]LogTemp: Display: Module 'LuminTargetPlatform' loaded TargetPlatform 'Lumin'
[2019.06.24-08.15.28:729][  0]LogTemp: Display: Module 'LuminTargetPlatform' loaded TargetPlatform 'LuminClient'
[2019.06.24-08.15.28:729][  0]LogTargetPlatformManager: Display: Building Assets For Windows
[2019.06.24-08.15.28:739][  0]LogAudioDebug: Display: Lib vorbis DLL was dynamically loaded.
[2019.06.24-08.15.28:805][  0]LogShaderCompilers: Guid format shader working directory is -10 characters bigger than the processId version (C:/Users/Wai1k/Documents/GitHub/farmdefense/FarmDefense/Intermediate/Shaders/WorkingDirectory/16212/).
[2019.06.24-08.15.28:805][  0]LogShaderCompilers: Cleaned the shader compiler working directory 'C:/Users/Wai1k/AppData/Local/Temp/UnrealShaderWorkingDir/6A0BC5F140FE6F626617C4B9B448D470/'.
[2019.06.24-08.15.28:808][  0]LogXGEController: Cannot use XGE Controller as Incredibuild is not installed on this machine.
[2019.06.24-08.15.28:808][  0]LogShaderCompilers: Cannot use XGE Shader Compiler as Incredibuild is not installed on this machine.
[2019.06.24-08.15.28:808][  0]LogShaderCompilers: Display: Using Local Shader Compiler.
[2019.06.24-08.15.29:486][  0]LogDerivedDataCache: Display: Max Cache Size: 512 MB
[2019.06.24-08.15.29:553][  0]LogDerivedDataCache: Loaded boot cache 0.07s 71MB C:/Users/Wai1k/AppData/Local/UnrealEngine/4.22/DerivedDataCache/Boot.ddc.
[2019.06.24-08.15.29:553][  0]LogDerivedDataCache: Display: Loaded Boot cache: C:/Users/Wai1k/AppData/Local/UnrealEngine/4.22/DerivedDataCache/Boot.ddc
[2019.06.24-08.15.29:554][  0]LogDerivedDataCache: FDerivedDataBackendGraph:  Pak pak cache file C:/Users/Wai1k/Documents/GitHub/farmdefense/FarmDefense/DerivedDataCache/DDC.ddp not found, will not use a pak cache.
[2019.06.24-08.15.29:554][  0]LogDerivedDataCache: Unable to find inner node Pak for hierarchical cache Hierarchy.
[2019.06.24-08.15.29:554][  0]LogDerivedDataCache: FDerivedDataBackendGraph:  CompressedPak pak cache file C:/Users/Wai1k/Documents/GitHub/farmdefense/FarmDefense/DerivedDataCache/Compressed.ddp not found, will not use a pak cache.
[2019.06.24-08.15.29:554][  0]LogDerivedDataCache: Unable to find inner node CompressedPak for hierarchical cache Hierarchy.
[2019.06.24-08.15.29:569][  0]LogDerivedDataCache: Display: Pak cache opened for reading ../../../Engine/DerivedDataCache/Compressed.ddp.
[2019.06.24-08.15.29:569][  0]LogDerivedDataCache: FDerivedDataBackendGraph:  EnterprisePak pak cache file ../../../Enterprise/DerivedDataCache/Compressed.ddp not found, will not use a pak cache.
[2019.06.24-08.15.29:569][  0]LogDerivedDataCache: Unable to find inner node EnterprisePak for hierarchical cache Hierarchy.
[2019.06.24-08.15.29:582][  0]LogDerivedDataCache: Using Local data cache path C:/Users/Wai1k/AppData/Local/UnrealEngine/Common/DerivedDataCache: Writable
[2019.06.24-08.15.29:582][  0]LogDerivedDataCache: Shared data cache path not found in *engine.ini, will not use an Shared cache.
[2019.06.24-08.15.29:582][  0]LogDerivedDataCache: Unable to find inner node Shared for hierarchical cache Hierarchy.
[2019.06.24-08.15.29:611][  0]LogMaterial: Verifying Global Shaders for PCD3D_SM5
[2019.06.24-08.15.29:613][  0]LogSlate: Using FreeType 2.6.0
[2019.06.24-08.15.29:613][  0]LogSlate: SlateFontServices - WITH_FREETYPE: 1, WITH_HARFBUZZ: 1
[2019.06.24-08.15.29:721][  0]LogAssetRegistry: FAssetRegistry took 0.0369 seconds to start up
[2019.06.24-08.15.30:118][  0]LogInit: Selected Device Profile: [Windows]
[2019.06.24-08.15.30:283][  0]LogMeshReduction: Using QuadricMeshReduction for automatic static mesh reduction
[2019.06.24-08.15.30:283][  0]LogMeshReduction: Using SimplygonMeshReduction for automatic skeletal mesh reduction
[2019.06.24-08.15.30:283][  0]LogMeshReduction: Using ProxyLODMeshReduction for automatic mesh merging
[2019.06.24-08.15.30:283][  0]LogMeshReduction: No distributed automatic mesh merging module available
[2019.06.24-08.15.30:283][  0]LogMeshMerging: No distributed automatic mesh merging module available
[2019.06.24-08.15.30:297][  0]LogNetVersion: FarmDefense 1.0.0, NetCL: 5660361, EngineNetVer: 10, GameNetVer: 0 (Checksum: 637083860)
[2019.06.24-08.15.30:783][  0]LogPackageLocalizationCache: Processed 10 localized package path(s) for 1 prioritized culture(s) in 0.041004 seconds
[2019.06.24-08.15.30:791][  0]LogUObjectArray: 42205 objects as part of root set at end of initial load.
[2019.06.24-08.15.30:791][  0]LogUObjectAllocator: 7325032 out of 0 bytes used by permanent object pool.
[2019.06.24-08.15.30:791][  0]LogUObjectArray: CloseDisregardForGC: 0/0 objects in disregard for GC pool
[2019.06.24-08.15.31:905][  0]LogTcpMessaging: Initializing TcpMessaging bridge
[2019.06.24-08.15.31:920][  0]LogUdpMessaging: Initializing bridge on interface 0.0.0.0:0 to multicast group 230.0.0.1:6666.
[2019.06.24-08.15.32:034][  0]SourceControl: Source control is disabled
[2019.06.24-08.15.32:034][  0]SourceControl: Source control is disabled
[2019.06.24-08.15.32:036][  0]SourceControl: Source control is disabled
[2019.06.24-08.15.32:038][  0]SourceControl: Source control is disabled
[2019.06.24-08.15.32:124][  0]LogAndroidPermission: UAndroidPermissionCallbackProxy::GetInstance
[2019.06.24-08.15.32:217][  0]LogOcInput: OculusInput pre-init called
[2019.06.24-08.15.33:118][  0]LogEngine: Initializing Engine...
[2019.06.24-08.15.33:119][  0]LogHMD: Failed to initialize OpenVR with code 110
[2019.06.24-08.15.33:120][  0]LogStats: UGameplayTagsManager::InitializeManager -  0.000 s
[2019.06.24-08.15.33:375][  0]LogInit: Initializing FReadOnlyCVARCache
[2019.06.24-08.15.33:392][  0]LogAIModule: Creating AISystem for world Untitled
[2019.06.24-08.15.33:415][  0]LogInit: XAudio2 using 'Speakers (Realtek High Definition Audio)' : 2 channels at 48 kHz using 32 bits per sample (channel mask 0x3)
[2019.06.24-08.15.33:447][  0]LogInit: FAudioDevice initialized.
[2019.06.24-08.15.33:447][  0]LogNetVersion: Set ProjectVersion to 1.0.0.0. Version Checksum will be recalculated on next use.
[2019.06.24-08.15.33:530][  0]LogDerivedDataCache: Saved boot cache 0.08s 71MB C:/Users/Wai1k/AppData/Local/UnrealEngine/4.22/DerivedDataCache/Boot.ddc.
[2019.06.24-08.15.33:530][  0]LogInit: Texture streaming: Enabled
[2019.06.24-08.15.33:555][  0]LogEngineSessionManager: EngineSessionManager initialized
[2019.06.24-08.15.33:581][  0]LogInit: Transaction tracking system initialized
[2019.06.24-08.15.33:618][  0]BlueprintLog: New page: Editor Load
[2019.06.24-08.15.33:733][  0]LocalizationService: Localization service is disabled
[2019.06.24-08.15.34:150][  0]LogCook: Display: Max memory allowance for cook 16384mb min free memory 0mb
[2019.06.24-08.15.34:150][  0]LogCook: Display: Mobile HDR setting 1
[2019.06.24-08.15.34:408][  0]LogFileCache: Scanning file cache for directory 'C:/Users/Wai1k/Documents/GitHub/farmdefense/FarmDefense/Content/' took 0.02s
[2019.06.24-08.15.34:408][  0]SourceControl: Source control is disabled
[2019.06.24-08.15.34:408][  0]Cmd: MAP LOAD FILE="C:/Users/Wai1k/Documents/GitHub/farmdefense/FarmDefense/Content/TopDownBP/Maps/TopDownExampleMap.umap" TEMPLATE=0 SHOWPROGRESS=1 FEATURELEVEL=3
[2019.06.24-08.15.34:409][  0]LightingResults: New page: Lighting Build
[2019.06.24-08.15.34:413][  0]MapCheck: New page: Map Check
[2019.06.24-08.15.34:413][  0]LightingResults: New page: Lighting Build
[2019.06.24-08.15.34:449][  0]LogUObjectHash: Compacting FUObjectHashTables data took   2.31ms
[2019.06.24-08.15.35:529][  0]LogAIModule: Creating AISystem for world TopDownExampleMap
[2019.06.24-08.15.35:549][  0]LogEditorServer: Finished looking for orphan Actors (0.000 secs)
[2019.06.24-08.15.35:583][  0]LogUObjectHash: Compacting FUObjectHashTables data took   2.29ms
[2019.06.24-08.15.35:583][  0]Cmd: MAP CHECKDEP NOCLEARLOG
[2019.06.24-08.15.35:584][  0]MapCheck: Map check complete: 0 Error(s), 0 Warning(s), took 0.18ms to complete.
[2019.06.24-08.15.35:584][  0]LogFileHelpers: Loading map 'TopDownExampleMap' took 1.175
[2019.06.24-08.15.35:755][  0]LogSlate: Updating window title bar state: overlay mode, drag disabled, window buttons hidden, title bar hidden
[2019.06.24-08.15.35:765][  0]LogSlate: Updating window title bar state: overlay mode, drag disabled, window buttons hidden, title bar hidden
[2019.06.24-08.15.35:774][  0]LogSlate: Updating window title bar state: overlay mode, drag disabled, window buttons hidden, title bar hidden
[2019.06.24-08.15.35:783][  0]LogSlate: Updating window title bar state: overlay mode, drag disabled, window buttons hidden, title bar hidden
[2019.06.24-08.15.35:820][  0]LogCollectionManager: Loaded 0 collections in 0.002258 seconds
[2019.06.24-08.15.35:852][  0]LogFileCache: Scanning file cache for directory 'C:/Users/Wai1k/Documents/GitHub/farmdefense/FarmDefense/Saved/Collections/' took 0.01s
[2019.06.24-08.15.35:852][  0]LogFileCache: Scanning file cache for directory 'C:/Users/Wai1k/Documents/GitHub/farmdefense/FarmDefense/Content/Developers/Wai1k/Collections/' took 0.00s
[2019.06.24-08.15.35:852][  0]LogFileCache: Scanning file cache for directory 'C:/Users/Wai1k/Documents/GitHub/farmdefense/FarmDefense/Content/Collections/' took 0.00s
[2019.06.24-08.15.35:852][  0]LogCollectionManager: Rebuilt the GUID cache for 0 collections in 0.000000 seconds
[2019.06.24-08.15.35:865][  0]LogContentBrowser: Native class hierarchy populated in 0.0110 seconds. Added 2732 classes and 659 folders.
[2019.06.24-08.15.35:883][  0]LogContentBrowser: Native class hierarchy updated for 'WidgetCarousel' in 0.0003 seconds. Added 0 classes and 0 folders.
[2019.06.24-08.15.35:906][  0]LogPakFile: Registered encryption key '00000000000000000000000000000000': 0 pak files mounted, 0 remain pending
[2019.06.24-08.15.35:928][  0]LogPakFile: Registered encryption key '00000000000000000000000000000000': 0 pak files mounted, 0 remain pending
[2019.06.24-08.15.35:931][  0]LogPakFile: Registered encryption key '00000000000000000000000000000000': 0 pak files mounted, 0 remain pending
[2019.06.24-08.15.35:934][  0]LogPakFile: Registered encryption key '00000000000000000000000000000000': 0 pak files mounted, 0 remain pending
[2019.06.24-08.15.35:936][  0]LogPakFile: Registered encryption key '00000000000000000000000000000000': 0 pak files mounted, 0 remain pending
[2019.06.24-08.15.35:939][  0]LogPakFile: Registered encryption key '00000000000000000000000000000000': 0 pak files mounted, 0 remain pending
[2019.06.24-08.15.35:942][  0]LogPakFile: Registered encryption key '00000000000000000000000000000000': 0 pak files mounted, 0 remain pending
[2019.06.24-08.15.35:944][  0]LogPakFile: Registered encryption key '00000000000000000000000000000000': 0 pak files mounted, 0 remain pending
[2019.06.24-08.15.35:947][  0]LogPakFile: Registered encryption key '00000000000000000000000000000000': 0 pak files mounted, 0 remain pending
[2019.06.24-08.15.35:950][  0]LogPakFile: Registered encryption key '00000000000000000000000000000000': 0 pak files mounted, 0 remain pending
[2019.06.24-08.15.35:952][  0]LogPakFile: Registered encryption key '00000000000000000000000000000000': 0 pak files mounted, 0 remain pending
[2019.06.24-08.15.35:954][  0]LogPakFile: Registered encryption key '00000000000000000000000000000000': 0 pak files mounted, 0 remain pending
[2019.06.24-08.15.35:956][  0]LogPakFile: Registered encryption key '00000000000000000000000000000000': 0 pak files mounted, 0 remain pending
[2019.06.24-08.15.35:959][  0]LogPakFile: Registered encryption key '00000000000000000000000000000000': 0 pak files mounted, 0 remain pending
[2019.06.24-08.15.35:962][  0]LogPakFile: Registered encryption key '00000000000000000000000000000000': 0 pak files mounted, 0 remain pending
[2019.06.24-08.15.35:987][  0]LogPakFile: Registered encryption key '00000000000000000000000000000000': 0 pak files mounted, 0 remain pending
[2019.06.24-08.15.35:990][  0]LogPakFile: Registered encryption key '00000000000000000000000000000000': 0 pak files mounted, 0 remain pending
[2019.06.24-08.15.35:993][  0]LogPakFile: Registered encryption key '00000000000000000000000000000000': 0 pak files mounted, 0 remain pending
[2019.06.24-08.15.35:995][  0]LogPakFile: Registered encryption key '00000000000000000000000000000000': 0 pak files mounted, 0 remain pending
[2019.06.24-08.15.35:997][  0]LogPakFile: Registered encryption key '00000000000000000000000000000000': 0 pak files mounted, 0 remain pending
[2019.06.24-08.15.35:999][  0]LogPakFile: Registered encryption key '00000000000000000000000000000000': 0 pak files mounted, 0 remain pending
[2019.06.24-08.15.36:002][  0]LogPakFile: Registered encryption key '00000000000000000000000000000000': 0 pak files mounted, 0 remain pending
[2019.06.24-08.15.36:005][  0]LogPakFile: Registered encryption key '00000000000000000000000000000000': 0 pak files mounted, 0 remain pending
[2019.06.24-08.15.36:007][  0]LogPakFile: Registered encryption key '00000000000000000000000000000000': 0 pak files mounted, 0 remain pending
[2019.06.24-08.15.36:010][  0]LogPakFile: Registered encryption key '00000000000000000000000000000000': 0 pak files mounted, 0 remain pending
[2019.06.24-08.15.36:013][  0]LogPakFile: Registered encryption key '00000000000000000000000000000000': 0 pak files mounted, 0 remain pending
[2019.06.24-08.15.36:249][  0]LogContentBrowser: Native class hierarchy updated for 'AddContentDialog' in 0.0003 seconds. Added 0 classes and 0 folders.
[2019.06.24-08.15.36:320][  0]LogContentBrowser: Native class hierarchy updated for 'SceneOutliner' in 0.0003 seconds. Added 1 classes and 2 folders.
[2019.06.24-08.15.36:761][  0]LogSlate: Took 0.000283 seconds to synchronously load lazily loaded font '../../../Engine/Content/Slate/Fonts/Roboto-Regular.ttf' (155K)
[2019.06.24-08.15.36:764][  0]LogSlate: Took 0.000193 seconds to synchronously load lazily loaded font '../../../Engine/Content/Slate/Fonts/Roboto-Bold.ttf' (160K)
[2019.06.24-08.15.36:773][  0]LogSlate: Took 0.001786 seconds to synchronously load lazily loaded font '../../../Engine/Content/Editor/Slate/Fonts/FontAwesome.ttf' (139K)
[2019.06.24-08.15.36:926][  0]LogRenderer: Reallocating scene render targets to support 1120x572 Format 10 NumSamples 1 (Frame:1).
[2019.06.24-08.15.37:185][  0]LogContentBrowser: Native class hierarchy updated for 'HierarchicalLODOutliner' in 0.0003 seconds. Added 0 classes and 0 folders.
[2019.06.24-08.15.37:185][  0]LogLoad: (Engine Initialization) Total time: 12.99 seconds
[2019.06.24-08.15.37:185][  0]LogLoad: (Engine Initialization) Total Blueprint compile time: 0.00 seconds
[2019.06.24-08.15.37:232][  0]LogAssetRegistry: Asset discovery search completed in 7.5334 seconds
[2019.06.24-08.15.37:235][  0]LogCollectionManager: Rebuilt the object cache for 0 collections in 0.000000 seconds (found 0 objects)
[2019.06.24-08.15.37:235][  0]LogCollectionManager: Fixed up redirectors for 0 collections in 0.000069 seconds (updated 0 objects)
[2019.06.24-08.15.37:238][  0]LogContentStreaming: Texture pool size now 1000 MB
[2019.06.24-08.15.37:295][  0]LogSlate: Took 0.001525 seconds to synchronously load lazily loaded font '../../../Engine/Content/Slate/Fonts/Roboto-Light.ttf' (167K)
[2019.06.24-08.15.39:886][  9]LogSlate: FSceneViewport::OnFocusLost() reason 0
[2019.06.24-08.16.22:378][486]LogSlate: FSceneViewport::OnFocusLost() reason 0
[2019.06.24-08.16.22:503][501]LogTemp: Repeating last play command: Selected Viewport
[2019.06.24-08.16.22:513][501]LogBlueprintUserMessages: Early PlayInEditor Detection: Level '/Game/TopDownBP/Maps/TopDownExampleMap.TopDownExampleMap:PersistentLevel' has LevelScriptBlueprint '/Game/TopDownBP/Maps/TopDownExampleMap.TopDownExampleMap:PersistentLevel.TopDownExampleMap' with GeneratedClass '/Game/TopDownBP/Maps/TopDownExampleMap.TopDownExampleMap_C' with ClassGeneratedBy '/Game/TopDownBP/Maps/TopDownExampleMap.TopDownExampleMap:PersistentLevel.TopDownExampleMap'
[2019.06.24-08.16.22:515][501]LogPlayLevel: PlayLevel: No blueprints needed recompiling
[2019.06.24-08.16.22:515][501]PIE: New page: PIE session: TopDownExampleMap (25 Jun 2019 3:16:22 am)
[2019.06.24-08.16.22:529][501]LogPlayLevel: Creating play world package: /Game/TopDownBP/Maps/UEDPIE_0_TopDownExampleMap
[2019.06.24-08.16.22:548][501]LogPlayLevel: PIE: StaticDuplicateObject took: (0.020094s)
[2019.06.24-08.16.22:549][501]LogAIModule: Creating AISystem for world TopDownExampleMap
[2019.06.24-08.16.22:549][501]LogPlayLevel: PIE: World Init took: (0.001368s)
[2019.06.24-08.16.22:550][501]LogPlayLevel: PIE: Created PIE world by copying editor world from /Game/TopDownBP/Maps/TopDownExampleMap.TopDownExampleMap to /Game/TopDownBP/Maps/UEDPIE_0_TopDownExampleMap.TopDownExampleMap (0.021973s)
[2019.06.24-08.16.22:585][501]LogUObjectHash: Compacting FUObjectHashTables data took   1.89ms
[2019.06.24-08.16.22:595][501]LogInit: XAudio2 using 'Speakers (Realtek High Definition Audio)' : 2 channels at 48 kHz using 32 bits per sample (channel mask 0x3)
[2019.06.24-08.16.22:619][501]LogInit: FAudioDevice initialized.
[2019.06.24-08.16.22:661][501]LogLoad: Game class is 'TopDownGameMode_C'
[2019.06.24-08.16.22:666][501]LogWorld: Bringing World /Game/TopDownBP/Maps/UEDPIE_0_TopDownExampleMap.TopDownExampleMap up for play (max tick rate 0) at 2019.06.24-17.46.22
[2019.06.24-08.16.22:972][501]LogWorld: Bringing up level for play took: 0.308244
[2019.06.24-08.16.23:003][501]LogContentBrowser: Native class hierarchy updated for 'MovieSceneCapture' in 0.0006 seconds. Added 20 classes and 0 folders.
[2019.06.24-08.16.23:023][501]PIE: Play in editor start time for /Game/TopDownBP/Maps/UEDPIE_0_TopDownExampleMap 0.244
[2019.06.24-08.16.23:024][501]LogBlueprintUserMessages: Late PlayInEditor Detection: Level '/Game/TopDownBP/Maps/TopDownExampleMap.TopDownExampleMap:PersistentLevel' has LevelScriptBlueprint '/Game/TopDownBP/Maps/TopDownExampleMap.TopDownExampleMap:PersistentLevel.TopDownExampleMap' with GeneratedClass '/Game/TopDownBP/Maps/TopDownExampleMap.TopDownExampleMap_C' with ClassGeneratedBy '/Game/TopDownBP/Maps/TopDownExampleMap.TopDownExampleMap:PersistentLevel.TopDownExampleMap'
[2019.06.24-08.16.23:052][502]LogCharacterMovement: Warning: GetSimulationTimeStep() - Max iterations 8 hit while remaining time 0.076969 > MaxSimulationTimeStep (0.050) for 'TopDownCharacter', movement 'Walking'
[2019.06.24-08.16.35:568][949]LogSlate: FSceneViewport::OnFocusLost() reason 0
[2019.06.24-08.16.35:712][966]LogBlueprintUserMessages: Early EndPlayMap Detection: Level '/Game/TopDownBP/Maps/TopDownExampleMap.TopDownExampleMap:PersistentLevel' has LevelScriptBlueprint '/Game/TopDownBP/Maps/TopDownExampleMap.TopDownExampleMap:PersistentLevel.TopDownExampleMap' with GeneratedClass '/Game/TopDownBP/Maps/TopDownExampleMap.TopDownExampleMap_C' with ClassGeneratedBy '/Game/TopDownBP/Maps/TopDownExampleMap.TopDownExampleMap:PersistentLevel.TopDownExampleMap'
[2019.06.24-08.16.35:713][966]LogSlate: Updating window title bar state: overlay mode, drag disabled, window buttons hidden, title bar hidden
[2019.06.24-08.16.35:744][966]LogPlayLevel: Display: Shutting down PIE online subsystems
[2019.06.24-08.16.35:744][966]LogBlueprintUserMessages: Late EndPlayMap Detection: Level '/Game/TopDownBP/Maps/TopDownExampleMap.TopDownExampleMap:PersistentLevel' has LevelScriptBlueprint '/Game/TopDownBP/Maps/TopDownExampleMap.TopDownExampleMap:PersistentLevel.TopDownExampleMap' with GeneratedClass '/Game/TopDownBP/Maps/TopDownExampleMap.TopDownExampleMap_C' with ClassGeneratedBy '/Game/TopDownBP/Maps/TopDownExampleMap.TopDownExampleMap:PersistentLevel.TopDownExampleMap'
[2019.06.24-08.16.35:774][966]LogSlate: Updating window title bar state: overlay mode, drag disabled, window buttons hidden, title bar hidden
[2019.06.24-08.16.35:778][966]LogUObjectHash: Compacting FUObjectHashTables data took   1.98ms
[2019.06.24-08.16.35:850][969]LogPlayLevel: Display: Destroying online subsystem :Context_4
[2019.06.24-08.17.04:140][749]LogSlate: FSceneViewport::OnFocusLost() reason 0
[2019.06.24-08.17.33:633][135]LogSlate: FSceneViewport::OnFocusLost() reason 0
[2019.06.24-08.17.42:872][945]LogSlate: Took 0.000498 seconds to synchronously load lazily loaded font '../../../Engine/Content/Slate/Fonts/Roboto-Light.ttf' (167K)
[2019.06.24-08.17.42:880][945]LogAssetEditorManager: Opening Asset editor for Blueprint /Game/__MyContent/Blueprints/Asset_BP/Tower/Tower/Tower_Projectile_BP.Tower_Projectile_BP
[2019.06.24-08.17.43:837][945]LogContentBrowser: Native class hierarchy updated for 'BlueprintGraph' in 0.0007 seconds. Added 121 classes and 0 folders.
[2019.06.24-08.17.45:153][945]LogSlate: Took 0.001631 seconds to synchronously load lazily loaded font '../../../Engine/Content/Slate/Fonts/Roboto-BoldCondensed.ttf' (158K)
[2019.06.24-08.17.45:326][946]LogSlate: Took 0.001611 seconds to synchronously load lazily loaded font '../../../Engine/Content/Slate/Fonts/Roboto-Italic.ttf' (157K)
[2019.06.24-08.24.15:204][771]LogAssetEditorManager: Opening Asset editor for DataTable /Game/__MyContent/Blueprints/Wave/Runner_Data_Table.Runner_Data_Table
[2019.06.24-08.24.15:210][771]LogBlueprintActionDatabase: Requesting refresh due to module change: DataTableEditor (loaded)
[2019.06.24-08.25.34:125][870]LogSavePackage: Moving 'C:/Users/Wai1k/Documents/GitHub/farmdefense/FarmDefense/Saved/Runner_Data_Table5EEE8A6F4F47A407131B9783A8542483.tmp' to 'C:/Users/Wai1k/Documents/GitHub/farmdefense/FarmDefense/Content/__MyContent/Blueprints/Wave/Runner_Data_Table.uasset'
[2019.06.24-08.25.35:431][  2]LogTemp: Repeating last play command: Selected Viewport
[2019.06.24-08.25.35:447][  2]LogBlueprintUserMessages: Early PlayInEditor Detection: Level '/Game/TopDownBP/Maps/TopDownExampleMap.TopDownExampleMap:PersistentLevel' has LevelScriptBlueprint '/Game/TopDownBP/Maps/TopDownExampleMap.TopDownExampleMap:PersistentLevel.TopDownExampleMap' with GeneratedClass '/Game/TopDownBP/Maps/TopDownExampleMap.TopDownExampleMap_C' with ClassGeneratedBy '/Game/TopDownBP/Maps/TopDownExampleMap.TopDownExampleMap:PersistentLevel.TopDownExampleMap'
[2019.06.24-08.25.35:448][  2]LogPlayLevel: PlayLevel: No blueprints needed recompiling
[2019.06.24-08.25.35:448][  2]PIE: New page: PIE session: TopDownExampleMap (25 Jun 2019 3:25:35 am)
[2019.06.24-08.25.35:448][  2]LogPlayLevel: Creating play world package: /Game/TopDownBP/Maps/UEDPIE_0_TopDownExampleMap
[2019.06.24-08.25.35:468][  2]LogPlayLevel: PIE: StaticDuplicateObject took: (0.020294s)
[2019.06.24-08.25.35:469][  2]LogAIModule: Creating AISystem for world TopDownExampleMap
[2019.06.24-08.25.35:469][  2]LogPlayLevel: PIE: World Init took: (0.000946s)
[2019.06.24-08.25.35:469][  2]LogPlayLevel: PIE: Created PIE world by copying editor world from /Game/TopDownBP/Maps/TopDownExampleMap.TopDownExampleMap to /Game/TopDownBP/Maps/UEDPIE_0_TopDownExampleMap.TopDownExampleMap (0.021491s)
[2019.06.24-08.25.35:574][  2]LogUObjectHash: Compacting FUObjectHashTables data took   6.72ms
[2019.06.24-08.25.35:582][  2]LogInit: XAudio2 using 'Speakers (Realtek High Definition Audio)' : 2 channels at 48 kHz using 32 bits per sample (channel mask 0x3)
[2019.06.24-08.25.35:610][  2]LogInit: FAudioDevice initialized.
[2019.06.24-08.25.35:641][  2]LogLoad: Game class is 'TopDownGameMode_C'
[2019.06.24-08.25.35:644][  2]LogWorld: Bringing World /Game/TopDownBP/Maps/UEDPIE_0_TopDownExampleMap.TopDownExampleMap up for play (max tick rate 0) at 2019.06.24-17.55.35
[2019.06.24-08.25.35:644][  2]LogWorld: Bringing up level for play took: 0.002195
[2019.06.24-08.25.35:658][  2]PIE: Play in editor start time for /Game/TopDownBP/Maps/UEDPIE_0_TopDownExampleMap 0.878
[2019.06.24-08.25.35:658][  2]LogBlueprintUserMessages: Late PlayInEditor Detection: Level '/Game/TopDownBP/Maps/TopDownExampleMap.TopDownExampleMap:PersistentLevel' has LevelScriptBlueprint '/Game/TopDownBP/Maps/TopDownExampleMap.TopDownExampleMap:PersistentLevel.TopDownExampleMap' with GeneratedClass '/Game/TopDownBP/Maps/TopDownExampleMap.TopDownExampleMap_C' with ClassGeneratedBy '/Game/TopDownBP/Maps/TopDownExampleMap.TopDownExampleMap:PersistentLevel.TopDownExampleMap'
[2019.06.24-08.25.36:431][ 66]LogAnimation: Warning: AnimBP ThirdPerson_AnimBP_C is incompatible with skeleton SK_Pig_Skeleton, removing AnimBP from actor.
[2019.06.24-08.25.37:435][180]LogAnimation: Warning: AnimBP ThirdPerson_AnimBP_C is incompatible with skeleton SK_Pig_Skeleton, removing AnimBP from actor.
[2019.06.24-08.25.38:438][295]LogAnimation: Warning: AnimBP ThirdPerson_AnimBP_C is incompatible with skeleton SK_Pig_Skeleton, removing AnimBP from actor.
[2019.06.24-08.25.39:440][409]LogAnimation: Warning: AnimBP ThirdPerson_AnimBP_C is incompatible with skeleton SK_Pig_Skeleton, removing AnimBP from actor.
[2019.06.24-08.25.40:300][500]LogBlueprintUserMessages: Early EndPlayMap Detection: Level '/Game/TopDownBP/Maps/TopDownExampleMap.TopDownExampleMap:PersistentLevel' has LevelScriptBlueprint '/Game/TopDownBP/Maps/TopDownExampleMap.TopDownExampleMap:PersistentLevel.TopDownExampleMap' with GeneratedClass '/Game/TopDownBP/Maps/TopDownExampleMap.TopDownExampleMap_C' with ClassGeneratedBy '/Game/TopDownBP/Maps/TopDownExampleMap.TopDownExampleMap:PersistentLevel.TopDownExampleMap'
[2019.06.24-08.25.40:300][500]LogSlate: Updating window title bar state: overlay mode, drag disabled, window buttons hidden, title bar hidden
[2019.06.24-08.25.40:330][500]LogPlayLevel: Display: Shutting down PIE online subsystems
[2019.06.24-08.25.40:330][500]LogBlueprintUserMessages: Late EndPlayMap Detection: Level '/Game/TopDownBP/Maps/TopDownExampleMap.TopDownExampleMap:PersistentLevel' has LevelScriptBlueprint '/Game/TopDownBP/Maps/TopDownExampleMap.TopDownExampleMap:PersistentLevel.TopDownExampleMap' with GeneratedClass '/Game/TopDownBP/Maps/TopDownExampleMap.TopDownExampleMap_C' with ClassGeneratedBy '/Game/TopDownBP/Maps/TopDownExampleMap.TopDownExampleMap:PersistentLevel.TopDownExampleMap'
[2019.06.24-08.25.40:384][500]LogSlate: Updating window title bar state: overlay mode, drag disabled, window buttons hidden, title bar hidden
[2019.06.24-08.25.40:394][500]LogUObjectHash: Compacting FUObjectHashTables data took   3.64ms
[2019.06.24-08.25.40:410][501]LogPlayLevel: Display: Destroying online subsystem :Context_10
[2019.06.24-08.26.21:549][940]LogAssetEditorManager: Opening Asset editor for Blueprint /Game/__MyContent/Blueprints/Enemy.Enemy
[2019.06.24-08.26.26:740][392]LogSlate: Window 'Enemy' being destroyed
[2019.06.24-08.26.28:614][563]LogAssetEditorManager: Opening Asset editor for Blueprint /Game/__MyContent/Blueprints/Enemy.Enemy
[2019.06.24-08.26.35:241][202]LogSlate: Window 'Enemy' being destroyed
[2019.06.24-08.26.39:798][585]LogSlate: Window 'Enemy' being destroyed
[2019.06.24-08.26.39:809][585]LogSlate: Window 'Enemy' being destroyed
[2019.06.24-08.26.50:650][434]LogAssetEditorManager: Opening Asset editor for Blueprint /Game/__MyContent/Blueprints/AI/Spawner.Spawner
[2019.06.24-08.26.56:731][920]LogSlate: Window 'Spawner' being destroyed
[2019.06.24-08.27.55:576][134]LogAssetEditorManager: Opening Asset editor for Blueprint /Game/__MyContent/Blueprints/AI/TestDummy.TestDummy
[2019.06.24-08.28.06:799][371]LogTemp: Repeating last play command: Selected Viewport
[2019.06.24-08.28.06:819][371]LogBlueprintUserMessages: Early PlayInEditor Detection: Level '/Game/TopDownBP/Maps/TopDownExampleMap.TopDownExampleMap:PersistentLevel' has LevelScriptBlueprint '/Game/TopDownBP/Maps/TopDownExampleMap.TopDownExampleMap:PersistentLevel.TopDownExampleMap' with GeneratedClass '/Game/TopDownBP/Maps/TopDownExampleMap.TopDownExampleMap_C' with ClassGeneratedBy '/Game/TopDownBP/Maps/TopDownExampleMap.TopDownExampleMap:PersistentLevel.TopDownExampleMap'
[2019.06.24-08.28.06:820][371]LogPlayLevel: PlayLevel: No blueprints needed recompiling
[2019.06.24-08.28.06:820][371]PIE: New page: PIE session: TopDownExampleMap (25 Jun 2019 3:28:06 am)
[2019.06.24-08.28.06:820][371]LogPlayLevel: Creating play world package: /Game/TopDownBP/Maps/UEDPIE_0_TopDownExampleMap
[2019.06.24-08.28.06:841][371]LogPlayLevel: PIE: StaticDuplicateObject took: (0.020633s)
[2019.06.24-08.28.06:841][371]LogAIModule: Creating AISystem for world TopDownExampleMap
[2019.06.24-08.28.06:842][371]LogPlayLevel: PIE: World Init took: (0.001043s)
[2019.06.24-08.28.06:842][371]LogPlayLevel: PIE: Created PIE world by copying editor world from /Game/TopDownBP/Maps/TopDownExampleMap.TopDownExampleMap to /Game/TopDownBP/Maps/UEDPIE_0_TopDownExampleMap.TopDownExampleMap (0.021920s)
[2019.06.24-08.28.06:906][371]LogUObjectHash: Compacting FUObjectHashTables data took   2.91ms
[2019.06.24-08.28.06:913][371]LogInit: XAudio2 using 'Speakers (Realtek High Definition Audio)' : 2 channels at 48 kHz using 32 bits per sample (channel mask 0x3)
[2019.06.24-08.28.06:938][371]LogInit: FAudioDevice initialized.
[2019.06.24-08.28.06:966][371]LogLoad: Game class is 'TopDownGameMode_C'
[2019.06.24-08.28.06:970][371]LogWorld: Bringing World /Game/TopDownBP/Maps/UEDPIE_0_TopDownExampleMap.TopDownExampleMap up for play (max tick rate 0) at 2019.06.24-17.58.06
[2019.06.24-08.28.06:970][371]LogWorld: Bringing up level for play took: 0.003582
[2019.06.24-08.28.06:983][371]PIE: Play in editor start time for /Game/TopDownBP/Maps/UEDPIE_0_TopDownExampleMap 0.203
[2019.06.24-08.28.06:983][371]LogBlueprintUserMessages: Late PlayInEditor Detection: Level '/Game/TopDownBP/Maps/TopDownExampleMap.TopDownExampleMap:PersistentLevel' has LevelScriptBlueprint '/Game/TopDownBP/Maps/TopDownExampleMap.TopDownExampleMap:PersistentLevel.TopDownExampleMap' with GeneratedClass '/Game/TopDownBP/Maps/TopDownExampleMap.TopDownExampleMap_C' with ClassGeneratedBy '/Game/TopDownBP/Maps/TopDownExampleMap.TopDownExampleMap:PersistentLevel.TopDownExampleMap'
[2019.06.24-08.28.07:796][459]LogAnimation: Warning: AnimBP ThirdPerson_AnimBP_C is incompatible with skeleton SK_Pig_Skeleton, removing AnimBP from actor.
[2019.06.24-08.28.08:800][571]LogAnimation: Warning: AnimBP ThirdPerson_AnimBP_C is incompatible with skeleton SK_Pig_Skeleton, removing AnimBP from actor.
[2019.06.24-08.28.09:803][681]LogAnimation: Warning: AnimBP ThirdPerson_AnimBP_C is incompatible with skeleton SK_Pig_Skeleton, removing AnimBP from actor.
[2019.06.24-08.28.10:810][787]LogAnimation: Warning: AnimBP ThirdPerson_AnimBP_C is incompatible with skeleton SK_Pig_Skeleton, removing AnimBP from actor.
[2019.06.24-08.28.11:814][896]LogAnimation: Warning: AnimBP ThirdPerson_AnimBP_C is incompatible with skeleton SK_Pig_Skeleton, removing AnimBP from actor.
[2019.06.24-08.28.12:817][ 12]LogAnimation: Warning: AnimBP ThirdPerson_AnimBP_C is incompatible with skeleton SK_Pig_Skeleton, removing AnimBP from actor.
[2019.06.24-08.28.14:150][158]LogBlueprintUserMessages: Early EndPlayMap Detection: Level '/Game/TopDownBP/Maps/TopDownExampleMap.TopDownExampleMap:PersistentLevel' has LevelScriptBlueprint '/Game/TopDownBP/Maps/TopDownExampleMap.TopDownExampleMap:PersistentLevel.TopDownExampleMap' with GeneratedClass '/Game/TopDownBP/Maps/TopDownExampleMap.TopDownExampleMap_C' with ClassGeneratedBy '/Game/TopDownBP/Maps/TopDownExampleMap.TopDownExampleMap:PersistentLevel.TopDownExampleMap'
[2019.06.24-08.28.14:150][158]LogSlate: Updating window title bar state: overlay mode, drag disabled, window buttons hidden, title bar hidden
[2019.06.24-08.28.14:191][158]LogPlayLevel: Display: Shutting down PIE online subsystems
[2019.06.24-08.28.14:191][158]LogBlueprintUserMessages: Late EndPlayMap Detection: Level '/Game/TopDownBP/Maps/TopDownExampleMap.TopDownExampleMap:PersistentLevel' has LevelScriptBlueprint '/Game/TopDownBP/Maps/TopDownExampleMap.TopDownExampleMap:PersistentLevel.TopDownExampleMap' with GeneratedClass '/Game/TopDownBP/Maps/TopDownExampleMap.TopDownExampleMap_C' with ClassGeneratedBy '/Game/TopDownBP/Maps/TopDownExampleMap.TopDownExampleMap:PersistentLevel.TopDownExampleMap'
[2019.06.24-08.28.14:245][158]LogSlate: Updating window title bar state: overlay mode, drag disabled, window buttons hidden, title bar hidden
[2019.06.24-08.28.14:252][158]LogUObjectHash: Compacting FUObjectHashTables data took   3.43ms
[2019.06.24-08.28.14:270][159]LogPlayLevel: Display: Destroying online subsystem :Context_16
[2019.06.24-08.28.24:616][323]LogSavePackage: Moving 'C:/Users/Wai1k/Documents/GitHub/farmdefense/FarmDefense/Saved/Runner_Data_TableD59EB46A477C7A72396A88981A80459D.tmp' to 'C:/Users/Wai1k/Documents/GitHub/farmdefense/FarmDefense/Content/__MyContent/Blueprints/Wave/Runner_Data_Table.uasset'
[2019.06.24-08.30.17:916][870]LogTemp: Repeating last play command: Selected Viewport
[2019.06.24-08.30.17:936][870]LogBlueprintUserMessages: Early PlayInEditor Detection: Level '/Game/TopDownBP/Maps/TopDownExampleMap.TopDownExampleMap:PersistentLevel' has LevelScriptBlueprint '/Game/TopDownBP/Maps/TopDownExampleMap.TopDownExampleMap:PersistentLevel.TopDownExampleMap' with GeneratedClass '/Game/TopDownBP/Maps/TopDownExampleMap.TopDownExampleMap_C' with ClassGeneratedBy '/Game/TopDownBP/Maps/TopDownExampleMap.TopDownExampleMap:PersistentLevel.TopDownExampleMap'
[2019.06.24-08.30.17:936][870]LogPlayLevel: PlayLevel: No blueprints needed recompiling
[2019.06.24-08.30.17:936][870]PIE: New page: PIE session: TopDownExampleMap (25 Jun 2019 3:30:17 am)
[2019.06.24-08.30.17:936][870]LogPlayLevel: Creating play world package: /Game/TopDownBP/Maps/UEDPIE_0_TopDownExampleMap
[2019.06.24-08.30.17:953][870]LogPlayLevel: PIE: StaticDuplicateObject took: (0.016947s)
[2019.06.24-08.30.17:954][870]LogAIModule: Creating AISystem for world TopDownExampleMap
[2019.06.24-08.30.17:954][870]LogPlayLevel: PIE: World Init took: (0.001284s)
[2019.06.24-08.30.17:954][870]LogPlayLevel: PIE: Created PIE world by copying editor world from /Game/TopDownBP/Maps/TopDownExampleMap.TopDownExampleMap to /Game/TopDownBP/Maps/UEDPIE_0_TopDownExampleMap.TopDownExampleMap (0.018591s)
[2019.06.24-08.30.18:036][870]LogUObjectHash: Compacting FUObjectHashTables data took   3.46ms
[2019.06.24-08.30.18:043][870]LogInit: XAudio2 using 'Speakers (Realtek High Definition Audio)' : 2 channels at 48 kHz using 32 bits per sample (channel mask 0x3)
[2019.06.24-08.30.18:072][870]LogInit: FAudioDevice initialized.
[2019.06.24-08.30.18:098][870]LogLoad: Game class is 'TopDownGameMode_C'
[2019.06.24-08.30.18:102][870]LogWorld: Bringing World /Game/TopDownBP/Maps/UEDPIE_0_TopDownExampleMap.TopDownExampleMap up for play (max tick rate 0) at 2019.06.24-18.00.18
[2019.06.24-08.30.18:102][870]LogWorld: Bringing up level for play took: 0.002720
[2019.06.24-08.30.18:115][870]PIE: Play in editor start time for /Game/TopDownBP/Maps/UEDPIE_0_TopDownExampleMap -0.665
[2019.06.24-08.30.18:115][870]LogBlueprintUserMessages: Late PlayInEditor Detection: Level '/Game/TopDownBP/Maps/TopDownExampleMap.TopDownExampleMap:PersistentLevel' has LevelScriptBlueprint '/Game/TopDownBP/Maps/TopDownExampleMap.TopDownExampleMap:PersistentLevel.TopDownExampleMap' with GeneratedClass '/Game/TopDownBP/Maps/TopDownExampleMap.TopDownExampleMap_C' with ClassGeneratedBy '/Game/TopDownBP/Maps/TopDownExampleMap.TopDownExampleMap:PersistentLevel.TopDownExampleMap'
[2019.06.24-08.30.18:914][937]LogAnimation: Warning: AnimBP ThirdPerson_AnimBP_C is incompatible with skeleton SK_Pig_Skeleton, removing AnimBP from actor.
[2019.06.24-08.30.19:916][ 51]LogAnimation: Warning: AnimBP ThirdPerson_AnimBP_C is incompatible with skeleton SK_Pig_Skeleton, removing AnimBP from actor.
[2019.06.24-08.30.20:918][160]LogAnimation: Warning: AnimBP ThirdPerson_AnimBP_C is incompatible with skeleton SK_Pig_Skeleton, removing AnimBP from actor.
[2019.06.24-08.30.21:924][270]LogAnimation: Warning: AnimBP ThirdPerson_AnimBP_C is incompatible with skeleton SK_Pig_Skeleton, removing AnimBP from actor.
[2019.06.24-08.30.22:930][382]LogAnimation: Warning: AnimBP ThirdPerson_AnimBP_C is incompatible with skeleton SK_Pig_Skeleton, removing AnimBP from actor.
[2019.06.24-08.30.23:937][489]LogAnimation: Warning: AnimBP ThirdPerson_AnimBP_C is incompatible with skeleton SK_Pig_Skeleton, removing AnimBP from actor.
[2019.06.24-08.30.24:214][519]LogBlueprintUserMessages: Early EndPlayMap Detection: Level '/Game/TopDownBP/Maps/TopDownExampleMap.TopDownExampleMap:PersistentLevel' has LevelScriptBlueprint '/Game/TopDownBP/Maps/TopDownExampleMap.TopDownExampleMap:PersistentLevel.TopDownExampleMap' with GeneratedClass '/Game/TopDownBP/Maps/TopDownExampleMap.TopDownExampleMap_C' with ClassGeneratedBy '/Game/TopDownBP/Maps/TopDownExampleMap.TopDownExampleMap:PersistentLevel.TopDownExampleMap'
[2019.06.24-08.30.24:215][519]LogSlate: Updating window title bar state: overlay mode, drag disabled, window buttons hidden, title bar hidden
[2019.06.24-08.30.24:251][519]LogPlayLevel: Display: Shutting down PIE online subsystems
[2019.06.24-08.30.24:252][519]LogBlueprintUserMessages: Late EndPlayMap Detection: Level '/Game/TopDownBP/Maps/TopDownExampleMap.TopDownExampleMap:PersistentLevel' has LevelScriptBlueprint '/Game/TopDownBP/Maps/TopDownExampleMap.TopDownExampleMap:PersistentLevel.TopDownExampleMap' with GeneratedClass '/Game/TopDownBP/Maps/TopDownExampleMap.TopDownExampleMap_C' with ClassGeneratedBy '/Game/TopDownBP/Maps/TopDownExampleMap.TopDownExampleMap:PersistentLevel.TopDownExampleMap'
[2019.06.24-08.30.24:307][519]LogSlate: Updating window title bar state: overlay mode, drag disabled, window buttons hidden, title bar hidden
[2019.06.24-08.30.24:312][519]LogUObjectHash: Compacting FUObjectHashTables data took   2.52ms
[2019.06.24-08.30.24:330][520]LogPlayLevel: Display: Destroying online subsystem :Context_17
[2019.06.24-08.30.40:543][735]LogSlate: FSceneViewport::OnFocusLost() reason 0
[2019.06.24-08.31.10:936][343]LogEditorViewport: Clicking on Actor (context menu): StaticMeshActor (Floor)
[2019.06.24-08.31.11:546][343]LogSlate: FSceneViewport::OnFocusLost() reason 2
[2019.06.24-08.31.48:403][ 41]LogUObjectHash: Compacting FUObjectHashTables data took   0.83ms
[2019.06.24-08.31.48:403][ 41]LogFileHelpers: Editor autosave (incl. sublevels) for '/Game/TopDownBP/Maps/TopDownExampleMap' took 0.043
[2019.06.24-08.31.48:405][ 41]OBJ SavePackage: Generating thumbnails for [0] asset(s) in package [/Game/__MyContent/Blueprints/Wave/Runner_Data_Table] ([1] browsable assets)...
[2019.06.24-08.31.48:405][ 41]OBJ SavePackage: Finished generating thumbnails for package [/Game/__MyContent/Blueprints/Wave/Runner_Data_Table]
[2019.06.24-08.31.48:420][ 41]LogSavePackage: Moving 'C:/Users/Wai1k/Documents/GitHub/farmdefense/FarmDefense/Saved/Runner_Data_Table_Auto15936BB8C491AB2D1C1A31998B99D53D5.tmp' to 'C:/Users/Wai1k/Documents/GitHub/farmdefense/FarmDefense/Saved/Autosaves/Game/__MyContent/Blueprints/Wave/Runner_Data_Table_Auto1.uasset'
[2019.06.24-08.31.48:422][ 41]LogFileHelpers: Auto-saving content packages took 0.018
[2019.06.24-08.37.30:175][312]LogSlate: FSceneViewport::OnFocusLost() reason 0
[2019.06.24-08.47.13:952][885]LogAssetEditorManager: Opening Asset editor for UserDefinedEnum /Game/__MyContent/Blueprints/Asset_BP/My_Game_state.My_Game_state
[2019.06.24-08.47.54:197][674]LogAssetEditorManager: Opening Asset editor for WidgetBlueprint /Game/__MyContent/Blueprints/UI/Main_Overlay_Widget.Main_Overlay_Widget
[2019.06.24-08.47.54:929][674]LogBlueprintActionDatabase: Requesting refresh due to module change: SequencerWidgets (loaded)
[2019.06.24-08.48.34:237][101]LogAssetEditorManager: Opening Asset editor for WidgetBlueprint /Game/__MyContent/Blueprints/UI/Widget_GameOver.Widget_GameOver
[2019.06.24-08.53.32:891][950]LogSlate: FSceneViewport::OnFocusLost() reason 0
[2019.06.24-08.53.56:353][921]LogSlate: FSceneViewport::OnFocusLost() reason 0
[2019.06.24-08.54.12:397][941]LogAssetEditorManager: Opening Asset editor for Blueprint /Game/__MyContent/Blueprints/Asset_BP/Tower/Tower/Base_Turret_BP.Base_Turret_BP
[2019.06.24-08.57.52:671][620]LogRenderer: Reallocating scene render targets to support 1120x692 Format 10 NumSamples 1 (Frame:1).
[2019.06.24-08.58.11:165][806]LogSlate: FSceneViewport::OnFocusLost() reason 0
[2019.06.24-08.58.28:404][ 38]LogUObjectHash: Compacting FUObjectHashTables data took   8.19ms
[2019.06.24-08.58.45:063][439]LogUObjectHash: Compacting FUObjectHashTables data took   5.48ms
[2019.06.24-08.59.10:505][127]LogUObjectHash: Compacting FUObjectHashTables data took   4.56ms
[2019.06.24-08.59.10:505][127]LogFileHelpers: Editor autosave (incl. sublevels) for '/Game/TopDownBP/Maps/TopDownExampleMap' took 0.121
[2019.06.24-08.59.10:507][127]OBJ SavePackage: Generating thumbnails for [1] asset(s) in package [/Game/__MyContent/Blueprints/Asset_BP/Tower/Tower/Tower_Projectile_BP1_Fire] ([1] browsable assets)...
[2019.06.24-08.59.10:550][127]OBJ SavePackage:     Rendered thumbnail for [Blueprint /Game/__MyContent/Blueprints/Asset_BP/Tower/Tower/Tower_Projectile_BP1_Fire.Tower_Projectile_BP1_Fire]
[2019.06.24-08.59.10:550][127]OBJ SavePackage: Finished generating thumbnails for package [/Game/__MyContent/Blueprints/Asset_BP/Tower/Tower/Tower_Projectile_BP1_Fire]
[2019.06.24-08.59.10:595][127]LogSavePackage: Moving 'C:/Users/Wai1k/Documents/GitHub/farmdefense/FarmDefense/Saved/Tower_Projectile_BP1_Fire_Auto2B03DB29346D1295006CF21A578C8F5FF.tmp' to 'C:/Users/Wai1k/Documents/GitHub/farmdefense/FarmDefense/Saved/Autosaves/Game/__MyContent/Blueprints/Asset_BP/Tower/Tower/Tower_Projectile_BP1_Fire_Auto2.uasset'
[2019.06.24-08.59.10:599][127]OBJ SavePackage: Generating thumbnails for [1] asset(s) in package [/Game/__MyContent/Blueprints/Asset_BP/Tower/Tower/Tower_Projectile_BP1_Ice] ([1] browsable assets)...
[2019.06.24-08.59.10:638][127]OBJ SavePackage:     Rendered thumbnail for [Blueprint /Game/__MyContent/Blueprints/Asset_BP/Tower/Tower/Tower_Projectile_BP1_Ice.Tower_Projectile_BP1_Ice]
[2019.06.24-08.59.10:638][127]OBJ SavePackage: Finished generating thumbnails for package [/Game/__MyContent/Blueprints/Asset_BP/Tower/Tower/Tower_Projectile_BP1_Ice]
[2019.06.24-08.59.10:681][127]LogSavePackage: Moving 'C:/Users/Wai1k/Documents/GitHub/farmdefense/FarmDefense/Saved/Tower_Projectile_BP1_Ice_Auto2F3C1D84F4FBB273AF1D375BF7AF25269.tmp' to 'C:/Users/Wai1k/Documents/GitHub/farmdefense/FarmDefense/Saved/Autosaves/Game/__MyContent/Blueprints/Asset_BP/Tower/Tower/Tower_Projectile_BP1_Ice_Auto2.uasset'
[2019.06.24-08.59.10:683][127]LogFileHelpers: Auto-saving content packages took 0.177
