Log file open, 06/17/19 19:34:42
LogWindows: Failed to load 'aqProf.dll' (GetLastError=126)
LogWindows: File 'aqProf.dll' does not exist
LogWindows: Failed to load 'VtuneApi.dll' (GetLastError=126)
LogWindows: File 'VtuneApi.dll' does not exist
LogWindows: Failed to load 'VtuneApi32e.dll' (GetLastError=126)
LogWindows: File 'VtuneApi32e.dll' does not exist
LogConsoleResponse: Display: Failed to find resolution value strings in scalability ini. Falling back to default.
LogInit: Display: Running engine for game: FarmDefense
LogPakFile: Registered encryption key '00000000000000000000000000000000': 0 pak files mounted, 0 remain pending
LogPlatformFile: Not using cached read wrapper
LogTaskGraph: Started task graph with 5 named threads and 20 total threads with 3 sets of task threads.
LogStats: Stats thread started at 0.242862
LogD3D11RHI: Loaded GFSDK_Aftermath_Lib.x64.dll
LogICUInternationalization: ICU TimeZone Detection - Raw Offset: +8:00, Platform Override: ''
LogPluginManager: Mounting plugin Paper2D
LogPluginManager: Mounting plugin AISupport
LogPluginManager: Mounting plugin LightPropagationVolume
LogPluginManager: Mounting plugin ActorLayerUtilities
LogPluginManager: Mounting plugin CLionSourceCodeAccess
LogPluginManager: Mounting plugin CodeLiteSourceCodeAccess
LogPluginManager: Mounting plugin GitSourceControl
LogPluginManager: Mounting plugin KDevelopSourceCodeAccess
LogPluginManager: Mounting plugin NullSourceCodeAccess
LogPluginManager: Mounting plugin PerforceSourceControl
LogPluginManager: Mounting plugin SubversionSourceControl
LogPluginManager: Mounting plugin UObjectPlugin
LogPluginManager: Mounting plugin VisualStudioCodeSourceCodeAccess
LogPluginManager: Mounting plugin VisualStudioSourceCodeAccess
LogPluginManager: Mounting plugin XCodeSourceCodeAccess
LogPluginManager: Mounting plugin AssetManagerEditor
LogPluginManager: Mounting plugin CryptoKeys
LogPluginManager: Mounting plugin DataValidation
LogPluginManager: Mounting plugin FacialAnimation
LogPluginManager: Mounting plugin GameplayTagsEditor
LogPluginManager: Mounting plugin MacGraphicsSwitching
LogPluginManager: Mounting plugin MeshEditor
LogPluginManager: Mounting plugin MobileLauncherProfileWizard
LogPluginManager: Mounting plugin PluginBrowser
LogPluginManager: Mounting plugin SpeedTreeImporter
LogPluginManager: Mounting plugin DatasmithContent
LogPluginManager: Mounting plugin VariantManagerContent
LogPluginManager: Mounting plugin AlembicImporter
LogPluginManager: Mounting plugin AppleImageUtils
LogPluginManager: Mounting plugin AppleVision
LogPluginManager: Mounting plugin BackChannel
LogPluginManager: Mounting plugin CharacterAI
LogPluginManager: Mounting plugin GeometryCache
LogPluginManager: Mounting plugin HTML5Networking
LogPluginManager: Mounting plugin ProxyLODPlugin
LogPluginManager: Mounting plugin MagicLeap
LogPluginManager: Mounting plugin MagicLeapMedia
LogPluginManager: Mounting plugin AndroidMedia
LogPluginManager: Mounting plugin AvfMedia
LogPluginManager: Mounting plugin ImgMedia
LogPluginManager: Mounting plugin LinearTimecode
LogPluginManager: Mounting plugin MediaCompositing
LogPluginManager: Mounting plugin MediaPlayerEditor
LogPluginManager: Mounting plugin WebMMedia
LogPluginManager: Mounting plugin WmfMedia
LogPluginManager: Mounting plugin TcpMessaging
LogPluginManager: Mounting plugin UdpMessaging
LogPluginManager: Mounting plugin ActorSequence
LogPluginManager: Mounting plugin LevelSequenceEditor
LogPluginManager: Mounting plugin MatineeToLevelSequence
LogPluginManager: Mounting plugin NetcodeUnitTest
LogPluginManager: Mounting plugin NUTUnrealEngine4
LogPluginManager: Mounting plugin OnlineSubsystemGooglePlay
LogPluginManager: Mounting plugin OnlineSubsystemIOS
LogPluginManager: Mounting plugin OnlineSubsystem
LogPluginManager: Mounting plugin OnlineSubsystemNull
LogPluginManager: Mounting plugin OnlineSubsystemUtils
LogPluginManager: Mounting plugin LauncherChunkInstaller
LogPluginManager: Mounting plugin AndroidDeviceProfileSelector
LogPluginManager: Mounting plugin AndroidMoviePlayer
LogPluginManager: Mounting plugin AndroidPermission
LogPluginManager: Mounting plugin AppleMoviePlayer
LogPluginManager: Mounting plugin ArchVisCharacter
LogPluginManager: Mounting plugin AudioCapture
LogPluginManager: Mounting plugin CableComponent
LogPluginManager: Mounting plugin CustomMeshComponent
LogPluginManager: Mounting plugin EditableMesh
LogPluginManager: Mounting plugin ExampleDeviceProfileSelector
LogPluginManager: Mounting plugin Firebase
LogPluginManager: Mounting plugin GoogleCloudMessaging
LogPluginManager: Mounting plugin IOSDeviceProfileSelector
LogPluginManager: Mounting plugin LinuxDeviceProfileSelector
LogPluginManager: Mounting plugin LocationServicesBPLibrary
LogPluginManager: Mounting plugin MobilePatchingUtils
LogPluginManager: Mounting plugin OculusVR
LogPluginManager: Mounting plugin PhysXVehicles
LogPluginManager: Mounting plugin ProceduralMeshComponent
LogPluginManager: Mounting plugin RuntimePhysXCooking
LogPluginManager: Mounting plugin SteamVR
LogPluginManager: Mounting plugin WebMMoviePlayer
LogPluginManager: Mounting plugin WindowsMoviePlayer
LogStreaming: Display: Took  0.197s to configure plugins.
LogInit: Using libcurl 7.55.1-DEV
LogInit:  - built for x86_64-pc-win32
LogInit:  - supports SSL with OpenSSL/1.0.2h
LogInit:  - supports HTTP deflate (compression) using libz 1.2.8
LogInit:  - other features:
LogInit:      CURL_VERSION_SSL
LogInit:      CURL_VERSION_LIBZ
LogInit:      CURL_VERSION_IPV6
LogInit:      CURL_VERSION_ASYNCHDNS
LogInit:      CURL_VERSION_LARGEFILE
LogInit:      CURL_VERSION_IDN
LogInit:  CurlRequestOptions (configurable via config and command line):
LogInit:  - bVerifyPeer = true  - Libcurl will verify peer certificate
LogInit:  - bUseHttpProxy = false  - Libcurl will NOT use HTTP proxy
LogInit:  - bDontReuseConnections = false  - Libcurl will reuse connections
LogInit:  - MaxHostConnections = 16  - Libcurl will limit the number of connections to a host
LogInit:  - LocalHostAddr = Default
LogInit:  - BufferSize = 65536
LogInit: WinSock: version 1.1 (2.2), MaxSocks=32767, MaxUdp=65467
LogInit: Build: ++UE4+Release-4.21-CL-4753647
LogInit: Engine Version: 4.21.2-4753647+++UE4+Release-4.21
LogInit: Compatible Engine Version: 4.21.0-4541578+++UE4+Release-4.21
LogInit: Net CL: 4541578
LogInit: OS: Windows 10 (), CPU: Intel(R) Core(TM) i5-8500 CPU @ 3.00GHz, GPU: NVIDIA GeForce GTX 1060 6GB
LogInit: Compiled (64-bit): Jan 19 2019 02:07:31
LogInit: Compiled with Visual C++: 19.13.26129.00
LogInit: Build Configuration: Development
LogInit: Branch Name: ++UE4+Release-4.21
LogInit: Command Line: 
LogInit: Base Directory: E:/Epic Games/UE_4.21/Engine/Binaries/Win64/
LogInit: Installed Engine Build: 1
LogDevObjectVersion: Number of dev versions registered: 22
LogDevObjectVersion:   Dev-Blueprints (B0D832E4-1F89-4F0D-ACCF-7EB736FD4AA2): 10
LogDevObjectVersion:   Dev-Build (E1C64328-A22C-4D53-A36C-8E866417BD8C): 0
LogDevObjectVersion:   Dev-Core (375EC13C-06E4-48FB-B500-84F0262A717E): 2
LogDevObjectVersion:   Dev-Editor (E4B068ED-F494-42E9-A231-DA0B2E46BB41): 26
LogDevObjectVersion:   Dev-Framework (CFFC743F-43B0-4480-9391-14DF171D2073): 34
LogDevObjectVersion:   Dev-Mobile (B02B49B5-BB20-44E9-A304-32B752E40360): 2
LogDevObjectVersion:   Dev-Networking (A4E4105C-59A1-49B5-A7C5-40C4547EDFEE): 0
LogDevObjectVersion:   Dev-Online (39C831C9-5AE6-47DC-9A44-9C173E1C8E7C): 0
LogDevObjectVersion:   Dev-Physics (78F01B33-EBEA-4F98-B9B4-84EACCB95AA2): 0
LogDevObjectVersion:   Dev-Platform (6631380F-2D4D-43E0-8009-CF276956A95A): 0
LogDevObjectVersion:   Dev-Rendering (12F88B9F-8875-4AFC-A67C-D90C383ABD29): 27
LogDevObjectVersion:   Dev-Sequencer (7B5AE74C-D270-4C10-A958-57980B212A5A): 9
LogDevObjectVersion:   Dev-VR (D7296918-1DD6-4BDD-9DE2-64A83CC13884): 2
LogDevObjectVersion:   Dev-LoadTimes (C2A15278-BFE7-4AFE-6C17-90FF531DF755): 1
LogDevObjectVersion:   Private-Geometry (6EACA3D4-40EC-4CC1-B786-8BED09428FC5): 3
LogDevObjectVersion:   Dev-AnimPhys (29E575DD-E0A3-4627-9D10-D276232CDCEA): 17
LogDevObjectVersion:   Dev-Anim (AF43A65D-7FD3-4947-9873-3E8ED9C1BB05): 2
LogDevObjectVersion:   Dev-ReflectionCapture (6B266CEC-1EC7-4B8F-A30B-E4D90942FC07): 1
LogDevObjectVersion:   Dev-Automation (0DF73D61-A23F-47EA-B727-89E90C41499A): 1
LogDevObjectVersion:   FortniteMain (601D1886-AC64-4F84-AA16-D3DE0DEAC7D6): 17
LogDevObjectVersion:   Dev-Enterprise (9DFFBCD6-494F-0158-E221-12823C92A888): 4
LogDevObjectVersion:   Dev-Niagara (F2AED0AC-9AFE-416F-8664-AA7FFA26D6FC): 1
LogStreaming: Display: Took  0.002s to delete old logs.
LogInit: Presizing for max 8388607 objects, including 0 objects not considered by GC, pre-allocating 0 bytes for permanent pool.
LogInit: Object subsystem initialized
LogConfig: Setting CVar [[con.DebugEarlyDefault:1]]
LogConfig: Setting CVar [[r.setres:1280x720]]
[2019.06.17-11.34.44:448][  0]LogConfig: Setting CVar [[r.VSync:0]]
[2019.06.17-11.34.44:448][  0]LogConfig: Setting CVar [[r.RHICmdBypass:0]]
[2019.06.17-11.34.44:448][  0]LogConfig: Applying CVar settings from Section [/Script/Engine.RendererSettings] File [C:/Users/Kyle Richardson/Documents/GitHub/farmdefense/FarmDefense/Saved/Config/Windows/Engine.ini]
[2019.06.17-11.34.44:448][  0]LogConfig: Setting CVar [[r.GPUCrashDebugging:0]]
[2019.06.17-11.34.44:448][  0]LogConfig: Applying CVar settings from Section [/Script/Engine.RendererOverrideSettings] File [C:/Users/Kyle Richardson/Documents/GitHub/farmdefense/FarmDefense/Saved/Config/Windows/Engine.ini]
[2019.06.17-11.34.44:448][  0]LogConfig: Applying CVar settings from Section [/Script/Engine.StreamingSettings] File [C:/Users/Kyle Richardson/Documents/GitHub/farmdefense/FarmDefense/Saved/Config/Windows/Engine.ini]
[2019.06.17-11.34.44:448][  0]LogConfig: Setting CVar [[s.MinBulkDataSizeForAsyncLoading:131072]]
[2019.06.17-11.34.44:448][  0]LogConfig: Setting CVar [[s.AsyncLoadingThreadEnabled:0]]
[2019.06.17-11.34.44:448][  0]LogConfig: Setting CVar [[s.EventDrivenLoaderEnabled:1]]
[2019.06.17-11.34.44:448][  0]LogConfig: Setting CVar [[s.WarnIfTimeLimitExceeded:0]]
[2019.06.17-11.34.44:448][  0]LogConfig: Setting CVar [[s.TimeLimitExceededMultiplier:1.5]]
[2019.06.17-11.34.44:448][  0]LogConfig: Setting CVar [[s.TimeLimitExceededMinTime:0.005]]
[2019.06.17-11.34.44:448][  0]LogConfig: Setting CVar [[s.UseBackgroundLevelStreaming:1]]
[2019.06.17-11.34.44:448][  0]LogConfig: Setting CVar [[s.PriorityAsyncLoadingExtraTime:15.0]]
[2019.06.17-11.34.44:448][  0]LogConfig: Setting CVar [[s.LevelStreamingActorsUpdateTimeLimit:5.0]]
[2019.06.17-11.34.44:448][  0]LogConfig: Setting CVar [[s.PriorityLevelStreamingActorsUpdateExtraTime:5.0]]
[2019.06.17-11.34.44:448][  0]LogConfig: Setting CVar [[s.LevelStreamingComponentsRegistrationGranularity:10]]
[2019.06.17-11.34.44:448][  0]LogConfig: Setting CVar [[s.UnregisterComponentsTimeLimit:1.0]]
[2019.06.17-11.34.44:448][  0]LogConfig: Setting CVar [[s.LevelStreamingComponentsUnregistrationGranularity:5]]
[2019.06.17-11.34.44:448][  0]LogConfig: Applying CVar settings from Section [/Script/Engine.GarbageCollectionSettings] File [C:/Users/Kyle Richardson/Documents/GitHub/farmdefense/FarmDefense/Saved/Config/Windows/Engine.ini]
[2019.06.17-11.34.44:448][  0]LogConfig: Setting CVar [[gc.MaxObjectsNotConsideredByGC:1]]
[2019.06.17-11.34.44:448][  0]LogConfig: Setting CVar [[gc.SizeOfPermanentObjectPool:0]]
[2019.06.17-11.34.44:448][  0]LogConfig: Setting CVar [[gc.FlushStreamingOnGC:0]]
[2019.06.17-11.34.44:448][  0]LogConfig: Setting CVar [[gc.NumRetriesBeforeForcingGC:10]]
[2019.06.17-11.34.44:448][  0]LogConfig: Setting CVar [[gc.AllowParallelGC:1]]
[2019.06.17-11.34.44:448][  0]LogConfig: Setting CVar [[gc.TimeBetweenPurgingPendingKillObjects:61.1]]
[2019.06.17-11.34.44:449][  0]LogConfig: Setting CVar [[gc.MaxObjectsInEditor:8388607]]
[2019.06.17-11.34.44:449][  0]LogConfig: Setting CVar [[gc.IncrementalBeginDestroyEnabled:1]]
[2019.06.17-11.34.44:449][  0]LogConfig: Setting CVar [[gc.CreateGCClusters:1]]
[2019.06.17-11.34.44:449][  0]LogConfig: Setting CVar [[gc.MergeGCClusters:0]]
[2019.06.17-11.34.44:449][  0]LogConfig: Setting CVar [[gc.MinGCClusterSize:5]]
[2019.06.17-11.34.44:449][  0]LogConfig: Setting CVar [[gc.ActorClusteringEnabled:0]]
[2019.06.17-11.34.44:449][  0]LogConfig: Setting CVar [[gc.BlueprintClusteringEnabled:0]]
[2019.06.17-11.34.44:449][  0]LogConfig: Setting CVar [[gc.UseDisregardForGCOnDedicatedServers:0]]
[2019.06.17-11.34.44:449][  0]LogConfig: Applying CVar settings from Section [/Script/Engine.NetworkSettings] File [C:/Users/Kyle Richardson/Documents/GitHub/farmdefense/FarmDefense/Saved/Config/Windows/Engine.ini]
[2019.06.17-11.34.44:449][  0]LogConfig: Applying CVar settings from Section [/Script/UnrealEd.CookerSettings] File [C:/Users/Kyle Richardson/Documents/GitHub/farmdefense/FarmDefense/Saved/Config/Windows/Engine.ini]
[2019.06.17-11.34.44:553][  0]LogConfig: Applying CVar settings from Section [ViewDistanceQuality@3] File [C:/Users/Kyle Richardson/Documents/GitHub/farmdefense/FarmDefense/Saved/Config/Windows/Scalability.ini]
[2019.06.17-11.34.44:553][  0]LogConfig: Setting CVar [[r.SkeletalMeshLODBias:0]]
[2019.06.17-11.34.44:553][  0]LogConfig: Setting CVar [[r.ViewDistanceScale:1.0]]
[2019.06.17-11.34.44:553][  0]LogConfig: Applying CVar settings from Section [AntiAliasingQuality@3] File [C:/Users/Kyle Richardson/Documents/GitHub/farmdefense/FarmDefense/Saved/Config/Windows/Scalability.ini]
[2019.06.17-11.34.44:553][  0]LogConfig: Setting CVar [[r.PostProcessAAQuality:4]]
[2019.06.17-11.34.44:553][  0]LogConfig: Applying CVar settings from Section [ShadowQuality@3] File [C:/Users/Kyle Richardson/Documents/GitHub/farmdefense/FarmDefense/Saved/Config/Windows/Scalability.ini]
[2019.06.17-11.34.44:553][  0]LogConfig: Setting CVar [[r.LightFunctionQuality:1]]
[2019.06.17-11.34.44:553][  0]LogConfig: Setting CVar [[r.ShadowQuality:5]]
[2019.06.17-11.34.44:554][  0]LogConfig: Setting CVar [[r.Shadow.CSM.MaxCascades:10]]
[2019.06.17-11.34.44:554][  0]LogConfig: Setting CVar [[r.Shadow.MaxResolution:2048]]
[2019.06.17-11.34.44:554][  0]LogConfig: Setting CVar [[r.Shadow.MaxCSMResolution:2048]]
[2019.06.17-11.34.44:554][  0]LogConfig: Setting CVar [[r.Shadow.RadiusThreshold:0.01]]
[2019.06.17-11.34.44:554][  0]LogConfig: Setting CVar [[r.Shadow.DistanceScale:1.0]]
[2019.06.17-11.34.44:554][  0]LogConfig: Setting CVar [[r.Shadow.CSM.TransitionScale:1.0]]
[2019.06.17-11.34.44:554][  0]LogConfig: Setting CVar [[r.Shadow.PreShadowResolutionFactor:1.0]]
[2019.06.17-11.34.44:554][  0]LogConfig: Setting CVar [[r.DistanceFieldShadowing:1]]
[2019.06.17-11.34.44:554][  0]LogConfig: Setting CVar [[r.DistanceFieldAO:1]]
[2019.06.17-11.34.44:554][  0]LogConfig: Setting CVar [[r.AOQuality:2]]
[2019.06.17-11.34.44:554][  0]LogConfig: Setting CVar [[r.VolumetricFog:1]]
[2019.06.17-11.34.44:554][  0]LogConfig: Setting CVar [[r.VolumetricFog.GridPixelSize:8]]
[2019.06.17-11.34.44:554][  0]LogConfig: Setting CVar [[r.VolumetricFog.GridSizeZ:128]]
[2019.06.17-11.34.44:554][  0]LogConfig: Setting CVar [[r.VolumetricFog.HistoryMissSupersampleCount:4]]
[2019.06.17-11.34.44:554][  0]LogConfig: Setting CVar [[r.LightMaxDrawDistanceScale:1]]
[2019.06.17-11.34.44:554][  0]LogConfig: Setting CVar [[r.CapsuleShadows:1]]
[2019.06.17-11.34.44:554][  0]LogConfig: Applying CVar settings from Section [PostProcessQuality@3] File [C:/Users/Kyle Richardson/Documents/GitHub/farmdefense/FarmDefense/Saved/Config/Windows/Scalability.ini]
[2019.06.17-11.34.44:554][  0]LogConfig: Setting CVar [[r.MotionBlurQuality:4]]
[2019.06.17-11.34.44:554][  0]LogConfig: Setting CVar [[r.AmbientOcclusionMipLevelFactor:0.4]]
[2019.06.17-11.34.44:554][  0]LogConfig: Setting CVar [[r.AmbientOcclusionMaxQuality:100]]
[2019.06.17-11.34.44:554][  0]LogConfig: Setting CVar [[r.AmbientOcclusionLevels:-1]]
[2019.06.17-11.34.44:554][  0]LogConfig: Setting CVar [[r.AmbientOcclusionRadiusScale:1.0]]
[2019.06.17-11.34.44:554][  0]LogConfig: Setting CVar [[r.DepthOfFieldQuality:2]]
[2019.06.17-11.34.44:554][  0]LogConfig: Setting CVar [[r.RenderTargetPoolMin:400]]
[2019.06.17-11.34.44:554][  0]LogConfig: Setting CVar [[r.LensFlareQuality:2]]
[2019.06.17-11.34.44:554][  0]LogConfig: Setting CVar [[r.SceneColorFringeQuality:1]]
[2019.06.17-11.34.44:554][  0]LogConfig: Setting CVar [[r.EyeAdaptationQuality:2]]
[2019.06.17-11.34.44:554][  0]LogConfig: Setting CVar [[r.BloomQuality:5]]
[2019.06.17-11.34.44:554][  0]LogConfig: Setting CVar [[r.FastBlurThreshold:100]]
[2019.06.17-11.34.44:554][  0]LogConfig: Setting CVar [[r.Upscale.Quality:3]]
[2019.06.17-11.34.44:554][  0]LogConfig: Setting CVar [[r.Tonemapper.GrainQuantization:1]]
[2019.06.17-11.34.44:554][  0]LogConfig: Setting CVar [[r.LightShaftQuality:1]]
[2019.06.17-11.34.44:554][  0]LogConfig: Setting CVar [[r.Filter.SizeScale:1]]
[2019.06.17-11.34.44:554][  0]LogConfig: Setting CVar [[r.Tonemapper.Quality:5]]
[2019.06.17-11.34.44:554][  0]LogConfig: Setting CVar [[r.DOF.Gather.AccumulatorQuality:1        ; higher gathering accumulator quality]]
[2019.06.17-11.34.44:554][  0]LogConfig: Setting CVar [[r.DOF.Gather.PostfilterMethod:1          ; Median3x3 postfilering method]]
[2019.06.17-11.34.44:554][  0]LogConfig: Setting CVar [[r.DOF.Gather.EnableBokehSettings:0       ; no bokeh simulation when gathering]]
[2019.06.17-11.34.44:554][  0]LogConfig: Setting CVar [[r.DOF.Gather.RingCount:4                 ; medium number of samples when gathering]]
[2019.06.17-11.34.44:554][  0]LogConfig: Setting CVar [[r.DOF.Scatter.ForegroundCompositing:1    ; additive foreground scattering]]
[2019.06.17-11.34.44:554][  0]LogConfig: Setting CVar [[r.DOF.Scatter.BackgroundCompositing:2    ; additive background scattering]]
[2019.06.17-11.34.44:554][  0]LogConfig: Setting CVar [[r.DOF.Scatter.EnableBokehSettings:1      ; bokeh simulation when scattering]]
[2019.06.17-11.34.44:554][  0]LogConfig: Setting CVar [[r.DOF.Scatter.MaxSpriteRatio:0.1         ; only a maximum of 10% of scattered bokeh]]
[2019.06.17-11.34.44:554][  0]LogConfig: Setting CVar [[r.DOF.Recombine.Quality:1                ; cheap slight out of focus]]
[2019.06.17-11.34.44:554][  0]LogConfig: Setting CVar [[r.DOF.Recombine.EnableBokehSettings:0    ; no bokeh simulation on slight out of focus]]
[2019.06.17-11.34.44:554][  0]LogConfig: Setting CVar [[r.DOF.TemporalAAQuality:1                ; more stable temporal accumulation]]
[2019.06.17-11.34.44:554][  0]LogConfig: Setting CVar [[r.DOF.Kernel.MaxForegroundRadius:0.025]]
[2019.06.17-11.34.44:554][  0]LogConfig: Setting CVar [[r.DOF.Kernel.MaxBackgroundRadius:0.025]]
[2019.06.17-11.34.44:554][  0]LogConfig: Applying CVar settings from Section [TextureQuality@3] File [C:/Users/Kyle Richardson/Documents/GitHub/farmdefense/FarmDefense/Saved/Config/Windows/Scalability.ini]
[2019.06.17-11.34.44:554][  0]LogConfig: Setting CVar [[r.Streaming.MipBias:0]]
[2019.06.17-11.34.44:554][  0]LogConfig: Setting CVar [[r.Streaming.AmortizeCPUToGPUCopy:0]]
[2019.06.17-11.34.44:554][  0]LogConfig: Setting CVar [[r.Streaming.MaxNumTexturesToStreamPerFrame:0]]
[2019.06.17-11.34.44:554][  0]LogConfig: Setting CVar [[r.Streaming.Boost:1]]
[2019.06.17-11.34.44:554][  0]LogConfig: Setting CVar [[r.MaxAnisotropy:8]]
[2019.06.17-11.34.44:554][  0]LogConfig: Setting CVar [[r.Streaming.LimitPoolSizeToVRAM:0]]
[2019.06.17-11.34.44:554][  0]LogConfig: Setting CVar [[r.Streaming.PoolSize:1000]]
[2019.06.17-11.34.44:554][  0]LogConfig: Setting CVar [[r.Streaming.MaxEffectiveScreenSize:0]]
[2019.06.17-11.34.44:554][  0]LogConfig: Applying CVar settings from Section [EffectsQuality@3] File [C:/Users/Kyle Richardson/Documents/GitHub/farmdefense/FarmDefense/Saved/Config/Windows/Scalability.ini]
[2019.06.17-11.34.44:554][  0]LogConfig: Setting CVar [[r.TranslucencyLightingVolumeDim:64]]
[2019.06.17-11.34.44:554][  0]LogConfig: Setting CVar [[r.RefractionQuality:2]]
[2019.06.17-11.34.44:554][  0]LogConfig: Setting CVar [[r.SSR.Quality:3]]
[2019.06.17-11.34.44:554][  0]LogConfig: Setting CVar [[r.SceneColorFormat:4]]
[2019.06.17-11.34.44:554][  0]LogConfig: Setting CVar [[r.DetailMode:2]]
[2019.06.17-11.34.44:554][  0]LogConfig: Setting CVar [[r.TranslucencyVolumeBlur:1]]
[2019.06.17-11.34.44:554][  0]LogConfig: Setting CVar [[r.MaterialQualityLevel:1 ; High quality]]
[2019.06.17-11.34.44:554][  0]LogConfig: Setting CVar [[r.SSS.Scale:1]]
[2019.06.17-11.34.44:554][  0]LogConfig: Setting CVar [[r.SSS.SampleSet:2]]
[2019.06.17-11.34.44:554][  0]LogConfig: Setting CVar [[r.SSS.Quality:1]]
[2019.06.17-11.34.44:554][  0]LogConfig: Setting CVar [[r.SSS.HalfRes:1]]
[2019.06.17-11.34.44:554][  0]LogConfig: Setting CVar [[r.EmitterSpawnRateScale:1.0]]
[2019.06.17-11.34.44:554][  0]LogConfig: Setting CVar [[r.ParticleLightQuality:2]]
[2019.06.17-11.34.44:554][  0]LogConfig: Applying CVar settings from Section [FoliageQuality@3] File [C:/Users/Kyle Richardson/Documents/GitHub/farmdefense/FarmDefense/Saved/Config/Windows/Scalability.ini]
[2019.06.17-11.34.44:554][  0]LogConfig: Setting CVar [[foliage.DensityScale:1.0]]
[2019.06.17-11.34.44:554][  0]LogConfig: Setting CVar [[grass.DensityScale:1.0]]
[2019.06.17-11.34.44:563][  0]LogInit: Selected Device Profile: [Windows]
[2019.06.17-11.34.44:564][  0]LogInit: Applying CVar settings loaded from the selected device profile: [Windows]
[2019.06.17-11.34.44:618][  0]LogHAL: Display: Platform has ~ 8 GB [8529817600 / 8589934592 / 8], which maps to Default [LargestMinGB=32, LargerMinGB=12, DefaultMinGB=8, SmallerMinGB=6, SmallestMinGB=0)
[2019.06.17-11.34.44:625][  0]LogConfig: Setting CVar [[r.Vulkan.UseRealUBs:1]]
[2019.06.17-11.34.44:625][  0]LogInit: Going up to parent DeviceProfile []
[2019.06.17-11.34.44:626][  0]LogConfig: Applying CVar settings from Section [ViewDistanceQuality@3] File [C:/Users/Kyle Richardson/Documents/GitHub/farmdefense/FarmDefense/Saved/Config/Windows/Scalability.ini]
[2019.06.17-11.34.44:626][  0]LogConfig: Setting CVar [[r.SkeletalMeshLODBias:0]]
[2019.06.17-11.34.44:626][  0]LogConfig: Setting CVar [[r.ViewDistanceScale:1.0]]
[2019.06.17-11.34.44:626][  0]LogConfig: Applying CVar settings from Section [AntiAliasingQuality@3] File [C:/Users/Kyle Richardson/Documents/GitHub/farmdefense/FarmDefense/Saved/Config/Windows/Scalability.ini]
[2019.06.17-11.34.44:626][  0]LogConfig: Setting CVar [[r.PostProcessAAQuality:4]]
[2019.06.17-11.34.44:626][  0]LogConfig: Applying CVar settings from Section [ShadowQuality@3] File [C:/Users/Kyle Richardson/Documents/GitHub/farmdefense/FarmDefense/Saved/Config/Windows/Scalability.ini]
[2019.06.17-11.34.44:626][  0]LogConfig: Setting CVar [[r.LightFunctionQuality:1]]
[2019.06.17-11.34.44:626][  0]LogConfig: Setting CVar [[r.ShadowQuality:5]]
[2019.06.17-11.34.44:626][  0]LogConfig: Setting CVar [[r.Shadow.CSM.MaxCascades:10]]
[2019.06.17-11.34.44:627][  0]LogConfig: Setting CVar [[r.Shadow.MaxResolution:2048]]
[2019.06.17-11.34.44:627][  0]LogConfig: Setting CVar [[r.Shadow.MaxCSMResolution:2048]]
[2019.06.17-11.34.44:627][  0]LogConfig: Setting CVar [[r.Shadow.RadiusThreshold:0.01]]
[2019.06.17-11.34.44:627][  0]LogConfig: Setting CVar [[r.Shadow.DistanceScale:1.0]]
[2019.06.17-11.34.44:627][  0]LogConfig: Setting CVar [[r.Shadow.CSM.TransitionScale:1.0]]
[2019.06.17-11.34.44:627][  0]LogConfig: Setting CVar [[r.Shadow.PreShadowResolutionFactor:1.0]]
[2019.06.17-11.34.44:627][  0]LogConfig: Setting CVar [[r.DistanceFieldShadowing:1]]
[2019.06.17-11.34.44:627][  0]LogConfig: Setting CVar [[r.DistanceFieldAO:1]]
[2019.06.17-11.34.44:627][  0]LogConfig: Setting CVar [[r.AOQuality:2]]
[2019.06.17-11.34.44:627][  0]LogConfig: Setting CVar [[r.VolumetricFog:1]]
[2019.06.17-11.34.44:627][  0]LogConfig: Setting CVar [[r.VolumetricFog.GridPixelSize:8]]
[2019.06.17-11.34.44:627][  0]LogConfig: Setting CVar [[r.VolumetricFog.GridSizeZ:128]]
[2019.06.17-11.34.44:627][  0]LogConfig: Setting CVar [[r.VolumetricFog.HistoryMissSupersampleCount:4]]
[2019.06.17-11.34.44:627][  0]LogConfig: Setting CVar [[r.LightMaxDrawDistanceScale:1]]
[2019.06.17-11.34.44:627][  0]LogConfig: Setting CVar [[r.CapsuleShadows:1]]
[2019.06.17-11.34.44:627][  0]LogConfig: Applying CVar settings from Section [PostProcessQuality@3] File [C:/Users/Kyle Richardson/Documents/GitHub/farmdefense/FarmDefense/Saved/Config/Windows/Scalability.ini]
[2019.06.17-11.34.44:627][  0]LogConfig: Setting CVar [[r.MotionBlurQuality:4]]
[2019.06.17-11.34.44:627][  0]LogConfig: Setting CVar [[r.AmbientOcclusionMipLevelFactor:0.4]]
[2019.06.17-11.34.44:627][  0]LogConfig: Setting CVar [[r.AmbientOcclusionMaxQuality:100]]
[2019.06.17-11.34.44:627][  0]LogConfig: Setting CVar [[r.AmbientOcclusionLevels:-1]]
[2019.06.17-11.34.44:627][  0]LogConfig: Setting CVar [[r.AmbientOcclusionRadiusScale:1.0]]
[2019.06.17-11.34.44:627][  0]LogConfig: Setting CVar [[r.DepthOfFieldQuality:2]]
[2019.06.17-11.34.44:627][  0]LogConfig: Setting CVar [[r.RenderTargetPoolMin:400]]
[2019.06.17-11.34.44:627][  0]LogConfig: Setting CVar [[r.LensFlareQuality:2]]
[2019.06.17-11.34.44:627][  0]LogConfig: Setting CVar [[r.SceneColorFringeQuality:1]]
[2019.06.17-11.34.44:627][  0]LogConfig: Setting CVar [[r.EyeAdaptationQuality:2]]
[2019.06.17-11.34.44:627][  0]LogConfig: Setting CVar [[r.BloomQuality:5]]
[2019.06.17-11.34.44:627][  0]LogConfig: Setting CVar [[r.FastBlurThreshold:100]]
[2019.06.17-11.34.44:627][  0]LogConfig: Setting CVar [[r.Upscale.Quality:3]]
[2019.06.17-11.34.44:627][  0]LogConfig: Setting CVar [[r.Tonemapper.GrainQuantization:1]]
[2019.06.17-11.34.44:627][  0]LogConfig: Setting CVar [[r.LightShaftQuality:1]]
[2019.06.17-11.34.44:627][  0]LogConfig: Setting CVar [[r.Filter.SizeScale:1]]
[2019.06.17-11.34.44:627][  0]LogConfig: Setting CVar [[r.Tonemapper.Quality:5]]
[2019.06.17-11.34.44:627][  0]LogConfig: Setting CVar [[r.DOF.Gather.AccumulatorQuality:1        ; higher gathering accumulator quality]]
[2019.06.17-11.34.44:627][  0]LogConfig: Setting CVar [[r.DOF.Gather.PostfilterMethod:1          ; Median3x3 postfilering method]]
[2019.06.17-11.34.44:627][  0]LogConfig: Setting CVar [[r.DOF.Gather.EnableBokehSettings:0       ; no bokeh simulation when gathering]]
[2019.06.17-11.34.44:627][  0]LogConfig: Setting CVar [[r.DOF.Gather.RingCount:4                 ; medium number of samples when gathering]]
[2019.06.17-11.34.44:627][  0]LogConfig: Setting CVar [[r.DOF.Scatter.ForegroundCompositing:1    ; additive foreground scattering]]
[2019.06.17-11.34.44:627][  0]LogConfig: Setting CVar [[r.DOF.Scatter.BackgroundCompositing:2    ; additive background scattering]]
[2019.06.17-11.34.44:627][  0]LogConfig: Setting CVar [[r.DOF.Scatter.EnableBokehSettings:1      ; bokeh simulation when scattering]]
[2019.06.17-11.34.44:627][  0]LogConfig: Setting CVar [[r.DOF.Scatter.MaxSpriteRatio:0.1         ; only a maximum of 10% of scattered bokeh]]
[2019.06.17-11.34.44:627][  0]LogConfig: Setting CVar [[r.DOF.Recombine.Quality:1                ; cheap slight out of focus]]
[2019.06.17-11.34.44:627][  0]LogConfig: Setting CVar [[r.DOF.Recombine.EnableBokehSettings:0    ; no bokeh simulation on slight out of focus]]
[2019.06.17-11.34.44:627][  0]LogConfig: Setting CVar [[r.DOF.TemporalAAQuality:1                ; more stable temporal accumulation]]
[2019.06.17-11.34.44:627][  0]LogConfig: Setting CVar [[r.DOF.Kernel.MaxForegroundRadius:0.025]]
[2019.06.17-11.34.44:627][  0]LogConfig: Setting CVar [[r.DOF.Kernel.MaxBackgroundRadius:0.025]]
[2019.06.17-11.34.44:627][  0]LogConfig: Applying CVar settings from Section [TextureQuality@3] File [C:/Users/Kyle Richardson/Documents/GitHub/farmdefense/FarmDefense/Saved/Config/Windows/Scalability.ini]
[2019.06.17-11.34.44:627][  0]LogConfig: Setting CVar [[r.Streaming.MipBias:0]]
[2019.06.17-11.34.44:627][  0]LogConfig: Setting CVar [[r.Streaming.AmortizeCPUToGPUCopy:0]]
[2019.06.17-11.34.44:627][  0]LogConfig: Setting CVar [[r.Streaming.MaxNumTexturesToStreamPerFrame:0]]
[2019.06.17-11.34.44:627][  0]LogConfig: Setting CVar [[r.Streaming.Boost:1]]
[2019.06.17-11.34.44:627][  0]LogConfig: Setting CVar [[r.MaxAnisotropy:8]]
[2019.06.17-11.34.44:627][  0]LogConfig: Setting CVar [[r.Streaming.LimitPoolSizeToVRAM:0]]
[2019.06.17-11.34.44:627][  0]LogConfig: Setting CVar [[r.Streaming.PoolSize:1000]]
[2019.06.17-11.34.44:627][  0]LogConfig: Setting CVar [[r.Streaming.MaxEffectiveScreenSize:0]]
[2019.06.17-11.34.44:627][  0]LogConfig: Applying CVar settings from Section [EffectsQuality@3] File [C:/Users/Kyle Richardson/Documents/GitHub/farmdefense/FarmDefense/Saved/Config/Windows/Scalability.ini]
[2019.06.17-11.34.44:627][  0]LogConfig: Setting CVar [[r.TranslucencyLightingVolumeDim:64]]
[2019.06.17-11.34.44:627][  0]LogConfig: Setting CVar [[r.RefractionQuality:2]]
[2019.06.17-11.34.44:627][  0]LogConfig: Setting CVar [[r.SSR.Quality:3]]
[2019.06.17-11.34.44:627][  0]LogConfig: Setting CVar [[r.SceneColorFormat:4]]
[2019.06.17-11.34.44:627][  0]LogConfig: Setting CVar [[r.DetailMode:2]]
[2019.06.17-11.34.44:627][  0]LogConfig: Setting CVar [[r.TranslucencyVolumeBlur:1]]
[2019.06.17-11.34.44:627][  0]LogConfig: Setting CVar [[r.MaterialQualityLevel:1 ; High quality]]
[2019.06.17-11.34.44:627][  0]LogConfig: Setting CVar [[r.SSS.Scale:1]]
[2019.06.17-11.34.44:627][  0]LogConfig: Setting CVar [[r.SSS.SampleSet:2]]
[2019.06.17-11.34.44:627][  0]LogConfig: Setting CVar [[r.SSS.Quality:1]]
[2019.06.17-11.34.44:627][  0]LogConfig: Setting CVar [[r.SSS.HalfRes:1]]
[2019.06.17-11.34.44:627][  0]LogConfig: Setting CVar [[r.EmitterSpawnRateScale:1.0]]
[2019.06.17-11.34.44:627][  0]LogConfig: Setting CVar [[r.ParticleLightQuality:2]]
[2019.06.17-11.34.44:627][  0]LogConfig: Applying CVar settings from Section [FoliageQuality@3] File [C:/Users/Kyle Richardson/Documents/GitHub/farmdefense/FarmDefense/Saved/Config/Windows/Scalability.ini]
[2019.06.17-11.34.44:627][  0]LogConfig: Setting CVar [[foliage.DensityScale:1.0]]
[2019.06.17-11.34.44:627][  0]LogConfig: Setting CVar [[grass.DensityScale:1.0]]
[2019.06.17-11.34.44:627][  0]LogConfig: Applying CVar settings from Section [Startup] File [../../../Engine/Config/ConsoleVariables.ini]
[2019.06.17-11.34.44:639][  0]LogConfig: Setting CVar [[net.UseAdaptiveNetUpdateFrequency:0]]
[2019.06.17-11.34.44:639][  0]LogConfig: Applying CVar settings from Section [ConsoleVariables] File [C:/Users/Kyle Richardson/Documents/GitHub/farmdefense/FarmDefense/Saved/Config/Windows/Engine.ini]
[2019.06.17-11.34.44:662][  0]LogInit: Computer: DESKTOP-VP45MHO
[2019.06.17-11.34.44:662][  0]LogInit: User: KyleRichardson
[2019.06.17-11.34.44:662][  0]LogInit: CPU Page size=4096, Cores=6
[2019.06.17-11.34.44:662][  0]LogInit: High frequency timer resolution =2.929688 MHz
[2019.06.17-11.34.44:662][  0]LogMemory: Memory total: Physical=7.9GB (8GB approx)
[2019.06.17-11.34.44:662][  0]LogMemory: Platform Memory Stats for Windows
[2019.06.17-11.34.44:662][  0]LogMemory: Process Physical Memory: 102.53 MB used, 102.53 MB peak
[2019.06.17-11.34.44:662][  0]LogMemory: Process Virtual Memory: 89.30 MB used, 89.30 MB peak
[2019.06.17-11.34.44:662][  0]LogMemory: Physical Memory: 7000.75 MB used,  1133.91 MB free, 8134.67 MB total
[2019.06.17-11.34.44:662][  0]LogMemory: Virtual Memory: 4646.88 MB used,  134213080.00 MB free, 134217728.00 MB total
[2019.06.17-11.34.45:353][  0]LogInit: Using OS detected language (en-GB).
[2019.06.17-11.34.45:353][  0]LogInit: Using OS detected locale (en-AU).
[2019.06.17-11.34.45:424][  0]LogTextLocalizationManager: No specific localization for 'en-GB' exists, so the 'en' localization will be used.
[2019.06.17-11.34.46:077][  0]LogStreaming: Display: Took  0.706s to InitEngineTextLocalization.
[2019.06.17-11.34.46:090][  0]LogInit: Setting process to per monitor DPI aware
[2019.06.17-11.34.46:983][  0]LogSlate: New Slate User Created.  User Index 0, Is Virtual User: 0
[2019.06.17-11.34.46:983][  0]LogSlate: Slate User Registered.  User Index 0, Is Virtual User: 0
[2019.06.17-11.34.47:773][  0]LogHMD: Failed to initialize OpenVR with code 110
[2019.06.17-11.34.47:773][  0]LogD3D11RHI: D3D11 adapters:
[2019.06.17-11.34.47:854][  0]LogD3D11RHI:    0. 'NVIDIA GeForce GTX 1060 6GB' (Feature Level 11_0)
[2019.06.17-11.34.47:854][  0]LogD3D11RHI:       6052/0/4067 MB DedicatedVideo/DedicatedSystem/SharedSystem, Outputs:1, VendorId:0x10de
[2019.06.17-11.34.47:870][  0]LogD3D11RHI:    1. 'Microsoft Basic Render Driver' (Feature Level 11_0)
[2019.06.17-11.34.47:870][  0]LogD3D11RHI:       0/0/4067 MB DedicatedVideo/DedicatedSystem/SharedSystem, Outputs:0, VendorId:0x1414
[2019.06.17-11.34.47:871][  0]LogD3D11RHI: Chosen D3D11 Adapter: 0
[2019.06.17-11.34.47:884][  0]LogD3D11RHI: Creating new Direct3DDevice
[2019.06.17-11.34.47:884][  0]LogD3D11RHI:     GPU DeviceId: 0x1c03 (for the marketing name, search the web for "GPU Device Id")
[2019.06.17-11.34.47:884][  0]LogWindows: EnumDisplayDevices:
[2019.06.17-11.34.47:884][  0]LogWindows:    0. 'NVIDIA GeForce GTX 1060 6GB' (P:1 D:1)
[2019.06.17-11.34.47:885][  0]LogWindows:    1. 'NVIDIA GeForce GTX 1060 6GB' (P:0 D:0)
[2019.06.17-11.34.47:885][  0]LogWindows:    2. 'NVIDIA GeForce GTX 1060 6GB' (P:0 D:0)
[2019.06.17-11.34.47:885][  0]LogWindows:    3. 'NVIDIA GeForce GTX 1060 6GB' (P:0 D:0)
[2019.06.17-11.34.47:885][  0]LogWindows: DebugString: FoundDriverCount:4 
[2019.06.17-11.34.47:885][  0]LogD3D11RHI:     Adapter Name: NVIDIA GeForce GTX 1060 6GB
[2019.06.17-11.34.47:886][  0]LogD3D11RHI:   Driver Version: 390.65 (internal:23.21.13.9065, unified:390.65)
[2019.06.17-11.34.47:886][  0]LogD3D11RHI:      Driver Date: 1-3-2018
[2019.06.17-11.34.47:886][  0]LogRHI: Texture pool is 4236 MB (70% of 6052 MB)
[2019.06.17-11.34.47:920][  0]LogD3D11RHI: Async texture creation enabled
[2019.06.17-11.34.48:601][  0]LogD3D11RHI: GPU Timing Frequency: 1000.000000 (Debug: 2 2)
[2019.06.17-11.34.50:129][  0]LogTemp: Display: Loaded TP AllDesktopTargetPlatform
[2019.06.17-11.34.50:208][  0]LogTemp: Display: Loaded TP MacClientTargetPlatform
[2019.06.17-11.34.50:254][  0]LogTemp: Display: Loaded TP MacNoEditorTargetPlatform
[2019.06.17-11.34.50:316][  0]LogTemp: Display: Loaded TP MacServerTargetPlatform
[2019.06.17-11.34.50:462][  0]LogTemp: Display: Loaded TP MacTargetPlatform
[2019.06.17-11.34.50:611][  0]LogTemp: Display: Loaded TP WindowsClientTargetPlatform
[2019.06.17-11.34.50:711][  0]LogTemp: Display: Loaded TP WindowsNoEditorTargetPlatform
[2019.06.17-11.34.50:776][  0]LogTemp: Display: Loaded TP WindowsServerTargetPlatform
[2019.06.17-11.34.50:813][  0]LogTemp: Display: Loaded TP WindowsTargetPlatform
[2019.06.17-11.34.51:032][  0]LogTemp: Display: Loaded TP AndroidTargetPlatform
[2019.06.17-11.34.51:032][  0]LogTemp: Display: Loaded TP AndroidTargetPlatform
[2019.06.17-11.34.51:032][  0]LogTemp: Display: Loaded TP AndroidTargetPlatform
[2019.06.17-11.34.51:032][  0]LogTemp: Display: Loaded TP AndroidTargetPlatform
[2019.06.17-11.34.51:032][  0]LogTemp: Display: Loaded TP AndroidTargetPlatform
[2019.06.17-11.34.51:032][  0]LogTemp: Display: Loaded TP AndroidTargetPlatform
[2019.06.17-11.34.51:032][  0]LogTemp: Display: Loaded TP AndroidTargetPlatform
[2019.06.17-11.34.51:032][  0]LogTemp: Display: Loaded TP AndroidTargetPlatform
[2019.06.17-11.34.51:032][  0]LogTemp: Display: Loaded TP AndroidTargetPlatform
[2019.06.17-11.34.51:032][  0]LogTemp: Display: Loaded TP AndroidTargetPlatform
[2019.06.17-11.34.51:032][  0]LogTemp: Display: Loaded TP AndroidTargetPlatform
[2019.06.17-11.34.51:032][  0]LogTemp: Display: Loaded TP AndroidTargetPlatform
[2019.06.17-11.34.51:032][  0]LogTemp: Display: Loaded TP AndroidTargetPlatform
[2019.06.17-11.34.51:032][  0]LogTemp: Display: Loaded TP AndroidTargetPlatform
[2019.06.17-11.34.51:032][  0]LogTemp: Display: Loaded TP AndroidTargetPlatform
[2019.06.17-11.34.51:032][  0]LogTemp: Display: Loaded TP AndroidTargetPlatform
[2019.06.17-11.34.51:032][  0]LogTemp: Display: Loaded TP AndroidTargetPlatform
[2019.06.17-11.34.51:032][  0]LogTemp: Display: Loaded TP AndroidTargetPlatform
[2019.06.17-11.34.51:093][  0]LogTemp: Display: Loaded TP HTML5TargetPlatform
[2019.06.17-11.34.51:462][  0]LogTemp: Display: Loaded TP IOSTargetPlatform
[2019.06.17-11.34.51:462][  0]LogTemp: Display: Loaded TP IOSTargetPlatform
[2019.06.17-11.34.51:510][  0]LogTemp: Display: Loaded TP TVOSTargetPlatform
[2019.06.17-11.34.51:510][  0]LogTemp: Display: Loaded TP TVOSTargetPlatform
[2019.06.17-11.34.51:602][  0]LogTemp: Display: Loaded TP LinuxClientTargetPlatform
[2019.06.17-11.34.51:618][  0]LogTemp: Display: Loaded TP LinuxNoEditorTargetPlatform
[2019.06.17-11.34.51:655][  0]LogTemp: Display: Loaded TP LinuxServerTargetPlatform
[2019.06.17-11.34.51:691][  0]LogTemp: Display: Loaded TP LinuxTargetPlatform
[2019.06.17-11.34.51:738][  0]LogTemp: Display: Loaded TP LuminTargetPlatform
[2019.06.17-11.34.51:738][  0]LogTemp: Display: Loaded TP LuminTargetPlatform
[2019.06.17-11.34.51:738][  0]LogTargetPlatformManager: Display: Building Assets For Windows
[2019.06.17-11.34.53:499][  0]LogShaderCompilers: Guid format shader working directory is -10 characters bigger than the processId version (C:/Users/Kyle Richardson/Documents/GitHub/farmdefense/FarmDefense/Intermediate/Shaders/WorkingDirectory/27752/).
[2019.06.17-11.34.53:499][  0]LogShaderCompilers: Cleaned the shader compiler working directory 'C:/Users/Kyle Richardson/AppData/Local/Temp/UnrealShaderWorkingDir/C6E9BA5D405D9238687C269B382CBE7F/'.
[2019.06.17-11.34.53:528][  0]LogXGEController: Cannot use XGE Controller as Incredibuild is not installed on this machine.
[2019.06.17-11.34.53:528][  0]LogShaderCompilers: Cannot use XGE Shader Compiler as Incredibuild is not installed on this machine.
[2019.06.17-11.34.53:528][  0]LogShaderCompilers: Display: Using Local Shader Compiler.
[2019.06.17-11.34.58:413][  0]LogDerivedDataCache: Display: Max Cache Size: 512 MB
[2019.06.17-11.34.58:624][  0]LogDerivedDataCache: Loaded boot cache 0.20s 71MB C:/Users/Kyle Richardson/AppData/Local/UnrealEngine/4.21/DerivedDataCache/Boot.ddc.
[2019.06.17-11.34.58:624][  0]LogDerivedDataCache: Display: Loaded Boot cache: C:/Users/Kyle Richardson/AppData/Local/UnrealEngine/4.21/DerivedDataCache/Boot.ddc
[2019.06.17-11.34.58:624][  0]LogDerivedDataCache: FDerivedDataBackendGraph:  Pak pak cache file C:/Users/Kyle Richardson/Documents/GitHub/farmdefense/FarmDefense/DerivedDataCache/DDC.ddp not found, will not use a pak cache.
[2019.06.17-11.34.58:624][  0]LogDerivedDataCache: Unable to find inner node Pak for hierarchical cache Hierarchy.
[2019.06.17-11.34.58:624][  0]LogDerivedDataCache: FDerivedDataBackendGraph:  CompressedPak pak cache file C:/Users/Kyle Richardson/Documents/GitHub/farmdefense/FarmDefense/DerivedDataCache/Compressed.ddp not found, will not use a pak cache.
[2019.06.17-11.34.58:624][  0]LogDerivedDataCache: Unable to find inner node CompressedPak for hierarchical cache Hierarchy.
[2019.06.17-11.34.58:753][  0]LogDerivedDataCache: Display: Pak cache opened for reading ../../../Engine/DerivedDataCache/Compressed.ddp.
[2019.06.17-11.34.58:753][  0]LogDerivedDataCache: FDerivedDataBackendGraph:  EnterprisePak pak cache file ../../../Enterprise/DerivedDataCache/Compressed.ddp not found, will not use a pak cache.
[2019.06.17-11.34.58:753][  0]LogDerivedDataCache: Unable to find inner node EnterprisePak for hierarchical cache Hierarchy.
[2019.06.17-11.34.58:766][  0]LogDerivedDataCache: Using Local data cache path C:/Users/Kyle Richardson/AppData/Local/UnrealEngine/Common/DerivedDataCache: Writable
[2019.06.17-11.34.58:766][  0]LogDerivedDataCache: Shared data cache path not found in *engine.ini, will not use an Shared cache.
[2019.06.17-11.34.58:766][  0]LogDerivedDataCache: Unable to find inner node Shared for hierarchical cache Hierarchy.
[2019.06.17-11.34.59:040][  0]LogMaterial: Verifying Global Shaders for PCD3D_SM5
[2019.06.17-11.34.59:309][  0]LogSlate: Using FreeType 2.6.0
[2019.06.17-11.34.59:493][  0]LogSlate: SlateFontServices - WITH_FREETYPE: 1, WITH_HARFBUZZ: 1
[2019.06.17-11.35.00:663][  0]LogAssetRegistry: FAssetRegistry took 0.0839 seconds to start up
[2019.06.17-11.35.12:703][  0]LogInit: Selected Device Profile: [Windows]
[2019.06.17-11.35.16:906][  0]LogSimplygon: Simplygon DLL not present - disabling.
[2019.06.17-11.35.17:024][  0]LogMeshReduction: Using SimplygonSwarm for distributed automatic mesh merging
[2019.06.17-11.35.17:025][  0]LogMeshReduction: Using ProxyLODMeshReduction for automatic mesh merging
[2019.06.17-11.35.17:026][  0]LogMeshReduction: Using QuadricMeshReduction for automatic static mesh reduction
[2019.06.17-11.35.17:026][  0]LogMeshReduction: No automatic skeletal mesh reduction module available
[2019.06.17-11.35.18:016][  0]LogNetVersion: FarmDefense 1.0.0, NetCL: 4541578, EngineNetVer: 5, GameNetVer: 0 (Checksum: 1481881436)
[2019.06.17-11.35.22:877][  0]LogPackageLocalizationCache: Processed 11 localized package path(s) for 2 prioritized culture(s) in 0.178560 seconds
[2019.06.17-11.35.22:926][  0]LogUObjectArray: 39775 objects as part of root set at end of initial load.
[2019.06.17-11.35.22:926][  0]LogUObjectAllocator: 6914664 out of 0 bytes used by permanent object pool.
[2019.06.17-11.35.22:926][  0]LogUObjectArray: CloseDisregardForGC: 0/0 objects in disregard for GC pool
[2019.06.17-11.35.29:678][  0]LogTcpMessaging: Initializing TcpMessaging bridge
[2019.06.17-11.35.29:708][  0]LogUdpMessaging: Initializing bridge on interface 0.0.0.0:0 to multicast group 230.0.0.1:6666.
[2019.06.17-11.35.31:563][  0]SourceControl: Source control is disabled
[2019.06.17-11.35.31:564][  0]SourceControl: Source control is disabled
[2019.06.17-11.35.31:640][  0]SourceControl: Source control is disabled
[2019.06.17-11.35.31:660][  0]SourceControl: Source control is disabled
[2019.06.17-11.35.32:738][  0]LogAndroidPermission: UAndroidPermissionCallbackProxy::GetInstance
[2019.06.17-11.35.32:894][  0]LogOcInput: OculusInput pre-init called
[2019.06.17-11.35.34:371][  0]LogEngine: Initializing Engine...
[2019.06.17-11.35.34:418][  0]LogHMD: Failed to initialize OpenVR with code 110
[2019.06.17-11.35.34:451][  0]LogStats: UGameplayTagsManager::ConstructGameplayTagTree: ImportINI prefixes -  0.000 s
[2019.06.17-11.35.34:451][  0]LogStats: UGameplayTagsManager::ConstructGameplayTagTree: Construct from data asset -  0.000 s
[2019.06.17-11.35.34:451][  0]LogStats: UGameplayTagsManager::ConstructGameplayTagTree: ImportINI -  0.000 s
[2019.06.17-11.35.34:451][  0]LogStats: UGameplayTagsManager::ConstructGameplayTagTree: GameplayTagTreeChangedEvent.Broadcast -  0.000 s
[2019.06.17-11.35.35:058][  0]LogInit: Initializing FReadOnlyCVARCache
[2019.06.17-11.35.35:817][  0]LogAIModule: Creating AISystem for world Untitled
[2019.06.17-11.35.36:078][  0]LogInit: XAudio2 using 'Speakers / Headphones (2- Plantronics HD1)' : 6 channels at 48 kHz using 24 bits per sample (channel mask 0x3f)
[2019.06.17-11.35.36:105][  0]LogInit: FAudioDevice initialized.
[2019.06.17-11.35.36:140][  0]LogNetVersion: Set ProjectVersion to 1.0.0.0. Version Checksum will be recalculated on next use.
[2019.06.17-11.35.36:222][  0]LogDerivedDataCache: Saved boot cache 0.08s 71MB C:/Users/Kyle Richardson/AppData/Local/UnrealEngine/4.21/DerivedDataCache/Boot.ddc.
[2019.06.17-11.35.36:229][  0]LogInit: Texture streaming: Enabled
[2019.06.17-11.35.36:419][  0]LogEngineSessionManager: EngineSessionManager initialized
[2019.06.17-11.35.36:693][  0]LogInit: Transaction tracking system initialized
[2019.06.17-11.35.37:018][  0]BlueprintLog: New page: Editor Load
[2019.06.17-11.35.38:128][  0]LocalizationService: Localization service is disabled
[2019.06.17-11.35.38:736][  0]LogLinker: Warning: Can't find file '/Game/ThirdPersonBP/ThirdPersonOverview'
[2019.06.17-11.35.38:737][  0]LogLinker: Warning: Can't find file '/Game/ThirdPersonBP/ThirdPersonOverview'
[2019.06.17-11.35.38:737][  0]LogUObjectGlobals: Warning: Failed to find object 'Class /Game/ThirdPersonBP/ThirdPersonOverview.ThirdPersonOverview_C'
[2019.06.17-11.35.42:419][  0]LogFileCache: Scanning file cache for directory 'C:/Users/Kyle Richardson/Documents/GitHub/farmdefense/FarmDefense/Content/' took 0.04s
[2019.06.17-11.35.42:419][  0]LogCook: Display: Max memory allowance for cook 16384mb min free memory 0mb
[2019.06.17-11.35.42:419][  0]LogCook: Display: Mobile HDR setting 1
[2019.06.17-11.35.42:420][  0]LogGameplayTags: Display: UGameplayTagsManager::DoneAddingNativeTags. DelegateIsBound: 0
[2019.06.17-11.35.42:420][  0]LogStats: UGameplayTagsManager::ConstructGameplayTagTree: ImportINI prefixes -  0.000 s
[2019.06.17-11.35.42:420][  0]LogStats: UGameplayTagsManager::ConstructGameplayTagTree: Construct from data asset -  0.000 s
[2019.06.17-11.35.42:420][  0]LogStats: UGameplayTagsManager::ConstructGameplayTagTree: ImportINI -  0.000 s
[2019.06.17-11.35.42:420][  0]LogStats: UGameplayTagsManager::ConstructGameplayTagTree: GameplayTagTreeChangedEvent.Broadcast -  0.000 s
[2019.06.17-11.35.44:746][  0]SourceControl: Source control is disabled
[2019.06.17-11.35.44:775][  0]Cmd: MAP LOAD FILE="C:/Users/Kyle Richardson/Documents/GitHub/farmdefense/FarmDefense/Content/TopDownBP/Maps/TopDownExampleMap.umap" TEMPLATE=0 SHOWPROGRESS=1 FEATURELEVEL=3
[2019.06.17-11.35.44:815][  0]LightingResults: New page: Lighting Build
[2019.06.17-11.35.45:177][  0]MapCheck: New page: Map Check
[2019.06.17-11.35.45:177][  0]LightingResults: New page: Lighting Build
[2019.06.17-11.35.47:463][  0]LogLinker: Warning: Asset 'C:/Users/Kyle Richardson/Documents/GitHub/farmdefense/FarmDefense/Content/Mannequin/Character/Mesh/SK_Mannequin.uasset' has been saved with engine version newer than current and therefore can't be loaded. CurrEngineVersion: 4.21.2-4753647+++UE4+Release-4.21 AssetEngineVersion: 4.22.0-4783529+++UE4+Dev-Documentation
[2019.06.17-11.35.47:463][  0]LogLinker: Warning: Asset 'C:/Users/Kyle Richardson/Documents/GitHub/farmdefense/FarmDefense/Content/Mannequin/Character/Mesh/SK_Mannequin.uasset' has been saved with engine version newer than current and therefore can't be loaded. CurrEngineVersion: 4.21.2-4753647+++UE4+Release-4.21 AssetEngineVersion: 4.22.0-4783529+++UE4+Dev-Documentation
[2019.06.17-11.35.47:464][  0]LogLinker: Warning: Asset 'C:/Users/Kyle Richardson/Documents/GitHub/farmdefense/FarmDefense/Content/Mannequin/Character/Mesh/SK_Mannequin.uasset' has been saved with engine version newer than current and therefore can't be loaded. CurrEngineVersion: 4.21.2-4753647+++UE4+Release-4.21 AssetEngineVersion: 4.22.0-4783529+++UE4+Dev-Documentation
[2019.06.17-11.35.47:464][  0]LogLinker: Warning: Asset 'C:/Users/Kyle Richardson/Documents/GitHub/farmdefense/FarmDefense/Content/Mannequin/Character/Mesh/SK_Mannequin.uasset' has been saved with engine version newer than current and therefore can't be loaded. CurrEngineVersion: 4.21.2-4753647+++UE4+Release-4.21 AssetEngineVersion: 4.22.0-4783529+++UE4+Dev-Documentation
[2019.06.17-11.35.47:515][  0]LogLinker: Warning: Asset 'C:/Users/Kyle Richardson/Documents/GitHub/farmdefense/FarmDefense/Content/Mannequin/Character/Mesh/SK_Mannequin.uasset' has been saved with engine version newer than current and therefore can't be loaded. CurrEngineVersion: 4.21.2-4753647+++UE4+Release-4.21 AssetEngineVersion: 4.22.0-4783529+++UE4+Dev-Documentation
[2019.06.17-11.35.47:516][  0]LogLinker: Warning: Asset 'C:/Users/Kyle Richardson/Documents/GitHub/farmdefense/FarmDefense/Content/Mannequin/Character/Mesh/SK_Mannequin.uasset' has been saved with engine version newer than current and therefore can't be loaded. CurrEngineVersion: 4.21.2-4753647+++UE4+Release-4.21 AssetEngineVersion: 4.22.0-4783529+++UE4+Dev-Documentation
[2019.06.17-11.35.47:516][  0]LogLinker: Warning: Asset 'C:/Users/Kyle Richardson/Documents/GitHub/farmdefense/FarmDefense/Content/Mannequin/Character/Mesh/SK_Mannequin.uasset' has been saved with engine version newer than current and therefore can't be loaded. CurrEngineVersion: 4.21.2-4753647+++UE4+Release-4.21 AssetEngineVersion: 4.22.0-4783529+++UE4+Dev-Documentation
[2019.06.17-11.35.47:517][  0]LogLinker: Warning: Asset 'C:/Users/Kyle Richardson/Documents/GitHub/farmdefense/FarmDefense/Content/Mannequin/Character/Mesh/SK_Mannequin.uasset' has been saved with engine version newer than current and therefore can't be loaded. CurrEngineVersion: 4.21.2-4753647+++UE4+Release-4.21 AssetEngineVersion: 4.22.0-4783529+++UE4+Dev-Documentation
[2019.06.17-11.35.47:535][  0]LogLinker: Warning: Asset 'C:/Users/Kyle Richardson/Documents/GitHub/farmdefense/FarmDefense/Content/Mannequin/Character/Mesh/SK_Mannequin.uasset' has been saved with engine version newer than current and therefore can't be loaded. CurrEngineVersion: 4.21.2-4753647+++UE4+Release-4.21 AssetEngineVersion: 4.22.0-4783529+++UE4+Dev-Documentation
[2019.06.17-11.35.47:535][  0]LogLinker: Warning: Asset 'C:/Users/Kyle Richardson/Documents/GitHub/farmdefense/FarmDefense/Content/Mannequin/Character/Mesh/SK_Mannequin.uasset' has been saved with engine version newer than current and therefore can't be loaded. CurrEngineVersion: 4.21.2-4753647+++UE4+Release-4.21 AssetEngineVersion: 4.22.0-4783529+++UE4+Dev-Documentation
[2019.06.17-11.35.48:754][  0]LogAIModule: Creating AISystem for world TopDownExampleMap
[2019.06.17-11.35.49:738][  0]LogEditorServer: Finished looking for orphan Actors (0.000 secs)
[2019.06.17-11.35.50:017][  0]Cmd: MAP CHECKDEP NOCLEARLOG
[2019.06.17-11.35.50:038][  0]MapCheck: Map check complete: 0 Error(s), 0 Warning(s), took 9.303ms to complete.
[2019.06.17-11.35.50:040][  0]LogFileHelpers: Loading map 'TopDownExampleMap' took 5.273
[2019.06.17-11.35.52:453][  0]LogSlate: Updating window title bar state: overlay mode, drag disabled, window buttons hidden, title bar hidden
[2019.06.17-11.35.52:501][  0]LogSlate: Updating window title bar state: overlay mode, drag disabled, window buttons hidden, title bar hidden
[2019.06.17-11.35.52:507][  0]LogSlate: Updating window title bar state: overlay mode, drag disabled, window buttons hidden, title bar hidden
[2019.06.17-11.35.52:512][  0]LogSlate: Updating window title bar state: overlay mode, drag disabled, window buttons hidden, title bar hidden
[2019.06.17-11.35.52:642][  0]LogCollectionManager: Loaded 0 collections in 0.001087 seconds
[2019.06.17-11.35.52:841][  0]LogFileCache: Scanning file cache for directory 'C:/Users/Kyle Richardson/Documents/GitHub/farmdefense/FarmDefense/Saved/Collections/' took 0.01s
[2019.06.17-11.35.52:841][  0]LogFileCache: Scanning file cache for directory 'C:/Users/Kyle Richardson/Documents/GitHub/farmdefense/FarmDefense/Content/Developers/KyleRichardson/Collections/' took 0.01s
[2019.06.17-11.35.52:841][  0]LogFileCache: Scanning file cache for directory 'C:/Users/Kyle Richardson/Documents/GitHub/farmdefense/FarmDefense/Content/Collections/' took 0.00s
[2019.06.17-11.35.52:841][  0]LogCollectionManager: Rebuilt the GUID cache for 0 collections in 0.000000 seconds
[2019.06.17-11.35.52:855][  0]LogContentBrowser: Native class hierarchy populated in 0.0103 seconds. Added 2651 classes and 620 folders.
[2019.06.17-11.35.53:042][  0]LogContentBrowser: Native class hierarchy updated for 'WidgetCarousel' in 0.0002 seconds. Added 0 classes and 0 folders.
[2019.06.17-11.35.53:147][  0]LogPakFile: Registered encryption key '00000000000000000000000000000000': 0 pak files mounted, 0 remain pending
[2019.06.17-11.35.53:221][  0]LogPakFile: Registered encryption key '00000000000000000000000000000000': 0 pak files mounted, 0 remain pending
[2019.06.17-11.35.53:229][  0]LogPakFile: Registered encryption key '00000000000000000000000000000000': 0 pak files mounted, 0 remain pending
[2019.06.17-11.35.53:249][  0]LogPakFile: Registered encryption key '00000000000000000000000000000000': 0 pak files mounted, 0 remain pending
[2019.06.17-11.35.53:261][  0]LogPakFile: Registered encryption key '00000000000000000000000000000000': 0 pak files mounted, 0 remain pending
[2019.06.17-11.35.53:274][  0]LogPakFile: Registered encryption key '00000000000000000000000000000000': 0 pak files mounted, 0 remain pending
[2019.06.17-11.35.53:286][  0]LogPakFile: Registered encryption key '00000000000000000000000000000000': 0 pak files mounted, 0 remain pending
[2019.06.17-11.35.53:289][  0]LogPakFile: Registered encryption key '00000000000000000000000000000000': 0 pak files mounted, 0 remain pending
[2019.06.17-11.35.53:291][  0]LogPakFile: Registered encryption key '00000000000000000000000000000000': 0 pak files mounted, 0 remain pending
[2019.06.17-11.35.53:302][  0]LogPakFile: Registered encryption key '00000000000000000000000000000000': 0 pak files mounted, 0 remain pending
[2019.06.17-11.35.53:304][  0]LogPakFile: Registered encryption key '00000000000000000000000000000000': 0 pak files mounted, 0 remain pending
[2019.06.17-11.35.53:325][  0]LogPakFile: Registered encryption key '00000000000000000000000000000000': 0 pak files mounted, 0 remain pending
[2019.06.17-11.35.53:327][  0]LogPakFile: Registered encryption key '00000000000000000000000000000000': 0 pak files mounted, 0 remain pending
[2019.06.17-11.35.53:329][  0]LogPakFile: Registered encryption key '00000000000000000000000000000000': 0 pak files mounted, 0 remain pending
[2019.06.17-11.35.53:357][  0]LogPakFile: Registered encryption key '00000000000000000000000000000000': 0 pak files mounted, 0 remain pending
[2019.06.17-11.35.53:366][  0]LogPakFile: Registered encryption key '00000000000000000000000000000000': 0 pak files mounted, 0 remain pending
[2019.06.17-11.35.53:367][  0]LogPakFile: Registered encryption key '00000000000000000000000000000000': 0 pak files mounted, 0 remain pending
[2019.06.17-11.35.53:369][  0]LogPakFile: Registered encryption key '00000000000000000000000000000000': 0 pak files mounted, 0 remain pending
[2019.06.17-11.35.53:378][  0]LogPakFile: Registered encryption key '00000000000000000000000000000000': 0 pak files mounted, 0 remain pending
[2019.06.17-11.35.53:386][  0]LogPakFile: Registered encryption key '00000000000000000000000000000000': 0 pak files mounted, 0 remain pending
[2019.06.17-11.35.53:398][  0]LogPakFile: Registered encryption key '00000000000000000000000000000000': 0 pak files mounted, 0 remain pending
[2019.06.17-11.35.53:406][  0]LogPakFile: Registered encryption key '00000000000000000000000000000000': 0 pak files mounted, 0 remain pending
[2019.06.17-11.35.53:430][  0]LogPakFile: Registered encryption key '00000000000000000000000000000000': 0 pak files mounted, 0 remain pending
[2019.06.17-11.35.53:452][  0]LogPakFile: Registered encryption key '00000000000000000000000000000000': 0 pak files mounted, 0 remain pending
[2019.06.17-11.35.53:469][  0]LogPakFile: Registered encryption key '00000000000000000000000000000000': 0 pak files mounted, 0 remain pending
[2019.06.17-11.35.53:474][  0]LogPakFile: Registered encryption key '00000000000000000000000000000000': 0 pak files mounted, 0 remain pending
[2019.06.17-11.35.54:277][  0]LogContentBrowser: Native class hierarchy updated for 'AddContentDialog' in 0.0002 seconds. Added 0 classes and 0 folders.
[2019.06.17-11.35.54:345][  0]LogContentBrowser: Native class hierarchy updated for 'SceneOutliner' in 0.0003 seconds. Added 1 classes and 2 folders.
[2019.06.17-11.35.55:519][  0]LogSlate: Took 0.015387 seconds to synchronously load lazily loaded font '../../../Engine/Content/Slate/Fonts/Roboto-Regular.ttf' (155K)
[2019.06.17-11.35.55:565][  0]LogSlate: Took 0.030349 seconds to synchronously load lazily loaded font '../../../Engine/Content/Slate/Fonts/Roboto-Bold.ttf' (160K)
[2019.06.17-11.35.55:633][  0]LogSlate: Took 0.019349 seconds to synchronously load lazily loaded font '../../../Engine/Content/Editor/Slate/Fonts/FontAwesome.ttf' (139K)
[2019.06.17-11.35.56:256][  0]LogRenderer: Reallocating scene render targets to support 1036x600 Format 10 NumSamples 1 (Frame:1).
[2019.06.17-11.35.57:379][  0]LogContentBrowser: Native class hierarchy updated for 'HierarchicalLODOutliner' in 0.0002 seconds. Added 0 classes and 0 folders.
[2019.06.17-11.35.57:379][  0]LogLoad: (Engine Initialization) Total time: 81.88 seconds
[2019.06.17-11.35.57:379][  0]LogLoad: (Engine Initialization) Total Blueprint compile time: 0.00 seconds
[2019.06.17-11.35.58:248][  0]LogContentStreaming: Texture pool size now 1000 MB
[2019.06.17-11.35.58:995][  2]LogSlate: Took 0.022598 seconds to synchronously load lazily loaded font '../../../Engine/Content/Slate/Fonts/Roboto-Light.ttf' (167K)
[2019.06.17-11.35.59:132][  3]LogAssetRegistry: Asset discovery search completed in 58.5189 seconds
[2019.06.17-11.35.59:146][  3]LogCollectionManager: Rebuilt the object cache for 0 collections in 0.000001 seconds (found 0 objects)
[2019.06.17-11.35.59:146][  3]LogCollectionManager: Fixed up redirectors for 0 collections in 0.007230 seconds (updated 0 objects)
[2019.06.17-11.36.04:871][286]LogSlate: FSceneViewport::OnFocusLost() reason 0
[2019.06.17-11.36.04:949][293]LogLinker: Warning: Asset 'C:/Users/Kyle Richardson/Documents/GitHub/farmdefense/FarmDefense/Content/TopDownBP/Blueprints/Asset_BP/DGameMode.uasset' has been saved with engine version newer than current and therefore can't be loaded. CurrEngineVersion: 4.21.2-4753647+++UE4+Release-4.21 AssetEngineVersion: 4.22.0-5660361+++UE4+Release-4.22
[2019.06.17-11.36.04:950][293]LogLinker: Warning: Asset 'C:/Users/Kyle Richardson/Documents/GitHub/farmdefense/FarmDefense/Content/TopDownBP/Blueprints/Asset_BP/FucntionLibrary.uasset' has been saved with engine version newer than current and therefore can't be loaded. CurrEngineVersion: 4.21.2-4753647+++UE4+Release-4.21 AssetEngineVersion: 4.22.0-5660361+++UE4+Release-4.22
[2019.06.17-11.36.04:950][293]LogLinker: Warning: Can't resolve asset name
[2019.06.17-11.36.04:951][293]LogLinker: Warning: Asset 'C:/Users/Kyle Richardson/Documents/GitHub/farmdefense/FarmDefense/Content/TopDownBP/Blueprints/Asset_BP/GameManager.uasset' has been saved with engine version newer than current and therefore can't be loaded. CurrEngineVersion: 4.21.2-4753647+++UE4+Release-4.21 AssetEngineVersion: 4.22.0-5660361+++UE4+Release-4.22
[2019.06.17-11.36.08:561][720]LogSlate: FSceneViewport::OnFocusLost() reason 0
[2019.06.17-11.36.14:967][468]LogEditorViewport: Clicking on Actor (LMB): StaticMeshActor (Cube34)
[2019.06.17-11.36.21:774][ 41]LogSlate: FSceneViewport::OnFocusLost() reason 0
[2019.06.17-11.36.21:857][ 51]LogTemp: Repeating last play command: Selected Viewport
[2019.06.17-11.36.21:907][ 51]LogBlueprintUserMessages: Early PlayInEditor Detection: Level '/Game/TopDownBP/Maps/TopDownExampleMap.TopDownExampleMap:PersistentLevel' has LevelScriptBlueprint '/Game/TopDownBP/Maps/TopDownExampleMap.TopDownExampleMap:PersistentLevel.TopDownExampleMap' with GeneratedClass '/Game/TopDownBP/Maps/TopDownExampleMap.TopDownExampleMap_C' with ClassGeneratedBy '/Game/TopDownBP/Maps/TopDownExampleMap.TopDownExampleMap:PersistentLevel.TopDownExampleMap'
[2019.06.17-11.36.21:948][ 51]LogPlayLevel: PlayLevel: No blueprints needed recompiling
[2019.06.17-11.36.22:032][ 51]PIE: New page: PIE session: TopDownExampleMap (18 Jun 2019 3:36:21 am)
[2019.06.17-11.36.22:134][ 51]LogPlayLevel: Creating play world package: /Game/TopDownBP/Maps/UEDPIE_0_TopDownExampleMap
[2019.06.17-11.36.22:226][ 51]LogPlayLevel: PIE: StaticDuplicateObject took: (0.091285s)
[2019.06.17-11.36.22:227][ 51]LogAIModule: Creating AISystem for world TopDownExampleMap
[2019.06.17-11.36.22:243][ 51]LogPlayLevel: PIE: World Init took: (0.017174s)
[2019.06.17-11.36.22:244][ 51]LogPlayLevel: PIE: Created PIE world by copying editor world from /Game/TopDownBP/Maps/TopDownExampleMap.TopDownExampleMap to /Game/TopDownBP/Maps/UEDPIE_0_TopDownExampleMap.TopDownExampleMap (0.109161s)
[2019.06.17-11.36.22:327][ 51]LogInit: XAudio2 using 'Speakers / Headphones (2- Plantronics HD1)' : 6 channels at 48 kHz using 24 bits per sample (channel mask 0x3f)
[2019.06.17-11.36.22:345][ 51]LogInit: FAudioDevice initialized.
[2019.06.17-11.36.22:441][ 51]LogLoad: Game class is 'TopDownGameMode_C'
[2019.06.17-11.36.22:601][ 51]LogWorld: Bringing World /Game/TopDownBP/Maps/UEDPIE_0_TopDownExampleMap.TopDownExampleMap up for play (max tick rate 0) at 2019.06.17-19.36.22
[2019.06.17-11.36.22:665][ 51]LogWorld: Bringing up level for play took: 0.092303
[2019.06.17-11.36.22:874][ 51]LogContentBrowser: Native class hierarchy updated for 'MovieSceneCapture' in 0.0139 seconds. Added 20 classes and 0 folders.
[2019.06.17-11.36.22:935][ 51]PIE: Play in editor start time for /Game/TopDownBP/Maps/UEDPIE_0_TopDownExampleMap 1.572
[2019.06.17-11.36.22:936][ 51]LogBlueprintUserMessages: Late PlayInEditor Detection: Level '/Game/TopDownBP/Maps/TopDownExampleMap.TopDownExampleMap:PersistentLevel' has LevelScriptBlueprint '/Game/TopDownBP/Maps/TopDownExampleMap.TopDownExampleMap:PersistentLevel.TopDownExampleMap' with GeneratedClass '/Game/TopDownBP/Maps/TopDownExampleMap.TopDownExampleMap_C' with ClassGeneratedBy '/Game/TopDownBP/Maps/TopDownExampleMap.TopDownExampleMap:PersistentLevel.TopDownExampleMap'
[2019.06.17-11.36.26:309][389]LogSlate: FSceneViewport::OnFocusLost() reason 0
[2019.06.17-11.36.26:350][391]LogRenderer: Reallocating scene render targets to support 1036x604 Format 10 NumSamples 1 (Frame:340).
[2019.06.17-11.36.26:481][392]LogRenderer: Reallocating scene render targets to support 1036x608 Format 10 NumSamples 1 (Frame:341).
[2019.06.17-11.36.49:710][171]LogSlate: FSceneViewport::OnFocusLost() reason 0
[2019.06.17-11.36.49:777][178]LogBlueprintUserMessages: Early EndPlayMap Detection: Level '/Game/TopDownBP/Maps/TopDownExampleMap.TopDownExampleMap:PersistentLevel' has LevelScriptBlueprint '/Game/TopDownBP/Maps/TopDownExampleMap.TopDownExampleMap:PersistentLevel.TopDownExampleMap' with GeneratedClass '/Game/TopDownBP/Maps/TopDownExampleMap.TopDownExampleMap_C' with ClassGeneratedBy '/Game/TopDownBP/Maps/TopDownExampleMap.TopDownExampleMap:PersistentLevel.TopDownExampleMap'
[2019.06.17-11.36.49:846][178]LogSlate: Updating window title bar state: overlay mode, drag disabled, window buttons hidden, title bar hidden
[2019.06.17-11.36.50:174][178]LogPlayLevel: Display: Shutting down PIE online subsystems
[2019.06.17-11.36.50:176][178]LogBlueprintUserMessages: Late EndPlayMap Detection: Level '/Game/TopDownBP/Maps/TopDownExampleMap.TopDownExampleMap:PersistentLevel' has LevelScriptBlueprint '/Game/TopDownBP/Maps/TopDownExampleMap.TopDownExampleMap:PersistentLevel.TopDownExampleMap' with GeneratedClass '/Game/TopDownBP/Maps/TopDownExampleMap.TopDownExampleMap_C' with ClassGeneratedBy '/Game/TopDownBP/Maps/TopDownExampleMap.TopDownExampleMap:PersistentLevel.TopDownExampleMap'
[2019.06.17-11.36.50:306][178]LogSlate: Updating window title bar state: overlay mode, drag disabled, window buttons hidden, title bar hidden
[2019.06.17-11.36.50:447][179]LogPlayLevel: Display: Destroying online subsystem :Context_3
[2019.06.17-11.36.51:494][303]LogEditorViewport: Clicking on Actor (LMB): StaticMeshActor (Cube30)
[2019.06.17-11.36.53:887][564]LogEditorViewport: Clicking on Actor (context menu): StaticMeshActor (Cube30)
[2019.06.17-11.36.54:167][564]LogSlate: FSceneViewport::OnFocusLost() reason 2
[2019.06.17-11.36.57:955][975]Cmd: DUPLICATE
[2019.06.17-11.36.57:955][975]Cmd: ACTOR DUPLICATE
[2019.06.17-11.37.09:375][236]LogSlate: FSceneViewport::OnFocusLost() reason 0
[2019.06.17-11.39.33:487][918]LogSlate: FSceneViewport::OnFocusLost() reason 2
[2019.06.17-11.39.34:939][974]LogSavePackage: Moving 'C:/Users/Kyle Richardson/Documents/GitHub/farmdefense/FarmDefense/Saved/TopDownExampleMapAD69CE724268B336483C629527F092F1.tmp' to 'C:/Users/Kyle Richardson/Documents/GitHub/farmdefense/FarmDefense/Content/TopDownBP/Maps/TopDownExampleMap.umap'
[2019.06.17-11.39.36:275][106]LogSlate: FSceneViewport::OnFocusLost() reason 0
[2019.06.17-11.39.36:530][119]LogSlate: Window 'FarmDefense - Unreal Editor' being destroyed
[2019.06.17-11.39.36:546][119]LogWindowsTextInputMethodSystem: Display: IME system now deactivated.
[2019.06.17-11.39.37:126][120]Cmd: QUIT_EDITOR
[2019.06.17-11.39.38:244][120]LogExit: Preparing to exit.
[2019.06.17-11.39.39:549][120]LogExit: Editor shut down
[2019.06.17-11.39.39:550][120]LogExit: Transaction tracking system shut down
[2019.06.17-11.39.41:319][120]LogExit: Object subsystem successfully closed.
[2019.06.17-11.39.41:517][120]LogShaderCompilers: Display: Shaders left to compile 0
[2019.06.17-11.39.41:577][120]LogD3D11RHI: Shutdown
[2019.06.17-11.39.41:577][120]LogD3D11RHI: CleanupD3DDevice
[2019.06.17-11.39.41:701][120]LogD3D11RHI: ~FD3D11DynamicRHI
[2019.06.17-11.39.43:073][120]LogModuleManager: Shutting down and abandoning module MovieSceneCapture (626)
[2019.06.17-11.39.43:073][120]LogModuleManager: Shutting down and abandoning module Voice (624)
[2019.06.17-11.39.43:088][120]LogModuleManager: Shutting down and abandoning module HierarchicalLODOutliner (622)
[2019.06.17-11.39.43:088][120]LogModuleManager: Shutting down and abandoning module SceneOutliner (620)
[2019.06.17-11.39.43:103][120]LogModuleManager: Shutting down and abandoning module AddContentDialog (618)
[2019.06.17-11.39.43:122][120]LogModuleManager: Shutting down and abandoning module WidgetCarousel (617)
[2019.06.17-11.39.43:122][120]LogModuleManager: Shutting down and abandoning module EditorWidgets (614)
[2019.06.17-11.39.43:122][120]LogModuleManager: Shutting down and abandoning module CollectionManager (612)
[2019.06.17-11.39.43:134][120]LogModuleManager: Shutting down and abandoning module StatsViewer (610)
[2019.06.17-11.39.43:140][120]LogModuleManager: Shutting down and abandoning module FoliageEdit (608)
[2019.06.17-11.39.43:153][120]LogModuleManager: Shutting down and abandoning module LandscapeEditor (606)
[2019.06.17-11.39.43:200][120]LogModuleManager: Shutting down and abandoning module MeshPaintMode (604)
[2019.06.17-11.39.43:212][120]LogModuleManager: Shutting down and abandoning module SceneDepthPickerMode (602)
[2019.06.17-11.39.43:214][120]LogModuleManager: Shutting down and abandoning module ActorPickerMode (600)
[2019.06.17-11.39.43:214][120]LogModuleManager: Shutting down and abandoning module GeometryMode (598)
[2019.06.17-11.39.43:214][120]LogModuleManager: Shutting down and abandoning module TextureAlignMode (596)
[2019.06.17-11.39.43:214][120]LogModuleManager: Shutting down and abandoning module BspMode (594)
[2019.06.17-11.39.43:214][120]LogModuleManager: Shutting down and abandoning module PIEPreviewDeviceProfileSelector (592)
[2019.06.17-11.39.43:240][120]LogModuleManager: Shutting down and abandoning module SequenceRecorderSections (590)
[2019.06.17-11.39.43:256][120]LogModuleManager: Shutting down and abandoning module AutomationWorker (588)
[2019.06.17-11.39.43:256][120]LogModuleManager: Shutting down and abandoning module AudioCaptureEditor (586)
[2019.06.17-11.39.43:256][120]LogModuleManager: Shutting down and abandoning module MatineeToLevelSequence (584)
[2019.06.17-11.39.43:256][120]LogModuleManager: Shutting down and abandoning module LevelSequenceEditor (582)
[2019.06.17-11.39.43:297][120]LogModuleManager: Shutting down and abandoning module PlacementMode (581)
[2019.06.17-11.39.43:297][120]LogModuleManager: Shutting down and abandoning module MaterialEditor (580)
[2019.06.17-11.39.43:326][120]LogModuleManager: Shutting down and abandoning module WmfMediaFactory (576)
[2019.06.17-11.39.43:326][120]LogModuleManager: Shutting down and abandoning module WmfMediaEditor (574)
[2019.06.17-11.39.43:326][120]LogModuleManager: Shutting down and abandoning module WebMMediaFactory (572)
[2019.06.17-11.39.43:326][120]LogModuleManager: Shutting down and abandoning module WebMMediaEditor (570)
[2019.06.17-11.39.43:326][120]LogModuleManager: Shutting down and abandoning module WebMMedia (568)
[2019.06.17-11.39.43:340][120]LogModuleManager: Shutting down and abandoning module MediaPlayerEditor (566)
[2019.06.17-11.39.43:357][120]LogModuleManager: Shutting down and abandoning module MediaCompositingEditor (564)
[2019.06.17-11.39.43:389][120]LogModuleManager: Shutting down and abandoning module SequenceRecorder (563)
[2019.06.17-11.39.43:390][120]LogModuleManager: Shutting down and abandoning module OpenExrWrapper (560)
[2019.06.17-11.39.43:390][120]LogModuleManager: Shutting down and abandoning module ImgMediaFactory (558)
[2019.06.17-11.39.43:390][120]LogModuleManager: Shutting down and abandoning module ImgMediaEditor (556)
[2019.06.17-11.39.43:390][120]LogModuleManager: Shutting down and abandoning module AvfMediaFactory (554)
[2019.06.17-11.39.43:390][120]LogModuleManager: Shutting down and abandoning module AvfMediaEditor (552)
[2019.06.17-11.39.43:390][120]LogModuleManager: Shutting down and abandoning module AndroidMediaFactory (550)
[2019.06.17-11.39.43:390][120]LogModuleManager: Shutting down and abandoning module AndroidMediaEditor (548)
[2019.06.17-11.39.43:390][120]LogModuleManager: Shutting down and abandoning module MagicLeapCameraPreviewFactory (546)
[2019.06.17-11.39.43:390][120]LogModuleManager: Shutting down and abandoning module MagicLeapMediaFactory (544)
[2019.06.17-11.39.43:390][120]LogModuleManager: Shutting down and abandoning module MagicLeapMediaEditor (542)
[2019.06.17-11.39.43:390][120]LogModuleManager: Shutting down and abandoning module CharacterAI (540)
[2019.06.17-11.39.43:390][120]LogModuleManager: Shutting down and abandoning module SmartSnapping (538)
[2019.06.17-11.39.43:390][120]LogModuleManager: Shutting down and abandoning module SessionServices (536)
[2019.06.17-11.39.43:390][120]LogModuleManager: Shutting down and abandoning module ViewportSnapping (534)
[2019.06.17-11.39.43:390][120]LogModuleManager: Shutting down and abandoning module ViewportInteraction (532)
[2019.06.17-11.39.43:390][120]LogModuleManager: Shutting down and abandoning module ClothPainter (530)
[2019.06.17-11.39.43:414][120]LogModuleManager: Shutting down and abandoning module SkeletalMeshEditor (529)
[2019.06.17-11.39.43:427][120]LogModuleManager: Shutting down and abandoning module LogVisualizer (526)
[2019.06.17-11.39.43:438][120]LogModuleManager: Shutting down and abandoning module IntroTutorials (524)
[2019.06.17-11.39.43:472][120]LogModuleManager: Shutting down and abandoning module GameProjectGeneration (523)
[2019.06.17-11.39.43:494][120]LogModuleManager: Shutting down and abandoning module LuminPlatformEditor (520)
[2019.06.17-11.39.43:494][120]LogModuleManager: Shutting down and abandoning module IOSPlatformEditor (518)
[2019.06.17-11.39.43:494][120]LogModuleManager: Shutting down and abandoning module HTML5PlatformEditor (516)
[2019.06.17-11.39.43:494][120]LogModuleManager: Shutting down and abandoning module AndroidPlatformEditor (514)
[2019.06.17-11.39.43:494][120]LogModuleManager: Shutting down and abandoning module AndroidDeviceDetection (513)
[2019.06.17-11.39.43:702][120]LogModuleManager: Shutting down and abandoning module WindowsPlatformEditor (510)
[2019.06.17-11.39.43:702][120]LogModuleManager: Shutting down and abandoning module LuminRuntimeSettings (508)
[2019.06.17-11.39.43:702][120]LogModuleManager: Shutting down and abandoning module IOSRuntimeSettings (506)
[2019.06.17-11.39.43:702][120]LogModuleManager: Shutting down and abandoning module AndroidRuntimeSettings (504)
[2019.06.17-11.39.43:702][120]LogModuleManager: Shutting down and abandoning module TimeManagementEditor (502)
[2019.06.17-11.39.43:702][120]LogModuleManager: Shutting down and abandoning module InputBindingEditor (500)
[2019.06.17-11.39.43:718][120]LogModuleManager: Shutting down and abandoning module MergeActors (498)
[2019.06.17-11.39.43:733][120]LogModuleManager: Shutting down and abandoning module LocalizationDashboard (496)
[2019.06.17-11.39.43:752][120]LogModuleManager: Shutting down and abandoning module LocalizationService (495)
[2019.06.17-11.39.43:763][120]LogModuleManager: Shutting down and abandoning module HardwareTargeting (492)
[2019.06.17-11.39.43:763][120]LogModuleManager: Shutting down and abandoning module DeviceProfileEditor (490)
[2019.06.17-11.39.43:770][120]LogModuleManager: Shutting down and abandoning module UndoHistory (488)
[2019.06.17-11.39.43:780][120]LogModuleManager: Shutting down and abandoning module XmlParser (486)
[2019.06.17-11.39.43:780][120]LogModuleManager: Shutting down and abandoning module Blutility (484)
[2019.06.17-11.39.43:780][120]LogModuleManager: Shutting down and abandoning module ProjectSettingsViewer (482)
[2019.06.17-11.39.43:781][120]LogModuleManager: Shutting down and abandoning module ProjectTargetPlatformEditor (481)
[2019.06.17-11.39.43:781][120]LogModuleManager: Shutting down and abandoning module EditorSettingsViewer (478)
[2019.06.17-11.39.43:781][120]LogModuleManager: Shutting down and abandoning module SettingsEditor (476)
[2019.06.17-11.39.43:788][120]LogModuleManager: Shutting down and abandoning module ProjectLauncher (474)
[2019.06.17-11.39.43:802][120]LogModuleManager: Shutting down and abandoning module SessionFrontend (472)
[2019.06.17-11.39.43:815][120]LogModuleManager: Shutting down and abandoning module ProfilerClient (470)
[2019.06.17-11.39.43:821][120]LogModuleManager: Shutting down and abandoning module DeviceManager (468)
[2019.06.17-11.39.43:831][120]LogModuleManager: Shutting down and abandoning module TargetDeviceServices (467)
[2019.06.17-11.39.43:886][120]LogModuleManager: Shutting down and abandoning module AutomationController (464)
[2019.06.17-11.39.43:895][120]LogModuleManager: Shutting down and abandoning module AutomationWindow (462)
[2019.06.17-11.39.43:902][120]LogModuleManager: Shutting down and abandoning module Layers (460)
[2019.06.17-11.39.43:910][120]LogModuleManager: Shutting down and abandoning module ComponentVisualizers (458)
[2019.06.17-11.39.43:910][120]LogModuleManager: Shutting down and abandoning module DetailCustomizations (456)
[2019.06.17-11.39.43:926][120]LogModuleManager: Shutting down and abandoning module PackagesDialog (454)
[2019.06.17-11.39.43:926][120]LogModuleManager: Shutting down and abandoning module Persona (452)
[2019.06.17-11.39.43:949][120]LogModuleManager: Shutting down and abandoning module AdvancedPreviewScene (451)
[2019.06.17-11.39.43:949][120]LogModuleManager: Shutting down and abandoning module AnimGraph (449)
[2019.06.17-11.39.43:949][120]LogModuleManager: Shutting down and abandoning module Kismet (446)
[2019.06.17-11.39.43:982][120]LogModuleManager: Shutting down and abandoning module GraphEditor (444)
[2019.06.17-11.39.44:003][120]LogModuleManager: Shutting down and abandoning module ClassViewer (442)
[2019.06.17-11.39.44:003][120]LogModuleManager: Shutting down and abandoning module Toolbox (440)
[2019.06.17-11.39.44:003][120]LogModuleManager: Shutting down and abandoning module ModuleUI (438)
[2019.06.17-11.39.44:018][120]LogModuleManager: Shutting down and abandoning module MovieSceneTools (436)
[2019.06.17-11.39.44:018][120]LogModuleManager: Shutting down and abandoning module OutputLog (434)
[2019.06.17-11.39.44:018][120]LogModuleManager: Shutting down and abandoning module GammaUI (432)
[2019.06.17-11.39.44:034][120]LogModuleManager: Shutting down and abandoning module Documentation (430)
[2019.06.17-11.39.44:034][120]LogModuleManager: Shutting down and abandoning module MovieSceneTracks (428)
[2019.06.17-11.39.44:034][120]LogModuleManager: Shutting down and abandoning module MovieScene (426)
[2019.06.17-11.39.44:053][120]LogModuleManager: Shutting down and abandoning module StreamingPauseRendering (424)
[2019.06.17-11.39.44:069][120]LogModuleManager: Shutting down and abandoning module LauncherPlatform (422)
[2019.06.17-11.39.44:069][120]LogModuleManager: Shutting down and abandoning module AnalyticsET (420)
[2019.06.17-11.39.44:069][120]LogModuleManager: Shutting down and abandoning module PortalServices (418)
[2019.06.17-11.39.44:069][120]LogModuleManager: Shutting down and abandoning module PortalRpc (416)
[2019.06.17-11.39.44:069][120]LogModuleManager: Shutting down and abandoning module MessagingRpc (414)
[2019.06.17-11.39.44:069][120]LogModuleManager: Shutting down and abandoning module AIModule (412)
[2019.06.17-11.39.44:099][120]LogModuleManager: Shutting down and abandoning module GameplayDebugger (411)
[2019.06.17-11.39.44:100][120]LogModuleManager: Shutting down and abandoning module AITestSuite (409)
[2019.06.17-11.39.44:102][120]LogModuleManager: Shutting down and abandoning module NavigationSystem (407)
[2019.06.17-11.39.44:102][120]LogModuleManager: Shutting down and abandoning module DesktopPlatform (404)
[2019.06.17-11.39.44:110][120]LogModuleManager: Shutting down and abandoning module ImageWriteQueue (402)
[2019.06.17-11.39.44:117][120]LogModuleManager: Shutting down and abandoning module ProfilerService (400)
[2019.06.17-11.39.44:325][120]LogModuleManager: Shutting down and abandoning module TaskGraph (398)
[2019.06.17-11.39.44:340][120]LogModuleManager: Shutting down and abandoning module SteamVRController (396)
[2019.06.17-11.39.44:340][120]LogModuleManager: Shutting down and abandoning module ProceduralMeshComponentEditor (394)
[2019.06.17-11.39.44:340][120]LogModuleManager: Shutting down and abandoning module ProceduralMeshComponent (392)
[2019.06.17-11.39.44:352][120]LogModuleManager: Shutting down and abandoning module OculusInput (390)
[2019.06.17-11.39.44:352][120]LogModuleManager: Shutting down and abandoning module MobilePatchingUtils (388)
[2019.06.17-11.39.44:352][120]LogModuleManager: Shutting down and abandoning module EditableMesh (386)
[2019.06.17-11.39.44:352][120]LogModuleManager: Shutting down and abandoning module CustomMeshComponent (384)
[2019.06.17-11.39.44:352][120]LogModuleManager: Shutting down and abandoning module CableComponent (382)
[2019.06.17-11.39.44:355][120]LogModuleManager: Shutting down and abandoning module AudioCapture (380)
[2019.06.17-11.39.44:356][120]LogModuleManager: Shutting down and abandoning module ArchVisCharacter (378)
[2019.06.17-11.39.44:356][120]LogModuleManager: Shutting down and abandoning module AndroidPermission (376)
[2019.06.17-11.39.44:356][120]LogModuleManager: Shutting down and abandoning module NUTUnrealEngine4 (374)
[2019.06.17-11.39.44:366][120]LogModuleManager: Shutting down and abandoning module NetcodeUnitTest (372)
[2019.06.17-11.39.44:378][120]LogModuleManager: Shutting down and abandoning module MediaCompositing (370)
[2019.06.17-11.39.44:378][120]LogModuleManager: Shutting down and abandoning module LinearTimecode (368)
[2019.06.17-11.39.44:378][120]LogModuleManager: Shutting down and abandoning module ImgMedia (366)
[2019.06.17-11.39.44:387][120]LogModuleManager: Shutting down and abandoning module HTML5Networking (364)
[2019.06.17-11.39.44:387][120]LogModuleManager: Shutting down and abandoning module GeometryCacheTracks (362)
[2019.06.17-11.39.44:387][120]LogModuleManager: Shutting down and abandoning module GeometryCacheSequencer (360)
[2019.06.17-11.39.44:387][120]LogModuleManager: Shutting down and abandoning module BackChannel (358)
[2019.06.17-11.39.44:402][120]LogModuleManager: Shutting down and abandoning module AppleVision (356)
[2019.06.17-11.39.44:402][120]LogModuleManager: Shutting down and abandoning module AppleImageUtilsBlueprintSupport (354)
[2019.06.17-11.39.44:402][120]LogModuleManager: Shutting down and abandoning module AppleImageUtils (352)
[2019.06.17-11.39.44:402][120]LogModuleManager: Shutting down and abandoning module AlembicImporter (350)
[2019.06.17-11.39.44:402][120]LogModuleManager: Shutting down and abandoning module AlembicLibrary (349)
[2019.06.17-11.39.44:402][120]LogModuleManager: Shutting down and abandoning module GeometryCache (348)
[2019.06.17-11.39.44:402][120]LogModuleManager: Shutting down and abandoning module GeometryCacheEd (347)
[2019.06.17-11.39.44:402][120]LogModuleManager: Shutting down and abandoning module VariantManagerContent (342)
[2019.06.17-11.39.44:402][120]LogModuleManager: Shutting down and abandoning module DatasmithContentEditor (340)
[2019.06.17-11.39.44:411][120]LogModuleManager: Shutting down and abandoning module SpeedTreeImporter (338)
[2019.06.17-11.39.44:411][120]LogModuleManager: Shutting down and abandoning module PluginBrowser (336)
[2019.06.17-11.39.44:431][120]LogModuleManager: Shutting down and abandoning module MobileLauncherProfileWizard (334)
[2019.06.17-11.39.44:440][120]LogModuleManager: Shutting down and abandoning module PolygonModeling (332)
[2019.06.17-11.39.44:440][120]LogModuleManager: Shutting down and abandoning module MeshEditor (330)
[2019.06.17-11.39.44:450][120]LogModuleManager: Shutting down and abandoning module CryptoKeysOpenSSL (328)
[2019.06.17-11.39.44:453][120]LogModuleManager: Shutting down and abandoning module CryptoKeys (326)
[2019.06.17-11.39.44:453][120]LogModuleManager: Shutting down and abandoning module VisualStudioSourceCodeAccess (324)
[2019.06.17-11.39.44:453][120]LogModuleManager: Shutting down and abandoning module VisualStudioCodeSourceCodeAccess (322)
[2019.06.17-11.39.44:453][120]LogModuleManager: Shutting down and abandoning module UObjectPlugin (320)
[2019.06.17-11.39.44:453][120]LogModuleManager: Shutting down and abandoning module SubversionSourceControl (318)
[2019.06.17-11.39.44:464][120]LogModuleManager: Shutting down and abandoning module PerforceSourceControl (316)
[2019.06.17-11.39.44:492][120]LogModuleManager: Shutting down and abandoning module GitSourceControl (314)
[2019.06.17-11.39.44:509][120]LogModuleManager: Shutting down and abandoning module SourceControl (313)
[2019.06.17-11.39.44:509][120]LogModuleManager: Shutting down and abandoning module CLionSourceCodeAccess (310)
[2019.06.17-11.39.44:517][120]LogModuleManager: Shutting down and abandoning module ActorLayerUtilitiesEditor (308)
[2019.06.17-11.39.44:517][120]LogModuleManager: Shutting down and abandoning module ActorLayerUtilities (306)
[2019.06.17-11.39.44:518][120]LogModuleManager: Shutting down and abandoning module LightPropagationVolumeEditor (304)
[2019.06.17-11.39.44:518][120]LogModuleManager: Shutting down and abandoning module PaperTiledImporter (302)
[2019.06.17-11.39.44:518][120]LogModuleManager: Shutting down and abandoning module PaperSpriteSheetImporter (300)
[2019.06.17-11.39.44:518][120]LogModuleManager: Shutting down and abandoning module Paper2DEditor (298)
[2019.06.17-11.39.44:538][120]LogModuleManager: Shutting down and abandoning module MeshPaint (297)
[2019.06.17-11.39.44:555][120]LogModuleManager: Shutting down and abandoning module RuntimePhysXCooking (294)
[2019.06.17-11.39.44:555][120]LogModuleManager: Shutting down and abandoning module PhysXVehiclesEditor (292)
[2019.06.17-11.39.44:555][120]LogModuleManager: Shutting down and abandoning module PhysXVehicles (290)
[2019.06.17-11.39.44:555][120]LogModuleManager: Shutting down and abandoning module OculusEditor (288)
[2019.06.17-11.39.44:573][120]LogModuleManager: Shutting down and abandoning module LocationServicesBPLibrary (286)
[2019.06.17-11.39.44:573][120]LogModuleManager: Shutting down and abandoning module ActorSequence (284)
[2019.06.17-11.39.44:573][120]LogModuleManager: Shutting down and abandoning module UdpMessaging (282)
[2019.06.17-11.39.44:675][120]LogModuleManager: Shutting down and abandoning module TcpMessaging (280)
[2019.06.17-11.39.44:784][120]LogModuleManager: Shutting down and abandoning module MagicLeapAudio (278)
[2019.06.17-11.39.44:784][120]LogModuleManager: Shutting down and abandoning module GameplayTagsEditor (276)
[2019.06.17-11.39.44:799][120]LogModuleManager: Shutting down and abandoning module FacialAnimationEditor (274)
[2019.06.17-11.39.44:799][120]LogModuleManager: Shutting down and abandoning module FacialAnimation (272)
[2019.06.17-11.39.44:799][120]LogModuleManager: Shutting down and abandoning module DataValidation (270)
[2019.06.17-11.39.44:799][120]LogModuleManager: Shutting down and abandoning module AssetManagerEditor (268)
[2019.06.17-11.39.44:812][120]LogModuleManager: Shutting down and abandoning module LevelEditor (267)
[2019.06.17-11.39.44:835][120]LogModuleManager: Shutting down and abandoning module PixelInspectorModule (266)
[2019.06.17-11.39.44:860][120]LogModuleManager: Shutting down and abandoning module CommonMenuExtensions (264)
[2019.06.17-11.39.44:860][120]LogModuleManager: Shutting down and abandoning module MainFrame (262)
[2019.06.17-11.39.44:860][120]LogModuleManager: Shutting down and abandoning module HotReload (261)
[2019.06.17-11.39.44:893][120]LogModuleManager: Shutting down and abandoning module ContentBrowser (257)
[2019.06.17-11.39.44:914][120]LogModuleManager: Shutting down and abandoning module TreeMap (255)
[2019.06.17-11.39.44:931][120]LogModuleManager: Shutting down and abandoning module LightPropagationVolumeRuntime (252)
[2019.06.17-11.39.44:931][120]LogModuleManager: Shutting down and abandoning module AISupportModule (250)
[2019.06.17-11.39.44:931][120]LogModuleManager: Shutting down and abandoning module Paper2D (248)
[2019.06.17-11.39.44:946][120]LogModuleManager: Shutting down and abandoning module WindowsMoviePlayer (246)
[2019.06.17-11.39.44:957][120]LogModuleManager: Shutting down and abandoning module WebMMoviePlayer (244)
[2019.06.17-11.39.44:957][120]LogModuleManager: Shutting down and abandoning module WmfMedia (242)
[2019.06.17-11.39.44:963][120]LogModuleManager: Shutting down and abandoning module Media (241)
[2019.06.17-11.39.44:970][120]LogModuleManager: Shutting down and abandoning module PacketHandler (238)
[2019.06.17-11.39.44:970][120]LogModuleManager: Shutting down and abandoning module ClothingSystemEditor (236)
[2019.06.17-11.39.44:970][120]LogModuleManager: Shutting down and abandoning module ClothingSystemRuntime (234)
[2019.06.17-11.39.44:992][120]LogModuleManager: Shutting down and abandoning module MediaAssets (232)
[2019.06.17-11.39.44:992][120]LogModuleManager: Shutting down and abandoning module Overlay (230)
[2019.06.17-11.39.44:992][120]LogModuleManager: Shutting down and abandoning module OverlayEditor (229)
[2019.06.17-11.39.44:992][120]LogModuleManager: Shutting down and abandoning module VREditor (226)
[2019.06.17-11.39.45:004][120]LogModuleManager: Shutting down and abandoning module StringTableEditor (224)
[2019.06.17-11.39.45:023][120]LogModuleManager: Shutting down and abandoning module GameplayTasksEditor (222)
[2019.06.17-11.39.45:023][120]LogModuleManager: Shutting down and abandoning module BehaviorTreeEditor (220)
[2019.06.17-11.39.45:050][120]LogModuleManager: Shutting down and abandoning module FunctionalTesting (218)
[2019.06.17-11.39.45:062][120]LogModuleManager: Shutting down and abandoning module CollisionAnalyzer (216)
[2019.06.17-11.39.45:069][120]LogModuleManager: Shutting down and abandoning module WorkspaceMenuStructure (215)
[2019.06.17-11.39.45:069][120]LogModuleManager: Shutting down and abandoning module UMG (212)
[2019.06.17-11.39.45:085][120]LogModuleManager: Shutting down and abandoning module UMGEditor (211)
[2019.06.17-11.39.45:111][120]LogModuleManager: Shutting down and abandoning module Sequencer (210)
[2019.06.17-11.39.45:145][120]LogModuleManager: Shutting down and abandoning module MessageLog (207)
[2019.06.17-11.39.45:157][120]LogModuleManager: Shutting down and abandoning module SlateReflector (202)
[2019.06.17-11.39.45:179][120]LogModuleManager: Shutting down and abandoning module Slate (200)
[2019.06.17-11.39.45:179][120]LogModuleManager: Shutting down and abandoning module EditorStyle (198)
[2019.06.17-11.39.45:195][120]LogModuleManager: Shutting down and abandoning module MRMesh (196)
[2019.06.17-11.39.45:206][120]LogModuleManager: Shutting down and abandoning module SourceCodeAccess (194)
[2019.06.17-11.39.45:206][120]LogModuleManager: Shutting down and abandoning module HeadMountedDisplay (192)
[2019.06.17-11.39.45:206][120]LogModuleManager: Shutting down and abandoning module XAudio2 (190)
[2019.06.17-11.39.45:206][120]LogModuleManager: Shutting down and abandoning module Networking (188)
[2019.06.17-11.39.45:207][120]LogModuleManager: Shutting down and abandoning module Core (186)
[2019.06.17-11.39.45:207][120]LogModuleManager: Shutting down and abandoning module LevelSequence (184)
[2019.06.17-11.39.45:207][120]LogModuleManager: Shutting down and abandoning module KismetCompiler (182)
[2019.06.17-11.39.45:207][120]LogModuleManager: Shutting down and abandoning module MeshUtilities (180)
[2019.06.17-11.39.45:211][120]LogModuleManager: Shutting down and abandoning module MeshMergeUtilities (179)
[2019.06.17-11.39.45:221][120]LogModuleManager: Shutting down and abandoning module MeshReductionInterface (178)
[2019.06.17-11.39.45:221][120]LogModuleManager: Shutting down and abandoning module SimplygonSwarm (177)
[2019.06.17-11.39.45:230][120]LogModuleManager: Shutting down and abandoning module ProxyLODMeshReduction (175)
[2019.06.17-11.39.45:251][120]LogModuleManager: Shutting down and abandoning module SimplygonMeshReduction (173)
[2019.06.17-11.39.45:251][120]LogModuleManager: Shutting down and abandoning module QuadricMeshReduction (171)
[2019.06.17-11.39.45:263][120]LogModuleManager: Shutting down and abandoning module MaterialBaking (167)
[2019.06.17-11.39.45:266][120]LogModuleManager: Shutting down and abandoning module DirectoryWatcher (163)
[2019.06.17-11.39.45:267][120]LogModuleManager: Shutting down and abandoning module DerivedDataCache (160)
[2019.06.17-11.39.45:315][120]LogDerivedDataCache: Shutdown
[2019.06.17-11.39.45:315][120]LogModuleManager: Shutting down and abandoning module XGEController (158)
[2019.06.17-11.39.45:320][120]LogModuleManager: Shutting down and abandoning module TargetPlatform (156)
[2019.06.17-11.39.45:320][120]LogModuleManager: Shutting down and abandoning module VulkanShaderFormat (155)
[2019.06.17-11.39.45:332][120]LogModuleManager: Shutting down and abandoning module ShaderFormatVectorVM (153)
[2019.06.17-11.39.45:338][120]LogModuleManager: Shutting down and abandoning module ShaderFormatOpenGL (151)
[2019.06.17-11.39.45:347][120]LogModuleManager: Shutting down and abandoning module ShaderFormatD3D (149)
[2019.06.17-11.39.45:350][120]LogModuleManager: Shutting down and abandoning module MetalShaderFormat (147)
[2019.06.17-11.39.45:365][120]LogModuleManager: Shutting down and abandoning module TextureFormatUncompressed (145)
[2019.06.17-11.39.45:380][120]LogModuleManager: Shutting down and abandoning module TextureFormatPVR (143)
[2019.06.17-11.39.45:380][120]LogModuleManager: Shutting down and abandoning module TextureFormatDXT (141)
[2019.06.17-11.39.45:397][120]LogModuleManager: Shutting down and abandoning module TextureFormatIntelISPCTexComp (139)
[2019.06.17-11.39.45:430][120]LogModuleManager: Shutting down and abandoning module TextureFormatASTC (137)
[2019.06.17-11.39.45:430][120]LogModuleManager: Shutting down and abandoning module ImageWrapper (136)
[2019.06.17-11.39.45:430][120]LogModuleManager: Shutting down and abandoning module TextureFormatAndroid (133)
[2019.06.17-11.39.45:430][120]LogModuleManager: Shutting down and abandoning module AudioFormatOpus (131)
[2019.06.17-11.39.45:430][120]LogModuleManager: Shutting down and abandoning module AudioFormatOgg (129)
[2019.06.17-11.39.45:430][120]LogModuleManager: Shutting down and abandoning module AudioFormatADPCM (127)
[2019.06.17-11.39.45:430][120]LogModuleManager: Shutting down and abandoning module LuminTargetPlatform (125)
[2019.06.17-11.39.45:461][120]LogModuleManager: Shutting down and abandoning module LinuxTargetPlatform (123)
[2019.06.17-11.39.45:461][120]LogModuleManager: Shutting down and abandoning module LinuxServerTargetPlatform (121)
[2019.06.17-11.39.45:461][120]LogModuleManager: Shutting down and abandoning module LinuxNoEditorTargetPlatform (119)
[2019.06.17-11.39.45:461][120]LogModuleManager: Shutting down and abandoning module LinuxClientTargetPlatform (117)
[2019.06.17-11.39.45:461][120]LogModuleManager: Shutting down and abandoning module TVOSTargetPlatform (115)
[2019.06.17-11.39.45:481][120]LogModuleManager: Shutting down and abandoning module Messaging (113)
[2019.06.17-11.39.45:481][120]LogModuleManager: Shutting down and abandoning module IOSTargetPlatform (111)
[2019.06.17-11.39.45:485][120]LogModuleManager: Shutting down and abandoning module HTML5TargetPlatform (109)
[2019.06.17-11.39.45:485][120]LogModuleManager: Shutting down and abandoning module AndroidTargetPlatform (107)
[2019.06.17-11.39.45:515][120]LogModuleManager: Shutting down and abandoning module WindowsTargetPlatform (105)
[2019.06.17-11.39.45:515][120]LogModuleManager: Shutting down and abandoning module WindowsServerTargetPlatform (103)
[2019.06.17-11.39.45:515][120]LogModuleManager: Shutting down and abandoning module WindowsNoEditorTargetPlatform (101)
[2019.06.17-11.39.45:515][120]LogModuleManager: Shutting down and abandoning module WindowsClientTargetPlatform (99)
[2019.06.17-11.39.45:515][120]LogModuleManager: Shutting down and abandoning module MacTargetPlatform (97)
[2019.06.17-11.39.45:515][120]LogModuleManager: Shutting down and abandoning module MacServerTargetPlatform (95)
[2019.06.17-11.39.45:515][120]LogModuleManager: Shutting down and abandoning module MacNoEditorTargetPlatform (93)
[2019.06.17-11.39.45:515][120]LogModuleManager: Shutting down and abandoning module MacClientTargetPlatform (91)
[2019.06.17-11.39.45:515][120]LogModuleManager: Shutting down and abandoning module AllDesktopTargetPlatform (89)
[2019.06.17-11.39.45:515][120]LogModuleManager: Shutting down and abandoning module InputCore (86)
[2019.06.17-11.39.45:515][120]LogModuleManager: Shutting down and abandoning module Settings (84)
[2019.06.17-11.39.45:515][120]LogModuleManager: Shutting down and abandoning module PhysXCooking (82)
[2019.06.17-11.39.45:515][120]LogModuleManager: Shutting down and abandoning module SteamVR (80)
[2019.06.17-11.39.45:526][120]LogHMD: Freeing OpenVRDLLHandle.
[2019.06.17-11.39.45:526][120]LogModuleManager: Shutting down and abandoning module OculusHMD (78)
[2019.06.17-11.39.45:530][120]LogModuleManager: Shutting down and abandoning module ExampleDeviceProfileSelector (76)
[2019.06.17-11.39.45:530][120]LogModuleManager: Shutting down and abandoning module LauncherChunkInstaller (74)
[2019.06.17-11.39.45:530][120]LogModuleManager: Shutting down and abandoning module OnlineBlueprintSupport (72)
[2019.06.17-11.39.45:530][120]LogModuleManager: Shutting down and abandoning module OnlineSubsystem (68)
[2019.06.17-11.39.45:536][120]LogModuleManager: Shutting down and abandoning module XMPP (63)
[2019.06.17-11.39.45:562][120]LogModuleManager: Shutting down and abandoning module WebSockets (62)
[2019.06.17-11.39.45:607][120]LogModuleManager: Shutting down and abandoning module HTTP (59)
[2019.06.17-11.39.45:607][120]LogHttp: Display: Http module shutting down, but needs to wait on 1 outstanding Http requests:
[2019.06.17-11.39.45:607][120]LogHttp: Display: 	verb=[POST] url=[https://datarouter.ol.epicgames.com/datarouter/api/v1/public/data?SessionID=%7B59E8B62F-45F4-4569-8D03-CFBD6AFA9A44%7D&AppID=UEEditor.Rocket.Release&AppVersion=4.21.2-4753647%2B%2B%2BUE4%2BRelease-4.21&UserID=dc272b6c40c218d64b7bf4a30eb8cec4%7Cf67a9579728a4fae9756f256d3c7d893%7C82a92876-c885-4dd8-9277-e975901b0f27&AppEnvironment=datacollector-binary&UploadType=eteventstream] status=Processing
[2019.06.17-11.39.45:619][120]LogModuleManager: Shutting down and abandoning module SSL (58)
[2019.06.17-11.39.45:633][120]LogModuleManager: Shutting down and abandoning module MagicLeapIdentity (54)
[2019.06.17-11.39.45:633][120]LogModuleManager: Shutting down and abandoning module MagicLeapHelperVulkan (52)
[2019.06.17-11.39.45:633][120]LogModuleManager: Shutting down and abandoning module MagicLeapHelperOpenGL (50)
[2019.06.17-11.39.45:633][120]LogModuleManager: Shutting down and abandoning module MagicLeapSecureStorage (48)
[2019.06.17-11.39.45:633][120]LogModuleManager: Shutting down and abandoning module MagicLeapHandTracking (46)
[2019.06.17-11.39.45:634][120]LogModuleManager: Shutting down and abandoning module MagicLeapEyeTracker (44)
[2019.06.17-11.39.45:634][120]LogModuleManager: Shutting down and abandoning module MagicLeapController (42)
[2019.06.17-11.39.45:634][120]LogSlate: Slate User Destroyed.  User Index 0, Is Virtual User: 0
[2019.06.17-11.39.45:634][120]LogModuleManager: Shutting down and abandoning module MagicLeap (40)
[2019.06.17-11.39.45:656][120]LogModuleManager: Shutting down and abandoning module DatasmithContent (38)
[2019.06.17-11.39.45:656][120]LogModuleManager: Shutting down and abandoning module AnimationModifiers (36)
[2019.06.17-11.39.45:679][120]LogModuleManager: Shutting down and abandoning module PropertyEditor (35)
[2019.06.17-11.39.45:689][120]LogModuleManager: Shutting down and abandoning module AudioEditor (32)
[2019.06.17-11.39.45:710][120]LogModuleManager: Shutting down and abandoning module TextureCompressor (30)
[2019.06.17-11.39.45:732][120]LogModuleManager: Shutting down and abandoning module ShaderCore (28)
[2019.06.17-11.39.45:732][120]LogModuleManager: Shutting down and abandoning module Landscape (26)
[2019.06.17-11.39.45:732][120]LogModuleManager: Shutting down and abandoning module SlateRHIRenderer (24)
[2019.06.17-11.39.45:750][120]LogModuleManager: Shutting down and abandoning module OpenGLDrv (22)
[2019.06.17-11.39.45:773][120]LogModuleManager: Shutting down and abandoning module D3D11RHI (20)
[2019.06.17-11.39.45:773][120]LogModuleManager: Shutting down and abandoning module AnimGraphRuntime (18)
[2019.06.17-11.39.45:789][120]LogModuleManager: Shutting down and abandoning module Renderer (16)
[2019.06.17-11.39.45:790][120]LogModuleManager: Shutting down and abandoning module Engine (14)
[2019.06.17-11.39.45:790][120]LogModuleManager: Shutting down and abandoning module CoreUObject (12)
[2019.06.17-11.39.45:790][120]LogModuleManager: Shutting down and abandoning module NetworkFile (10)
[2019.06.17-11.39.45:802][120]LogModuleManager: Shutting down and abandoning module CookedIterativeFile (8)
[2019.06.17-11.39.45:802][120]LogModuleManager: Shutting down and abandoning module StreamingFile (6)
[2019.06.17-11.39.45:815][120]LogModuleManager: Shutting down and abandoning module SandboxFile (4)
[2019.06.17-11.39.45:815][120]LogModuleManager: Shutting down and abandoning module PakFile (2)
[2019.06.17-11.39.45:845][120]LogExit: Exiting.
[2019.06.17-11.39.45:875][120]Log file closed, 06/17/19 19:39:45
